2024-11-01 22:43:40.961 [info] [main] Log level: Info
2024-11-01 22:43:40.962 [info] [main] Validating found git in: "git"
2024-11-01 22:43:40.962 [info] [main] Using git "2.46.1" from "git"
2024-11-01 22:43:40.962 [info] [Model][doInitialScan] Initial repository scan started
2024-11-01 22:43:40.962 [info] > git rev-parse --show-toplevel [6ms]
2024-11-01 22:43:40.965 [info] > git rev-parse --git-dir --git-common-dir [0ms]
2024-11-01 22:43:40.972 [info] [Model][openRepository] Opened repository: /home/apu/Programming/Flashcards
2024-11-01 22:43:41.002 [info] > git rev-parse --show-toplevel [21ms]
2024-11-01 22:43:41.002 [info] fatal: not a git repository (or any of the parent directories): .git
2024-11-01 22:43:41.004 [info] > git config --get commit.template [26ms]
2024-11-01 22:43:41.024 [info] > git rev-parse --show-toplevel [6ms]
2024-11-01 22:43:41.029 [info] > git for-each-ref --format=%(refname)%00%(upstream:short)%00%(objectname)%00%(upstream:track)%00%(upstream:remotename)%00%(upstream:remoteref) refs/heads/main refs/remotes/main [5ms]
2024-11-01 22:43:41.030 [info] > git rev-parse --show-toplevel [1ms]
2024-11-01 22:43:41.038 [info] > git rev-parse --show-toplevel [5ms]
2024-11-01 22:43:41.039 [info] [Model][doInitialScan] Initial repository scan completed - repositories (1), closed repositories (0), parent repositories (0), unsafe repositories (0)
2024-11-01 22:43:41.041 [info] > git status -z -uall [3ms]
2024-11-01 22:43:41.054 [info] > git for-each-ref --format=%(refname)%00%(upstream:short)%00%(objectname)%00%(upstream:track)%00%(upstream:remotename)%00%(upstream:remoteref) refs/heads/main refs/remotes/main [7ms]
2024-11-01 22:43:41.059 [info] > git config --get commit.template [6ms]
2024-11-01 22:43:41.062 [info] > git config --local branch.main.vscode-merge-base [5ms]
2024-11-01 22:43:41.096 [info] > git for-each-ref --format=%(refname)%00%(upstream:short)%00%(objectname)%00%(upstream:track)%00%(upstream:remotename)%00%(upstream:remoteref) refs/heads/origin/main refs/remotes/origin/main [29ms]
2024-11-01 22:43:41.111 [info] > git merge-base refs/heads/main refs/remotes/origin/main [12ms]
2024-11-01 22:43:41.115 [info] > git for-each-ref --format=%(refname)%00%(upstream:short)%00%(objectname)%00%(upstream:track)%00%(upstream:remotename)%00%(upstream:remoteref) refs/heads/main refs/remotes/main [21ms]
2024-11-01 22:43:41.120 [info] > git rev-list --count --left-right refs/heads/main...refs/remotes/origin/main [5ms]
2024-11-01 22:43:41.124 [info] > git status -z -uall [5ms]
2024-11-01 22:43:41.130 [info] > git for-each-ref --format=%(refname)%00%(upstream:short)%00%(objectname)%00%(upstream:track)%00%(upstream:remotename)%00%(upstream:remoteref) refs/heads/main refs/remotes/main [2ms]
2024-11-01 22:43:41.134 [info] > git diff --name-status -z --diff-filter=ADMR b079bedea847ee7540571a3c490b4104d4887302...refs/remotes/origin/main [10ms]
2024-11-01 22:43:41.135 [info] > git config --local branch.main.vscode-merge-base [1ms]
2024-11-01 22:43:41.139 [info] > git for-each-ref --format=%(refname)%00%(upstream:short)%00%(objectname)%00%(upstream:track)%00%(upstream:remotename)%00%(upstream:remoteref) refs/heads/origin/main refs/remotes/origin/main [1ms]
2024-11-01 22:43:41.521 [info] > git check-ignore -v -z --stdin [2ms]
