2024-11-01 22:43:40.207 [info] Extension host with pid 1475 started
2024-11-01 22:43:40.207 [info] Skipping acquiring lock for /home/apu/.config/Code - OSS/User/workspaceStorage/7960fb6369a9526bd9ec06fc8c273e91.
2024-11-01 22:43:40.367 [info] ExtensionService#_doActivateExtension vscode.emmet, startup: false, activationEvent: 'onLanguage'
2024-11-01 22:43:40.393 [info] ExtensionService#_doActivateExtension vscode.css-language-features, startup: false, activationEvent: 'onLanguage:css'
2024-11-01 22:43:40.756 [info] ExtensionService#_doActivateExtension vscode.git-base, startup: true, activationEvent: '*', root cause: vscode.git
2024-11-01 22:43:40.760 [info] ExtensionService#_doActivateExtension vscode.npm, startup: true, activationEvent: 'workspaceContains:package.json'
2024-11-01 22:43:40.805 [info] ExtensionService#_doActivateExtension vscode.git, startup: true, activationEvent: '*'
2024-11-01 22:43:40.888 [info] ExtensionService#_doActivateExtension vscode.github, startup: true, activationEvent: '*'
2024-11-01 22:43:40.943 [info] Eager extensions activated
2024-11-01 22:43:40.982 [info] ExtensionService#_doActivateExtension vscode.debug-auto-launch, startup: false, activationEvent: 'onStartupFinished'
2024-11-01 22:43:40.983 [info] ExtensionService#_doActivateExtension vscode.merge-conflict, startup: false, activationEvent: 'onStartupFinished'
2024-11-01 22:43:41.067 [info] ExtensionService#_doActivateExtension vscode.github-authentication, startup: false, activationEvent: 'onAuthenticationRequest:github'
2024-11-01 22:43:45.984 [info] ExtensionService#_doActivateExtension vscode.configuration-editing, startup: false, activationEvent: 'onLanguage:json'
2024-11-01 22:43:45.992 [info] ExtensionService#_doActivateExtension vscode.extension-editing, startup: false, activationEvent: 'onLanguage:json'
2024-11-01 22:43:46.003 [info] ExtensionService#_doActivateExtension vscode.json-language-features, startup: false, activationEvent: 'onLanguage:json'
2024-11-01 22:44:05.424 [info] Extension host terminating: renderer closed the MessagePort
2024-11-01 22:44:05.442 [error] Canceled: Canceled
	at new D (/usr/lib/code/out/vs/workbench/api/node/extensionHostProcess.js:151:35235)
	at y.U (/usr/lib/code/out/vs/workbench/api/node/extensionHostProcess.js:158:6005)
	at V.<computed>.F.charCodeAt.A.CharCode.DollarSign.V.<computed> (/usr/lib/code/out/vs/workbench/api/node/extensionHostProcess.js:158:3107)
	at h.g (/usr/lib/code/out/vs/workbench/api/node/extensionHostProcess.js:161:210015)
	at h.executeCommand (/usr/lib/code/out/vs/workbench/api/node/extensionHostProcess.js:161:209453)
	at C.registerCommand.description (/usr/lib/code/out/vs/workbench/api/node/extensionHostProcess.js:161:208777)
	at h (/usr/lib/code/out/vs/workbench/api/node/extensionHostProcess.js:161:210554)
	at h.g (/usr/lib/code/out/vs/workbench/api/node/extensionHostProcess.js:161:209546)
	at h.executeCommand (/usr/lib/code/out/vs/workbench/api/node/extensionHostProcess.js:161:209453)
	at Object.executeCommand (/usr/lib/code/out/vs/workbench/api/node/extensionHostProcess.js:171:30683)
	at i.O [as value] (/usr/lib/code/extensions/git/dist/main.js:2:952009)
	at r.B (/usr/lib/code/out/vs/workbench/api/node/extensionHostProcess.js:90:732)
	at r.C (/usr/lib/code/out/vs/workbench/api/node/extensionHostProcess.js:90:802)
	at r.fire (/usr/lib/code/out/vs/workbench/api/node/extensionHostProcess.js:90:1018)
	at Object.p [as dispose] (/usr/lib/code/extensions/git/dist/main.js:2:972587)
	at /usr/lib/code/extensions/git/dist/main.js:2:978709
	at Array.forEach (<anonymous>)
	at f.dispose (/usr/lib/code/extensions/git/dist/main.js:2:978695)
	at o.<anonymous> (/usr/lib/code/out/vs/workbench/api/node/extensionHostProcess.js:159:4176)
	at o.dispose (/usr/lib/code/out/vs/workbench/api/node/extensionHostProcess.js:159:4273)
	at o.<anonymous> (/usr/lib/code/extensions/git/dist/main.js:2:954307)
	at o.dispose (/usr/lib/code/out/vs/workbench/api/node/extensionHostProcess.js:159:4273)
	at $ (/usr/lib/code/out/vs/workbench/api/node/extensionHostProcess.js:30:744)
	at /usr/lib/code/out/vs/workbench/api/node/extensionHostProcess.js:167:13607
	at /usr/lib/code/out/vs/workbench/api/node/extensionHostProcess.js:30:1112
	at Object.dispose (/usr/lib/code/out/vs/workbench/api/node/extensionHostProcess.js:11:11463)
	at m.eb (/usr/lib/code/out/vs/workbench/api/node/extensionHostProcess.js:167:10282)
	at /usr/lib/code/out/vs/workbench/api/node/extensionHostProcess.js:167:8153
	at Array.map (<anonymous>)
	at m.$ (/usr/lib/code/out/vs/workbench/api/node/extensionHostProcess.js:167:8140)
	at m.terminate (/usr/lib/code/out/vs/workbench/api/node/extensionHostProcess.js:167:8413)
	at $.terminate (/usr/lib/code/out/vs/workbench/api/node/extensionHostProcess.js:171:1513)
	at n (/usr/lib/code/out/vs/workbench/api/node/extensionHostProcess.js:184:10613)
	at MessagePortMain.<anonymous> (/usr/lib/code/out/vs/workbench/api/node/extensionHostProcess.js:184:6805)
	at MessagePortMain.emit (node:events:519:28)
	at MessagePortMain._internalPort.emit (node:electron/js2c/utility_init:2:2619) setContext undefined
2024-11-01 22:44:05.444 [error] Canceled: Canceled
	at new D (/usr/lib/code/out/vs/workbench/api/node/extensionHostProcess.js:151:35235)
	at y.U (/usr/lib/code/out/vs/workbench/api/node/extensionHostProcess.js:158:6005)
	at V.<computed>.F.charCodeAt.A.CharCode.DollarSign.V.<computed> (/usr/lib/code/out/vs/workbench/api/node/extensionHostProcess.js:158:3107)
	at h.g (/usr/lib/code/out/vs/workbench/api/node/extensionHostProcess.js:161:210015)
	at h.executeCommand (/usr/lib/code/out/vs/workbench/api/node/extensionHostProcess.js:161:209453)
	at C.registerCommand.description (/usr/lib/code/out/vs/workbench/api/node/extensionHostProcess.js:161:208777)
	at h (/usr/lib/code/out/vs/workbench/api/node/extensionHostProcess.js:161:210554)
	at h.g (/usr/lib/code/out/vs/workbench/api/node/extensionHostProcess.js:161:209546)
	at h.executeCommand (/usr/lib/code/out/vs/workbench/api/node/extensionHostProcess.js:161:209453)
	at Object.executeCommand (/usr/lib/code/out/vs/workbench/api/node/extensionHostProcess.js:171:30683)
	at set hasGitHubRepositories (/usr/lib/code/extensions/github/dist/extension.js:2:322969)
	at /usr/lib/code/extensions/github/dist/extension.js:2:323928
	at i.value (/usr/lib/code/extensions/git/dist/main.js:2:1060944)
	at r.B (/usr/lib/code/out/vs/workbench/api/node/extensionHostProcess.js:90:732)
	at r.C (/usr/lib/code/out/vs/workbench/api/node/extensionHostProcess.js:90:802)
	at r.fire (/usr/lib/code/out/vs/workbench/api/node/extensionHostProcess.js:90:1018)
	at Object.p [as dispose] (/usr/lib/code/extensions/git/dist/main.js:2:972587)
	at /usr/lib/code/extensions/git/dist/main.js:2:978709
	at Array.forEach (<anonymous>)
	at f.dispose (/usr/lib/code/extensions/git/dist/main.js:2:978695)
	at o.<anonymous> (/usr/lib/code/out/vs/workbench/api/node/extensionHostProcess.js:159:4176)
	at o.dispose (/usr/lib/code/out/vs/workbench/api/node/extensionHostProcess.js:159:4273)
	at o.<anonymous> (/usr/lib/code/extensions/git/dist/main.js:2:954307)
	at o.dispose (/usr/lib/code/out/vs/workbench/api/node/extensionHostProcess.js:159:4273)
	at $ (/usr/lib/code/out/vs/workbench/api/node/extensionHostProcess.js:30:744)
	at /usr/lib/code/out/vs/workbench/api/node/extensionHostProcess.js:167:13607
	at /usr/lib/code/out/vs/workbench/api/node/extensionHostProcess.js:30:1112
	at Object.dispose (/usr/lib/code/out/vs/workbench/api/node/extensionHostProcess.js:11:11463)
	at m.eb (/usr/lib/code/out/vs/workbench/api/node/extensionHostProcess.js:167:10282)
	at /usr/lib/code/out/vs/workbench/api/node/extensionHostProcess.js:167:8153
	at Array.map (<anonymous>)
	at m.$ (/usr/lib/code/out/vs/workbench/api/node/extensionHostProcess.js:167:8140)
	at m.terminate (/usr/lib/code/out/vs/workbench/api/node/extensionHostProcess.js:167:8413)
	at $.terminate (/usr/lib/code/out/vs/workbench/api/node/extensionHostProcess.js:171:1513)
	at n (/usr/lib/code/out/vs/workbench/api/node/extensionHostProcess.js:184:10613)
	at MessagePortMain.<anonymous> (/usr/lib/code/out/vs/workbench/api/node/extensionHostProcess.js:184:6805)
	at MessagePortMain.emit (node:events:519:28)
	at MessagePortMain._internalPort.emit (node:electron/js2c/utility_init:2:2619) setContext undefined
2024-11-01 22:44:05.446 [info] Extension host with pid 1475 exiting with code 0
