2024-07-24 16:47:09.033 [info] Extension host with pid 40023 started
2024-07-24 16:47:09.080 [info] ExtensionService#_doActivateExtension vscode.git-base, startup: true, activationEvent: '*', root cause: vscode.git
2024-07-24 16:47:09.129 [info] ExtensionService#_doActivateExtension vscode.git, startup: true, activationEvent: '*'
2024-07-24 16:47:09.186 [info] ExtensionService#_doActivateExtension vscode.github, startup: true, activationEvent: '*'
2024-07-24 16:47:09.255 [info] Eager extensions activated
2024-07-24 16:47:09.287 [info] ExtensionService#_doActivateExtension vscode.debug-auto-launch, startup: false, activationEvent: 'onStartupFinished'
2024-07-24 16:47:09.292 [info] ExtensionService#_doActivateExtension vscode.merge-conflict, startup: false, activationEvent: 'onStartupFinished'
2024-07-24 16:47:27.110 [info] Extension host terminating: renderer closed the MessagePort
2024-07-24 16:47:27.116 [info] Extension host with pid 40023 exiting with code 0
2024-07-24 16:47:27.990 [info] Extension host with pid 40112 started
2024-07-24 16:47:27.990 [info] Skipping acquiring lock for /home/apu/.config/Code - OSS/User/workspaceStorage/5b870ac34fcf05cc893f478795750b3a.
2024-07-24 16:47:28.026 [info] ExtensionService#_doActivateExtension vscode.git-base, startup: true, activationEvent: '*'
2024-07-24 16:47:28.052 [info] ExtensionService#_doActivateExtension vscode.github, startup: true, activationEvent: '*'
2024-07-24 16:47:28.075 [info] Eager extensions activated
2024-07-24 16:47:28.081 [info] ExtensionService#_doActivateExtension vscode.debug-auto-launch, startup: false, activationEvent: 'onStartupFinished'
2024-07-24 16:47:28.084 [info] ExtensionService#_doActivateExtension vscode.merge-conflict, startup: false, activationEvent: 'onStartupFinished'
2024-07-24 16:47:31.381 [info] ExtensionService#_doActivateExtension vscode.git, startup: false, activationEvent: 'api', root cause: vscode.github
2024-07-24 16:47:31.559 [info] ExtensionService#_doActivateExtension vscode.emmet, startup: false, activationEvent: 'onLanguage'
2024-07-24 16:47:31.697 [info] ExtensionService#_doActivateExtension vscode.github-authentication, startup: false, activationEvent: 'onAuthenticationRequest:github'
2024-07-24 16:52:26.318 [info] ExtensionService#_doActivateExtension vscode.typescript-language-features, startup: false, activationEvent: 'onLanguage:javascriptreact'
2024-07-24 17:02:06.388 [info] Extension host terminating: renderer closed the MessagePort
2024-07-24 17:02:06.421 [error] Canceled: Canceled
	at new I (/usr/lib/code/out/vs/workbench/api/node/extensionHostProcess.js:144:34990)
	at S.U (/usr/lib/code/out/vs/workbench/api/node/extensionHostProcess.js:151:6023)
	at z.<computed>.F.charCodeAt.T.CharCode.DollarSign.z.<computed> (/usr/lib/code/out/vs/workbench/api/node/extensionHostProcess.js:151:3107)
	at f.g (/usr/lib/code/out/vs/workbench/api/node/extensionHostProcess.js:154:203861)
	at f.executeCommand (/usr/lib/code/out/vs/workbench/api/node/extensionHostProcess.js:154:203299)
	at A.registerCommand.description (/usr/lib/code/out/vs/workbench/api/node/extensionHostProcess.js:154:202623)
	at f.h (/usr/lib/code/out/vs/workbench/api/node/extensionHostProcess.js:154:204400)
	at f.g (/usr/lib/code/out/vs/workbench/api/node/extensionHostProcess.js:154:203392)
	at f.executeCommand (/usr/lib/code/out/vs/workbench/api/node/extensionHostProcess.js:154:203299)
	at Object.executeCommand (/usr/lib/code/out/vs/workbench/api/node/extensionHostProcess.js:164:23051)
	at n.O [as value] (/usr/lib/code/extensions/git/dist/main.js:2:949496)
	at r.B (/usr/lib/code/out/vs/workbench/api/node/extensionHostProcess.js:83:737)
	at r.C (/usr/lib/code/out/vs/workbench/api/node/extensionHostProcess.js:83:807)
	at r.fire (/usr/lib/code/out/vs/workbench/api/node/extensionHostProcess.js:83:1023)
	at Object.p [as dispose] (/usr/lib/code/extensions/git/dist/main.js:2:968700)
	at /usr/lib/code/extensions/git/dist/main.js:2:974738
	at Array.forEach (<anonymous>)
	at f.dispose (/usr/lib/code/extensions/git/dist/main.js:2:974724)
	at c.<anonymous> (/usr/lib/code/out/vs/workbench/api/node/extensionHostProcess.js:152:4048)
	at c.dispose (/usr/lib/code/out/vs/workbench/api/node/extensionHostProcess.js:152:4145)
	at c.<anonymous> (/usr/lib/code/extensions/git/dist/main.js:2:951753)
	at c.dispose (/usr/lib/code/out/vs/workbench/api/node/extensionHostProcess.js:152:4145)
	at d (/usr/lib/code/out/vs/workbench/api/node/extensionHostProcess.js:30:744)
	at m.eb (/usr/lib/code/out/vs/workbench/api/node/extensionHostProcess.js:160:10039)
	at /usr/lib/code/out/vs/workbench/api/node/extensionHostProcess.js:160:7915
	at Array.map (<anonymous>)
	at m.$ (/usr/lib/code/out/vs/workbench/api/node/extensionHostProcess.js:160:7902)
	at m.terminate (/usr/lib/code/out/vs/workbench/api/node/extensionHostProcess.js:160:8175)
	at d.terminate (/usr/lib/code/out/vs/workbench/api/node/extensionHostProcess.js:164:1513)
	at i (/usr/lib/code/out/vs/workbench/api/node/extensionHostProcess.js:177:10617)
	at MessagePortMain.<anonymous> (/usr/lib/code/out/vs/workbench/api/node/extensionHostProcess.js:177:6809)
	at MessagePortMain.emit (node:events:514:28)
	at MessagePortMain._internalPort.emit (node:electron/js2c/utility_init:2:2285) setContext undefined
2024-07-24 17:02:06.423 [error] Canceled: Canceled
	at new I (/usr/lib/code/out/vs/workbench/api/node/extensionHostProcess.js:144:34990)
	at S.U (/usr/lib/code/out/vs/workbench/api/node/extensionHostProcess.js:151:6023)
	at z.<computed>.F.charCodeAt.T.CharCode.DollarSign.z.<computed> (/usr/lib/code/out/vs/workbench/api/node/extensionHostProcess.js:151:3107)
	at f.g (/usr/lib/code/out/vs/workbench/api/node/extensionHostProcess.js:154:203861)
	at f.executeCommand (/usr/lib/code/out/vs/workbench/api/node/extensionHostProcess.js:154:203299)
	at A.registerCommand.description (/usr/lib/code/out/vs/workbench/api/node/extensionHostProcess.js:154:202623)
	at f.h (/usr/lib/code/out/vs/workbench/api/node/extensionHostProcess.js:154:204400)
	at f.g (/usr/lib/code/out/vs/workbench/api/node/extensionHostProcess.js:154:203392)
	at f.executeCommand (/usr/lib/code/out/vs/workbench/api/node/extensionHostProcess.js:154:203299)
	at Object.executeCommand (/usr/lib/code/out/vs/workbench/api/node/extensionHostProcess.js:164:23051)
	at set hasGitHubRepositories (/usr/lib/code/extensions/github/dist/extension.js:2:322969)
	at /usr/lib/code/extensions/github/dist/extension.js:2:323928
	at n.value (/usr/lib/code/extensions/git/dist/main.js:2:1055238)
	at r.B (/usr/lib/code/out/vs/workbench/api/node/extensionHostProcess.js:83:737)
	at r.C (/usr/lib/code/out/vs/workbench/api/node/extensionHostProcess.js:83:807)
	at r.fire (/usr/lib/code/out/vs/workbench/api/node/extensionHostProcess.js:83:1023)
	at Object.p [as dispose] (/usr/lib/code/extensions/git/dist/main.js:2:968700)
	at /usr/lib/code/extensions/git/dist/main.js:2:974738
	at Array.forEach (<anonymous>)
	at f.dispose (/usr/lib/code/extensions/git/dist/main.js:2:974724)
	at c.<anonymous> (/usr/lib/code/out/vs/workbench/api/node/extensionHostProcess.js:152:4048)
	at c.dispose (/usr/lib/code/out/vs/workbench/api/node/extensionHostProcess.js:152:4145)
	at c.<anonymous> (/usr/lib/code/extensions/git/dist/main.js:2:951753)
	at c.dispose (/usr/lib/code/out/vs/workbench/api/node/extensionHostProcess.js:152:4145)
	at d (/usr/lib/code/out/vs/workbench/api/node/extensionHostProcess.js:30:744)
	at m.eb (/usr/lib/code/out/vs/workbench/api/node/extensionHostProcess.js:160:10039)
	at /usr/lib/code/out/vs/workbench/api/node/extensionHostProcess.js:160:7915
	at Array.map (<anonymous>)
	at m.$ (/usr/lib/code/out/vs/workbench/api/node/extensionHostProcess.js:160:7902)
	at m.terminate (/usr/lib/code/out/vs/workbench/api/node/extensionHostProcess.js:160:8175)
	at d.terminate (/usr/lib/code/out/vs/workbench/api/node/extensionHostProcess.js:164:1513)
	at i (/usr/lib/code/out/vs/workbench/api/node/extensionHostProcess.js:177:10617)
	at MessagePortMain.<anonymous> (/usr/lib/code/out/vs/workbench/api/node/extensionHostProcess.js:177:6809)
	at MessagePortMain.emit (node:events:514:28)
	at MessagePortMain._internalPort.emit (node:electron/js2c/utility_init:2:2285) setContext undefined
2024-07-24 17:02:06.424 [info] Extension host with pid 40112 exiting with code 0
