2024-09-06 15:51:09.803 [info] [main] Log level: Info
2024-09-06 15:51:09.803 [info] [main] Validating found git in: "git"
2024-09-06 15:51:09.803 [info] [main] Using git "2.46.0" from "git"
2024-09-06 15:51:09.803 [info] [Model][doInitialScan] Initial repository scan started
2024-09-06 15:51:09.803 [info] > git rev-parse --show-toplevel [2ms]
2024-09-06 15:51:09.803 [info] > git rev-parse --git-dir --git-common-dir [1ms]
2024-09-06 15:51:09.803 [info] [Model][openRepository] Opened repository: /home/apu/Programming/Flashcards
2024-09-06 15:51:09.803 [info] > git rev-parse --show-toplevel [2ms]
2024-09-06 15:51:09.803 [info] > git config --get commit.template [5ms]
2024-09-06 15:51:09.803 [info] > git rev-parse --show-toplevel [7ms]
2024-09-06 15:51:09.803 [info] > git for-each-ref --format=%(refname)%00%(upstream:short)%00%(objectname)%00%(upstream:track)%00%(upstream:remotename)%00%(upstream:remoteref) refs/heads/main refs/remotes/main [5ms]
2024-09-06 15:51:09.803 [info] > git rev-parse --show-toplevel [2ms]
2024-09-06 15:51:09.803 [info] [Model][doInitialScan] Initial repository scan completed - repositories (1), closed repositories (0), parent repositories (0), unsafe repositories (0)
2024-09-06 15:51:09.804 [info] > git status -z -uall [2ms]
2024-09-06 15:51:09.819 [info] > git for-each-ref --format=%(refname)%00%(upstream:short)%00%(objectname)%00%(upstream:track)%00%(upstream:remotename)%00%(upstream:remoteref) refs/heads/main refs/remotes/main [10ms]
2024-09-06 15:51:09.823 [info] > git config --get commit.template [7ms]
2024-09-06 15:51:09.825 [info] > git config --local branch.main.vscode-merge-base [3ms]
2024-09-06 15:51:09.825 [warning] [Git][config] git config failed: Failed to execute git
2024-09-06 15:51:09.831 [info] > git reflog main --grep-reflog=branch: Created from *. [3ms]
2024-09-06 15:51:09.834 [info] > git for-each-ref --format=%(refname)%00%(upstream:short)%00%(objectname)%00%(upstream:track)%00%(upstream:remotename)%00%(upstream:remoteref) refs/heads/main refs/remotes/main [4ms]
2024-09-06 15:51:09.835 [info] > git symbolic-ref --short refs/remotes/origin/HEAD [1ms]
2024-09-06 15:51:09.839 [info] > git for-each-ref --format=%(refname)%00%(upstream:short)%00%(objectname)%00%(upstream:track)%00%(upstream:remotename)%00%(upstream:remoteref) refs/heads/origin/main refs/remotes/origin/main [0ms]
2024-09-06 15:51:09.864 [info] > git status -z -uall [20ms]
2024-09-06 15:51:09.869 [info] > git config --local branch.main.vscode-merge-base origin/main [27ms]
2024-09-06 15:51:09.898 [info] > git for-each-ref --format=%(refname)%00%(upstream:short)%00%(objectname)%00%(upstream:track)%00%(upstream:remotename)%00%(upstream:remoteref) refs/heads/main refs/remotes/main [31ms]
2024-09-06 15:51:09.910 [info] > git config --local branch.main.vscode-merge-base [8ms]
2024-09-06 15:51:09.913 [info] > git config --get commit.template [16ms]
2024-09-06 15:51:09.937 [info] > git for-each-ref --format=%(refname)%00%(upstream:short)%00%(objectname)%00%(upstream:track)%00%(upstream:remotename)%00%(upstream:remoteref) refs/heads/origin/main refs/remotes/origin/main [24ms]
2024-09-06 15:51:09.945 [info] > git merge-base refs/heads/main refs/remotes/origin/main [4ms]
2024-09-06 15:51:09.948 [info] > git for-each-ref --format=%(refname)%00%(upstream:short)%00%(objectname)%00%(upstream:track)%00%(upstream:remotename)%00%(upstream:remoteref) refs/heads/main refs/remotes/main [12ms]
2024-09-06 15:51:09.949 [info] > git rev-list --count --left-right refs/heads/main...refs/remotes/origin/main [1ms]
2024-09-06 15:51:09.955 [info] > git diff --name-status -z --diff-filter=ADMR b079bedea847ee7540571a3c490b4104d4887302...refs/remotes/origin/main [3ms]
2024-09-06 15:51:09.957 [info] > git status -z -uall [1ms]
2024-09-06 15:51:09.962 [info] > git for-each-ref --format=%(refname)%00%(upstream:short)%00%(objectname)%00%(upstream:track)%00%(upstream:remotename)%00%(upstream:remoteref) refs/heads/main refs/remotes/main [2ms]
2024-09-06 15:51:09.966 [info] > git config --local branch.main.vscode-merge-base [1ms]
2024-09-06 15:51:09.970 [info] > git for-each-ref --format=%(refname)%00%(upstream:short)%00%(objectname)%00%(upstream:track)%00%(upstream:remotename)%00%(upstream:remoteref) refs/heads/origin/main refs/remotes/origin/main [2ms]
2024-09-06 15:51:10.389 [info] > git check-ignore -v -z --stdin [2ms]
2024-09-06 15:51:26.447 [info] > git rev-parse --show-toplevel [1ms]
2024-09-06 15:51:26.447 [info] fatal: not a git repository (or any of the parent directories): .git
