2024-07-27 06:51:11.860 [info] Log level: Info
2024-07-27 06:51:11.860 [info] Validating found git in: "git"
2024-07-27 06:51:11.860 [info] Using git "2.45.2" from "git"
2024-07-27 06:51:11.860 [info] > git rev-parse --show-toplevel [6ms]
2024-07-27 06:51:11.860 [info] > git rev-parse --git-dir --git-common-dir [3ms]
2024-07-27 06:51:11.860 [info] Open repository: /home/apu/Programming/Variable
2024-07-27 06:51:11.861 [info] > git rev-parse --show-toplevel [4ms]
2024-07-27 06:51:11.861 [info] > git config --get commit.template [9ms]
2024-07-27 06:51:11.883 [info] > git rev-parse --show-toplevel [6ms]
2024-07-27 06:51:11.884 [info] > git for-each-ref --format=%(refname)%00%(upstream:short)%00%(objectname)%00%(upstream:track)%00%(upstream:remotename)%00%(upstream:remoteref) refs/heads/ali refs/remotes/ali [2ms]
2024-07-27 06:51:11.894 [info] > git status -z -uall [4ms]
2024-07-27 06:51:11.912 [info] > git for-each-ref --format=%(refname)%00%(upstream:short)%00%(objectname)%00%(upstream:track)%00%(upstream:remotename)%00%(upstream:remoteref) refs/heads/ali refs/remotes/ali [12ms]
2024-07-27 06:51:11.944 [info] > git config --local branch.ali.vscode-merge-base [24ms]
2024-07-27 06:51:11.959 [info] > git config --get commit.template [46ms]
2024-07-27 06:51:11.977 [info] > git for-each-ref --format=%(refname)%00%(upstream:short)%00%(objectname)%00%(upstream:track)%00%(upstream:remotename)%00%(upstream:remoteref) refs/heads/origin/main refs/remotes/origin/main [18ms]
2024-07-27 06:51:11.991 [info] > git for-each-ref --format=%(refname)%00%(upstream:short)%00%(objectname)%00%(upstream:track)%00%(upstream:remotename)%00%(upstream:remoteref) refs/heads/ali refs/remotes/ali [2ms]
2024-07-27 06:51:11.998 [info] > git status -z -uall [0ms]
2024-07-27 06:51:12.016 [info] > git for-each-ref --format=%(refname)%00%(upstream:short)%00%(objectname)%00%(upstream:track)%00%(upstream:remotename)%00%(upstream:remoteref) refs/heads/ali refs/remotes/ali [11ms]
2024-07-27 06:51:12.027 [info] > git config --local branch.ali.vscode-merge-base [2ms]
2024-07-27 06:51:12.043 [info] > git for-each-ref --format=%(refname)%00%(upstream:short)%00%(objectname)%00%(upstream:track)%00%(upstream:remotename)%00%(upstream:remoteref) refs/heads/origin/main refs/remotes/origin/main [9ms]
2024-07-27 06:51:12.442 [info] > git check-ignore -v -z --stdin [2ms]
2024-07-27 06:51:12.630 [info] > git show --textconv :LoanPayments/src/components/Table.jsx [12ms]
2024-07-27 06:51:12.634 [info] > git ls-files --stage -- /home/apu/Programming/Variable/LoanPayments/src/components/Table.jsx [5ms]
2024-07-27 06:51:53.846 [info] > git show --textconv :LoanPayments/src/components/Example.jsx [5ms]
2024-07-27 06:51:53.847 [info] > git ls-files --stage -- /home/apu/Programming/Variable/LoanPayments/src/components/Example.jsx [2ms]
2024-07-27 06:51:54.807 [info] > git show --textconv :LoanPayments/src/components/Table.jsx [11ms]
2024-07-27 06:51:54.808 [info] > git ls-files --stage -- /home/apu/Programming/Variable/LoanPayments/src/components/Table.jsx [2ms]
2024-07-27 06:51:55.712 [info] > git show --textconv :LoanPayments/src/components/Example.jsx [9ms]
2024-07-27 06:51:55.714 [info] > git ls-files --stage -- /home/apu/Programming/Variable/LoanPayments/src/components/Example.jsx [3ms]
2024-07-27 06:51:56.470 [info] > git show --textconv :LoanPayments/src/components/Table.jsx [11ms]
2024-07-27 06:51:56.472 [info] > git ls-files --stage -- /home/apu/Programming/Variable/LoanPayments/src/components/Table.jsx [3ms]
