2024-07-24 16:47:08.577 [info] Added views:workbench.panel.markers.view in workbench.panel.markers
2024-07-24 16:47:08.577 [info] Added views:workbench.panel.output in workbench.panel.output
2024-07-24 16:47:08.577 [info] Added views:terminal in terminal
2024-07-24 16:47:08.577 [info] Added views:outline in workbench.view.explorer
2024-07-24 16:47:08.577 [info] Added views:workbench.scm in workbench.view.scm
2024-07-24 16:47:08.577 [info] Added views:workbench.view.search in workbench.view.search
2024-07-24 16:47:08.577 [info] Added views:timeline in workbench.view.explorer
2024-07-24 16:47:08.577 [info] Added views:workbench.explorer.emptyView in workbench.view.explorer
2024-07-24 16:47:09.063 [info] Added views:workbench.debug.variablesView,workbench.debug.watchExpressionsView,workbench.debug.callStackView,workbench.debug.breakPointsView in workbench.view.debug
2024-07-24 16:47:09.078 [info] Added views:workbench.panel.repl.view in workbench.panel.repl
2024-07-24 16:47:09.079 [info] Removed views:workbench.debug.breakPointsView,workbench.debug.callStackView,workbench.debug.watchExpressionsView,workbench.debug.variablesView from workbench.view.debug
2024-07-24 16:47:09.079 [info] Added views:workbench.debug.welcome in workbench.view.debug
2024-07-24 16:47:09.241 [info] Added views:~remote.forwardedPorts in ~remote.forwardedPortsContainer
2024-07-24 16:47:27.532 [info] Added views:workbench.panel.markers.view in workbench.panel.markers
2024-07-24 16:47:27.532 [info] Added views:workbench.panel.output in workbench.panel.output
2024-07-24 16:47:27.532 [info] Added views:terminal in terminal
2024-07-24 16:47:27.532 [info] Added views:outline in workbench.view.explorer
2024-07-24 16:47:27.532 [info] Added views:workbench.scm in workbench.view.scm
2024-07-24 16:47:27.532 [info] Added views:workbench.view.search in workbench.view.search
2024-07-24 16:47:27.532 [info] Added views:timeline in workbench.view.explorer
2024-07-24 16:47:27.532 [info] Added views:workbench.explorer.fileView in workbench.view.explorer
2024-07-24 16:47:27.988 [info] Added views:workbench.debug.variablesView,workbench.debug.watchExpressionsView,workbench.debug.callStackView,workbench.debug.breakPointsView in workbench.view.debug
2024-07-24 16:47:28.025 [info] Added views:workbench.panel.repl.view in workbench.panel.repl
2024-07-24 16:47:28.026 [info] Removed views:workbench.debug.breakPointsView,workbench.debug.callStackView,workbench.debug.watchExpressionsView,workbench.debug.variablesView from workbench.view.debug
2024-07-24 16:47:28.026 [info] Added views:workbench.debug.welcome in workbench.view.debug
2024-07-24 16:47:28.220 [info] Added views:~remote.forwardedPorts in ~remote.forwardedPortsContainer
