2024-07-27T06:56:23.392Z [Modules] Modules initializing
2024-07-27T06:56:23.392Z [Modules] Distribution: remote
2024-07-27T06:56:23.392Z [Modules] Host updates: enabled
2024-07-27T06:56:23.392Z [Modules] Module updates: enabled
2024-07-27T06:56:23.393Z [Modules] Module install path: /home/apu/.config/discord/0.0.61/modules
2024-07-27T06:56:23.393Z [Modules] Module installed file path: /home/apu/.config/discord/0.0.61/modules/installed.json
2024-07-27T06:56:23.393Z [Modules] Module download path: /home/apu/.config/discord/0.0.61/modules/pending
2024-07-27T06:56:23.587Z [Modules] Bootstrapping...
2024-07-27T06:56:23.587Z [Modules] Installing discord_desktop_core@0 from /opt/discord/resources/bootstrap/discord_desktop_core.zip
2024-07-27T06:56:23.591Z [Modules] Failed installing discord_desktop_core@0: Error: ENOENT: no such file or directory, open '/opt/discord/resources/bootstrap/discord_desktop_core.zip'
2024-07-27T06:56:23.591Z [Modules] Installing discord_erlpack@0 from /opt/discord/resources/bootstrap/discord_erlpack.zip
2024-07-27T06:56:23.593Z [Modules] Failed installing discord_erlpack@0: Error: ENOENT: no such file or directory, open '/opt/discord/resources/bootstrap/discord_erlpack.zip'
2024-07-27T06:56:23.593Z [Modules] Installing discord_spellcheck@0 from /opt/discord/resources/bootstrap/discord_spellcheck.zip
2024-07-27T06:56:23.595Z [Modules] Failed installing discord_spellcheck@0: Error: ENOENT: no such file or directory, open '/opt/discord/resources/bootstrap/discord_spellcheck.zip'
2024-07-27T06:56:23.595Z [Modules] Installing discord_utils@0 from /opt/discord/resources/bootstrap/discord_utils.zip
2024-07-27T06:56:23.596Z [Modules] Failed installing discord_utils@0: Error: ENOENT: no such file or directory, open '/opt/discord/resources/bootstrap/discord_utils.zip'
2024-07-27T06:56:23.597Z [Modules] Installing discord_voice@0 from /opt/discord/resources/bootstrap/discord_voice.zip
2024-07-27T06:56:23.598Z [Modules] Failed installing discord_voice@0: Error: ENOENT: no such file or directory, open '/opt/discord/resources/bootstrap/discord_voice.zip'
2024-07-27T06:56:23.598Z [Modules] Installing discord_zstd@0 from /opt/discord/resources/bootstrap/discord_zstd.zip
2024-07-27T06:56:23.599Z [Modules] Failed installing discord_zstd@0: Error: ENOENT: no such file or directory, open '/opt/discord/resources/bootstrap/discord_zstd.zip'
2024-07-27T06:56:23.599Z [Modules] Finished module installations. [success: 0] [failure: 6]
2024-07-27T06:56:23.599Z [Modules] Checking for host updates.
2024-07-27T06:56:23.791Z [Modules] Host is up to date.
2024-07-27T06:56:23.792Z [Modules] Checking for module updates at https://discord.com/api/modules/stable/versions.json
2024-07-27T06:56:23.882Z [Modules] Module update available: discord_desktop_core@1 [installed: 0]
2024-07-27T06:56:23.882Z [Modules] Module update available: discord_erlpack@1 [installed: 0]
2024-07-27T06:56:23.882Z [Modules] Module update available: discord_spellcheck@1 [installed: 0]
2024-07-27T06:56:23.882Z [Modules] Module update available: discord_utils@1 [installed: 0]
2024-07-27T06:56:23.882Z [Modules] Module update available: discord_voice@1 [installed: 0]
2024-07-27T06:56:23.882Z [Modules] Module update available: discord_zstd@1 [installed: 0]
2024-07-27T06:56:23.883Z [Modules] Fetching discord_desktop_core@1 from https://discord.com/api/modules/stable/discord_desktop_core/1
2024-07-27T06:56:23.883Z [Modules] Streaming discord_desktop_core@1 to /home/apu/.config/discord/0.0.61/modules/pending/discord_desktop_core-1.zip
2024-07-27T06:56:24.211Z [Modules] Streaming discord_desktop_core@1 to /home/apu/.config/discord/0.0.61/modules/pending/discord_desktop_core-1.zip: 2%
2024-07-27T06:56:24.228Z [Modules] Streaming discord_desktop_core@1 to /home/apu/.config/discord/0.0.61/modules/pending/discord_desktop_core-1.zip: 3%
2024-07-27T06:56:24.234Z [Modules] Streaming discord_desktop_core@1 to /home/apu/.config/discord/0.0.61/modules/pending/discord_desktop_core-1.zip: 4%
2024-07-27T06:56:24.256Z [Modules] Streaming discord_desktop_core@1 to /home/apu/.config/discord/0.0.61/modules/pending/discord_desktop_core-1.zip: 5%
2024-07-27T06:56:24.267Z [Modules] Streaming discord_desktop_core@1 to /home/apu/.config/discord/0.0.61/modules/pending/discord_desktop_core-1.zip: 8%
2024-07-27T06:56:24.270Z [Modules] Streaming discord_desktop_core@1 to /home/apu/.config/discord/0.0.61/modules/pending/discord_desktop_core-1.zip: 9%
2024-07-27T06:56:24.313Z [Modules] Streaming discord_desktop_core@1 to /home/apu/.config/discord/0.0.61/modules/pending/discord_desktop_core-1.zip: 10%
2024-07-27T06:56:24.317Z [Modules] Streaming discord_desktop_core@1 to /home/apu/.config/discord/0.0.61/modules/pending/discord_desktop_core-1.zip: 13%
2024-07-27T06:56:24.317Z [Modules] Streaming discord_desktop_core@1 to /home/apu/.config/discord/0.0.61/modules/pending/discord_desktop_core-1.zip: 14%
2024-07-27T06:56:24.323Z [Modules] Streaming discord_desktop_core@1 to /home/apu/.config/discord/0.0.61/modules/pending/discord_desktop_core-1.zip: 16%
2024-07-27T06:56:24.325Z [Modules] Streaming discord_desktop_core@1 to /home/apu/.config/discord/0.0.61/modules/pending/discord_desktop_core-1.zip: 17%
2024-07-27T06:56:24.329Z [Modules] Streaming discord_desktop_core@1 to /home/apu/.config/discord/0.0.61/modules/pending/discord_desktop_core-1.zip: 19%
2024-07-27T06:56:24.332Z [Modules] Streaming discord_desktop_core@1 to /home/apu/.config/discord/0.0.61/modules/pending/discord_desktop_core-1.zip: 21%
2024-07-27T06:56:24.335Z [Modules] Streaming discord_desktop_core@1 to /home/apu/.config/discord/0.0.61/modules/pending/discord_desktop_core-1.zip: 23%
2024-07-27T06:56:24.337Z [Modules] Streaming discord_desktop_core@1 to /home/apu/.config/discord/0.0.61/modules/pending/discord_desktop_core-1.zip: 25%
2024-07-27T06:56:24.362Z [Modules] Streaming discord_desktop_core@1 to /home/apu/.config/discord/0.0.61/modules/pending/discord_desktop_core-1.zip: 27%
2024-07-27T06:56:24.372Z [Modules] Streaming discord_desktop_core@1 to /home/apu/.config/discord/0.0.61/modules/pending/discord_desktop_core-1.zip: 28%
2024-07-27T06:56:24.391Z [Modules] Streaming discord_desktop_core@1 to /home/apu/.config/discord/0.0.61/modules/pending/discord_desktop_core-1.zip: 29%
2024-07-27T06:56:24.393Z [Modules] Streaming discord_desktop_core@1 to /home/apu/.config/discord/0.0.61/modules/pending/discord_desktop_core-1.zip: 30%
2024-07-27T06:56:24.396Z [Modules] Streaming discord_desktop_core@1 to /home/apu/.config/discord/0.0.61/modules/pending/discord_desktop_core-1.zip: 31%
2024-07-27T06:56:24.400Z [Modules] Streaming discord_desktop_core@1 to /home/apu/.config/discord/0.0.61/modules/pending/discord_desktop_core-1.zip: 33%
2024-07-27T06:56:24.405Z [Modules] Streaming discord_desktop_core@1 to /home/apu/.config/discord/0.0.61/modules/pending/discord_desktop_core-1.zip: 35%
2024-07-27T06:56:24.408Z [Modules] Streaming discord_desktop_core@1 to /home/apu/.config/discord/0.0.61/modules/pending/discord_desktop_core-1.zip: 36%
2024-07-27T06:56:24.411Z [Modules] Streaming discord_desktop_core@1 to /home/apu/.config/discord/0.0.61/modules/pending/discord_desktop_core-1.zip: 39%
2024-07-27T06:56:24.414Z [Modules] Streaming discord_desktop_core@1 to /home/apu/.config/discord/0.0.61/modules/pending/discord_desktop_core-1.zip: 40%
2024-07-27T06:56:24.416Z [Modules] Streaming discord_desktop_core@1 to /home/apu/.config/discord/0.0.61/modules/pending/discord_desktop_core-1.zip: 41%
2024-07-27T06:56:24.418Z [Modules] Streaming discord_desktop_core@1 to /home/apu/.config/discord/0.0.61/modules/pending/discord_desktop_core-1.zip: 44%
2024-07-27T06:56:24.429Z [Modules] Streaming discord_desktop_core@1 to /home/apu/.config/discord/0.0.61/modules/pending/discord_desktop_core-1.zip: 46%
2024-07-27T06:56:24.431Z [Modules] Streaming discord_desktop_core@1 to /home/apu/.config/discord/0.0.61/modules/pending/discord_desktop_core-1.zip: 47%
2024-07-27T06:56:24.436Z [Modules] Streaming discord_desktop_core@1 to /home/apu/.config/discord/0.0.61/modules/pending/discord_desktop_core-1.zip: 49%
2024-07-27T06:56:24.439Z [Modules] Streaming discord_desktop_core@1 to /home/apu/.config/discord/0.0.61/modules/pending/discord_desktop_core-1.zip: 51%
2024-07-27T06:56:24.442Z [Modules] Streaming discord_desktop_core@1 to /home/apu/.config/discord/0.0.61/modules/pending/discord_desktop_core-1.zip: 52%
2024-07-27T06:56:24.448Z [Modules] Streaming discord_desktop_core@1 to /home/apu/.config/discord/0.0.61/modules/pending/discord_desktop_core-1.zip: 55%
2024-07-27T06:56:24.451Z [Modules] Streaming discord_desktop_core@1 to /home/apu/.config/discord/0.0.61/modules/pending/discord_desktop_core-1.zip: 57%
2024-07-27T06:56:24.453Z [Modules] Streaming discord_desktop_core@1 to /home/apu/.config/discord/0.0.61/modules/pending/discord_desktop_core-1.zip: 58%
2024-07-27T06:56:24.460Z [Modules] Streaming discord_desktop_core@1 to /home/apu/.config/discord/0.0.61/modules/pending/discord_desktop_core-1.zip: 60%
2024-07-27T06:56:24.476Z [Modules] Streaming discord_desktop_core@1 to /home/apu/.config/discord/0.0.61/modules/pending/discord_desktop_core-1.zip: 63%
2024-07-27T06:56:24.478Z [Modules] Streaming discord_desktop_core@1 to /home/apu/.config/discord/0.0.61/modules/pending/discord_desktop_core-1.zip: 64%
2024-07-27T06:56:24.491Z [Modules] Streaming discord_desktop_core@1 to /home/apu/.config/discord/0.0.61/modules/pending/discord_desktop_core-1.zip: 67%
2024-07-27T06:56:24.492Z [Modules] Streaming discord_desktop_core@1 to /home/apu/.config/discord/0.0.61/modules/pending/discord_desktop_core-1.zip: 70%
2024-07-27T06:56:24.499Z [Modules] Streaming discord_desktop_core@1 to /home/apu/.config/discord/0.0.61/modules/pending/discord_desktop_core-1.zip: 71%
2024-07-27T06:56:24.502Z [Modules] Streaming discord_desktop_core@1 to /home/apu/.config/discord/0.0.61/modules/pending/discord_desktop_core-1.zip: 73%
2024-07-27T06:56:24.506Z [Modules] Streaming discord_desktop_core@1 to /home/apu/.config/discord/0.0.61/modules/pending/discord_desktop_core-1.zip: 74%
2024-07-27T06:56:24.509Z [Modules] Streaming discord_desktop_core@1 to /home/apu/.config/discord/0.0.61/modules/pending/discord_desktop_core-1.zip: 75%
2024-07-27T06:56:24.545Z [Modules] Streaming discord_desktop_core@1 to /home/apu/.config/discord/0.0.61/modules/pending/discord_desktop_core-1.zip: 77%
2024-07-27T06:56:24.549Z [Modules] Streaming discord_desktop_core@1 to /home/apu/.config/discord/0.0.61/modules/pending/discord_desktop_core-1.zip: 79%
2024-07-27T06:56:24.551Z [Modules] Streaming discord_desktop_core@1 to /home/apu/.config/discord/0.0.61/modules/pending/discord_desktop_core-1.zip: 81%
2024-07-27T06:56:24.553Z [Modules] Streaming discord_desktop_core@1 to /home/apu/.config/discord/0.0.61/modules/pending/discord_desktop_core-1.zip: 83%
2024-07-27T06:56:24.557Z [Modules] Streaming discord_desktop_core@1 to /home/apu/.config/discord/0.0.61/modules/pending/discord_desktop_core-1.zip: 85%
2024-07-27T06:56:24.558Z [Modules] Streaming discord_desktop_core@1 to /home/apu/.config/discord/0.0.61/modules/pending/discord_desktop_core-1.zip: 86%
2024-07-27T06:56:24.560Z [Modules] Streaming discord_desktop_core@1 to /home/apu/.config/discord/0.0.61/modules/pending/discord_desktop_core-1.zip: 87%
2024-07-27T06:56:24.563Z [Modules] Streaming discord_desktop_core@1 to /home/apu/.config/discord/0.0.61/modules/pending/discord_desktop_core-1.zip: 90%
2024-07-27T06:56:24.567Z [Modules] Streaming discord_desktop_core@1 to /home/apu/.config/discord/0.0.61/modules/pending/discord_desktop_core-1.zip: 92%
2024-07-27T06:56:24.597Z [Modules] Streaming discord_desktop_core@1 to /home/apu/.config/discord/0.0.61/modules/pending/discord_desktop_core-1.zip: 94%
2024-07-27T06:56:24.613Z [Modules] Streaming discord_desktop_core@1 to /home/apu/.config/discord/0.0.61/modules/pending/discord_desktop_core-1.zip: 97%
2024-07-27T06:56:24.616Z [Modules] Streaming discord_desktop_core@1 to /home/apu/.config/discord/0.0.61/modules/pending/discord_desktop_core-1.zip: 99%
2024-07-27T06:56:24.616Z [Modules] Streaming discord_desktop_core@1 to /home/apu/.config/discord/0.0.61/modules/pending/discord_desktop_core-1.zip: 100%
2024-07-27T06:56:24.617Z [Modules] Fetching discord_erlpack@1 from https://discord.com/api/modules/stable/discord_erlpack/1
2024-07-27T06:56:24.617Z [Modules] Streaming discord_erlpack@1 to /home/apu/.config/discord/0.0.61/modules/pending/discord_erlpack-1.zip
2024-07-27T06:56:24.746Z [Modules] Streaming discord_erlpack@1 to /home/apu/.config/discord/0.0.61/modules/pending/discord_erlpack-1.zip: 2%
2024-07-27T06:56:24.749Z [Modules] Streaming discord_erlpack@1 to /home/apu/.config/discord/0.0.61/modules/pending/discord_erlpack-1.zip: 5%
2024-07-27T06:56:24.752Z [Modules] Streaming discord_erlpack@1 to /home/apu/.config/discord/0.0.61/modules/pending/discord_erlpack-1.zip: 8%
2024-07-27T06:56:24.755Z [Modules] Streaming discord_erlpack@1 to /home/apu/.config/discord/0.0.61/modules/pending/discord_erlpack-1.zip: 11%
2024-07-27T06:56:24.757Z [Modules] Streaming discord_erlpack@1 to /home/apu/.config/discord/0.0.61/modules/pending/discord_erlpack-1.zip: 14%
2024-07-27T06:56:24.759Z [Modules] Streaming discord_erlpack@1 to /home/apu/.config/discord/0.0.61/modules/pending/discord_erlpack-1.zip: 17%
2024-07-27T06:56:24.762Z [Modules] Streaming discord_erlpack@1 to /home/apu/.config/discord/0.0.61/modules/pending/discord_erlpack-1.zip: 20%
2024-07-27T06:56:24.764Z [Modules] Streaming discord_erlpack@1 to /home/apu/.config/discord/0.0.61/modules/pending/discord_erlpack-1.zip: 21%
2024-07-27T06:56:24.766Z [Modules] Streaming discord_erlpack@1 to /home/apu/.config/discord/0.0.61/modules/pending/discord_erlpack-1.zip: 23%
2024-07-27T06:56:24.773Z [Modules] Streaming discord_erlpack@1 to /home/apu/.config/discord/0.0.61/modules/pending/discord_erlpack-1.zip: 24%
2024-07-27T06:56:24.783Z [Modules] Streaming discord_erlpack@1 to /home/apu/.config/discord/0.0.61/modules/pending/discord_erlpack-1.zip: 25%
2024-07-27T06:56:24.792Z [Modules] Streaming discord_erlpack@1 to /home/apu/.config/discord/0.0.61/modules/pending/discord_erlpack-1.zip: 26%
2024-07-27T06:56:24.795Z [Modules] Streaming discord_erlpack@1 to /home/apu/.config/discord/0.0.61/modules/pending/discord_erlpack-1.zip: 29%
2024-07-27T06:56:24.798Z [Modules] Streaming discord_erlpack@1 to /home/apu/.config/discord/0.0.61/modules/pending/discord_erlpack-1.zip: 32%
2024-07-27T06:56:24.799Z [Modules] Streaming discord_erlpack@1 to /home/apu/.config/discord/0.0.61/modules/pending/discord_erlpack-1.zip: 33%
2024-07-27T06:56:24.801Z [Modules] Streaming discord_erlpack@1 to /home/apu/.config/discord/0.0.61/modules/pending/discord_erlpack-1.zip: 36%
2024-07-27T06:56:24.803Z [Modules] Streaming discord_erlpack@1 to /home/apu/.config/discord/0.0.61/modules/pending/discord_erlpack-1.zip: 38%
2024-07-27T06:56:24.805Z [Modules] Streaming discord_erlpack@1 to /home/apu/.config/discord/0.0.61/modules/pending/discord_erlpack-1.zip: 41%
2024-07-27T06:56:24.808Z [Modules] Streaming discord_erlpack@1 to /home/apu/.config/discord/0.0.61/modules/pending/discord_erlpack-1.zip: 43%
2024-07-27T06:56:24.809Z [Modules] Streaming discord_erlpack@1 to /home/apu/.config/discord/0.0.61/modules/pending/discord_erlpack-1.zip: 46%
2024-07-27T06:56:24.812Z [Modules] Streaming discord_erlpack@1 to /home/apu/.config/discord/0.0.61/modules/pending/discord_erlpack-1.zip: 49%
2024-07-27T06:56:24.814Z [Modules] Streaming discord_erlpack@1 to /home/apu/.config/discord/0.0.61/modules/pending/discord_erlpack-1.zip: 52%
2024-07-27T06:56:24.816Z [Modules] Streaming discord_erlpack@1 to /home/apu/.config/discord/0.0.61/modules/pending/discord_erlpack-1.zip: 54%
2024-07-27T06:56:24.818Z [Modules] Streaming discord_erlpack@1 to /home/apu/.config/discord/0.0.61/modules/pending/discord_erlpack-1.zip: 55%
2024-07-27T06:56:24.831Z [Modules] Streaming discord_erlpack@1 to /home/apu/.config/discord/0.0.61/modules/pending/discord_erlpack-1.zip: 58%
2024-07-27T06:56:24.833Z [Modules] Streaming discord_erlpack@1 to /home/apu/.config/discord/0.0.61/modules/pending/discord_erlpack-1.zip: 59%
2024-07-27T06:56:24.835Z [Modules] Streaming discord_erlpack@1 to /home/apu/.config/discord/0.0.61/modules/pending/discord_erlpack-1.zip: 62%
2024-07-27T06:56:24.837Z [Modules] Streaming discord_erlpack@1 to /home/apu/.config/discord/0.0.61/modules/pending/discord_erlpack-1.zip: 65%
2024-07-27T06:56:24.840Z [Modules] Streaming discord_erlpack@1 to /home/apu/.config/discord/0.0.61/modules/pending/discord_erlpack-1.zip: 68%
2024-07-27T06:56:24.842Z [Modules] Streaming discord_erlpack@1 to /home/apu/.config/discord/0.0.61/modules/pending/discord_erlpack-1.zip: 69%
2024-07-27T06:56:24.845Z [Modules] Streaming discord_erlpack@1 to /home/apu/.config/discord/0.0.61/modules/pending/discord_erlpack-1.zip: 72%
2024-07-27T06:56:24.847Z [Modules] Streaming discord_erlpack@1 to /home/apu/.config/discord/0.0.61/modules/pending/discord_erlpack-1.zip: 74%
2024-07-27T06:56:24.849Z [Modules] Streaming discord_erlpack@1 to /home/apu/.config/discord/0.0.61/modules/pending/discord_erlpack-1.zip: 77%
2024-07-27T06:56:24.851Z [Modules] Streaming discord_erlpack@1 to /home/apu/.config/discord/0.0.61/modules/pending/discord_erlpack-1.zip: 80%
2024-07-27T06:56:24.852Z [Modules] Streaming discord_erlpack@1 to /home/apu/.config/discord/0.0.61/modules/pending/discord_erlpack-1.zip: 83%
2024-07-27T06:56:24.856Z [Modules] Streaming discord_erlpack@1 to /home/apu/.config/discord/0.0.61/modules/pending/discord_erlpack-1.zip: 85%
2024-07-27T06:56:24.859Z [Modules] Streaming discord_erlpack@1 to /home/apu/.config/discord/0.0.61/modules/pending/discord_erlpack-1.zip: 88%
2024-07-27T06:56:24.860Z [Modules] Streaming discord_erlpack@1 to /home/apu/.config/discord/0.0.61/modules/pending/discord_erlpack-1.zip: 89%
2024-07-27T06:56:24.862Z [Modules] Streaming discord_erlpack@1 to /home/apu/.config/discord/0.0.61/modules/pending/discord_erlpack-1.zip: 90%
2024-07-27T06:56:24.865Z [Modules] Streaming discord_erlpack@1 to /home/apu/.config/discord/0.0.61/modules/pending/discord_erlpack-1.zip: 92%
2024-07-27T06:56:24.885Z [Modules] Streaming discord_erlpack@1 to /home/apu/.config/discord/0.0.61/modules/pending/discord_erlpack-1.zip: 95%
2024-07-27T06:56:24.886Z [Modules] Streaming discord_erlpack@1 to /home/apu/.config/discord/0.0.61/modules/pending/discord_erlpack-1.zip: 97%
2024-07-27T06:56:24.891Z [Modules] Streaming discord_erlpack@1 to /home/apu/.config/discord/0.0.61/modules/pending/discord_erlpack-1.zip: 100%
2024-07-27T06:56:24.893Z [Modules] Fetching discord_spellcheck@1 from https://discord.com/api/modules/stable/discord_spellcheck/1
2024-07-27T06:56:24.893Z [Modules] Streaming discord_spellcheck@1 to /home/apu/.config/discord/0.0.61/modules/pending/discord_spellcheck-1.zip
2024-07-27T06:56:25.030Z [Modules] Streaming discord_spellcheck@1 to /home/apu/.config/discord/0.0.61/modules/pending/discord_spellcheck-1.zip: 1%
2024-07-27T06:56:25.037Z [Modules] Streaming discord_spellcheck@1 to /home/apu/.config/discord/0.0.61/modules/pending/discord_spellcheck-1.zip: 2%
2024-07-27T06:56:25.039Z [Modules] Streaming discord_spellcheck@1 to /home/apu/.config/discord/0.0.61/modules/pending/discord_spellcheck-1.zip: 3%
2024-07-27T06:56:25.048Z [Modules] Streaming discord_spellcheck@1 to /home/apu/.config/discord/0.0.61/modules/pending/discord_spellcheck-1.zip: 4%
2024-07-27T06:56:25.053Z [Modules] Streaming discord_spellcheck@1 to /home/apu/.config/discord/0.0.61/modules/pending/discord_spellcheck-1.zip: 5%
2024-07-27T06:56:25.063Z [Modules] Streaming discord_spellcheck@1 to /home/apu/.config/discord/0.0.61/modules/pending/discord_spellcheck-1.zip: 6%
2024-07-27T06:56:25.070Z [Modules] Streaming discord_spellcheck@1 to /home/apu/.config/discord/0.0.61/modules/pending/discord_spellcheck-1.zip: 7%
2024-07-27T06:56:25.070Z [Modules] Streaming discord_spellcheck@1 to /home/apu/.config/discord/0.0.61/modules/pending/discord_spellcheck-1.zip: 8%
2024-07-27T06:56:25.075Z [Modules] Streaming discord_spellcheck@1 to /home/apu/.config/discord/0.0.61/modules/pending/discord_spellcheck-1.zip: 9%
2024-07-27T06:56:25.087Z [Modules] Streaming discord_spellcheck@1 to /home/apu/.config/discord/0.0.61/modules/pending/discord_spellcheck-1.zip: 10%
2024-07-27T06:56:25.090Z [Modules] Streaming discord_spellcheck@1 to /home/apu/.config/discord/0.0.61/modules/pending/discord_spellcheck-1.zip: 11%
2024-07-27T06:56:25.097Z [Modules] Streaming discord_spellcheck@1 to /home/apu/.config/discord/0.0.61/modules/pending/discord_spellcheck-1.zip: 12%
2024-07-27T06:56:25.101Z [Modules] Streaming discord_spellcheck@1 to /home/apu/.config/discord/0.0.61/modules/pending/discord_spellcheck-1.zip: 13%
2024-07-27T06:56:25.103Z [Modules] Streaming discord_spellcheck@1 to /home/apu/.config/discord/0.0.61/modules/pending/discord_spellcheck-1.zip: 14%
2024-07-27T06:56:25.108Z [Modules] Streaming discord_spellcheck@1 to /home/apu/.config/discord/0.0.61/modules/pending/discord_spellcheck-1.zip: 15%
2024-07-27T06:56:25.112Z [Modules] Streaming discord_spellcheck@1 to /home/apu/.config/discord/0.0.61/modules/pending/discord_spellcheck-1.zip: 16%
2024-07-27T06:56:25.115Z [Modules] Streaming discord_spellcheck@1 to /home/apu/.config/discord/0.0.61/modules/pending/discord_spellcheck-1.zip: 17%
2024-07-27T06:56:25.117Z [Modules] Streaming discord_spellcheck@1 to /home/apu/.config/discord/0.0.61/modules/pending/discord_spellcheck-1.zip: 18%
2024-07-27T06:56:25.122Z [Modules] Streaming discord_spellcheck@1 to /home/apu/.config/discord/0.0.61/modules/pending/discord_spellcheck-1.zip: 19%
2024-07-27T06:56:25.125Z [Modules] Streaming discord_spellcheck@1 to /home/apu/.config/discord/0.0.61/modules/pending/discord_spellcheck-1.zip: 20%
2024-07-27T06:56:25.136Z [Modules] Streaming discord_spellcheck@1 to /home/apu/.config/discord/0.0.61/modules/pending/discord_spellcheck-1.zip: 21%
2024-07-27T06:56:25.156Z [Modules] Streaming discord_spellcheck@1 to /home/apu/.config/discord/0.0.61/modules/pending/discord_spellcheck-1.zip: 22%
2024-07-27T06:56:25.158Z [Modules] Streaming discord_spellcheck@1 to /home/apu/.config/discord/0.0.61/modules/pending/discord_spellcheck-1.zip: 23%
2024-07-27T06:56:25.163Z [Modules] Streaming discord_spellcheck@1 to /home/apu/.config/discord/0.0.61/modules/pending/discord_spellcheck-1.zip: 24%
2024-07-27T06:56:25.166Z [Modules] Streaming discord_spellcheck@1 to /home/apu/.config/discord/0.0.61/modules/pending/discord_spellcheck-1.zip: 25%
2024-07-27T06:56:25.169Z [Modules] Streaming discord_spellcheck@1 to /home/apu/.config/discord/0.0.61/modules/pending/discord_spellcheck-1.zip: 26%
2024-07-27T06:56:25.171Z [Modules] Streaming discord_spellcheck@1 to /home/apu/.config/discord/0.0.61/modules/pending/discord_spellcheck-1.zip: 27%
2024-07-27T06:56:25.176Z [Modules] Streaming discord_spellcheck@1 to /home/apu/.config/discord/0.0.61/modules/pending/discord_spellcheck-1.zip: 28%
2024-07-27T06:56:25.178Z [Modules] Streaming discord_spellcheck@1 to /home/apu/.config/discord/0.0.61/modules/pending/discord_spellcheck-1.zip: 29%
2024-07-27T06:56:25.200Z [Modules] Streaming discord_spellcheck@1 to /home/apu/.config/discord/0.0.61/modules/pending/discord_spellcheck-1.zip: 30%
2024-07-27T06:56:25.210Z [Modules] Streaming discord_spellcheck@1 to /home/apu/.config/discord/0.0.61/modules/pending/discord_spellcheck-1.zip: 31%
2024-07-27T06:56:25.213Z [Modules] Streaming discord_spellcheck@1 to /home/apu/.config/discord/0.0.61/modules/pending/discord_spellcheck-1.zip: 32%
2024-07-27T06:56:25.217Z [Modules] Streaming discord_spellcheck@1 to /home/apu/.config/discord/0.0.61/modules/pending/discord_spellcheck-1.zip: 33%
2024-07-27T06:56:25.218Z [Modules] Streaming discord_spellcheck@1 to /home/apu/.config/discord/0.0.61/modules/pending/discord_spellcheck-1.zip: 34%
2024-07-27T06:56:25.222Z [Modules] Streaming discord_spellcheck@1 to /home/apu/.config/discord/0.0.61/modules/pending/discord_spellcheck-1.zip: 35%
2024-07-27T06:56:25.226Z [Modules] Streaming discord_spellcheck@1 to /home/apu/.config/discord/0.0.61/modules/pending/discord_spellcheck-1.zip: 36%
2024-07-27T06:56:25.229Z [Modules] Streaming discord_spellcheck@1 to /home/apu/.config/discord/0.0.61/modules/pending/discord_spellcheck-1.zip: 37%
2024-07-27T06:56:25.233Z [Modules] Streaming discord_spellcheck@1 to /home/apu/.config/discord/0.0.61/modules/pending/discord_spellcheck-1.zip: 38%
2024-07-27T06:56:25.236Z [Modules] Streaming discord_spellcheck@1 to /home/apu/.config/discord/0.0.61/modules/pending/discord_spellcheck-1.zip: 39%
2024-07-27T06:56:25.240Z [Modules] Streaming discord_spellcheck@1 to /home/apu/.config/discord/0.0.61/modules/pending/discord_spellcheck-1.zip: 40%
2024-07-27T06:56:25.247Z [Modules] Streaming discord_spellcheck@1 to /home/apu/.config/discord/0.0.61/modules/pending/discord_spellcheck-1.zip: 41%
2024-07-27T06:56:25.254Z [Modules] Streaming discord_spellcheck@1 to /home/apu/.config/discord/0.0.61/modules/pending/discord_spellcheck-1.zip: 42%
2024-07-27T06:56:25.256Z [Modules] Streaming discord_spellcheck@1 to /home/apu/.config/discord/0.0.61/modules/pending/discord_spellcheck-1.zip: 43%
2024-07-27T06:56:25.261Z [Modules] Streaming discord_spellcheck@1 to /home/apu/.config/discord/0.0.61/modules/pending/discord_spellcheck-1.zip: 44%
2024-07-27T06:56:25.268Z [Modules] Streaming discord_spellcheck@1 to /home/apu/.config/discord/0.0.61/modules/pending/discord_spellcheck-1.zip: 45%
2024-07-27T06:56:25.268Z [Modules] Streaming discord_spellcheck@1 to /home/apu/.config/discord/0.0.61/modules/pending/discord_spellcheck-1.zip: 46%
2024-07-27T06:56:25.273Z [Modules] Streaming discord_spellcheck@1 to /home/apu/.config/discord/0.0.61/modules/pending/discord_spellcheck-1.zip: 47%
2024-07-27T06:56:25.276Z [Modules] Streaming discord_spellcheck@1 to /home/apu/.config/discord/0.0.61/modules/pending/discord_spellcheck-1.zip: 48%
2024-07-27T06:56:25.281Z [Modules] Streaming discord_spellcheck@1 to /home/apu/.config/discord/0.0.61/modules/pending/discord_spellcheck-1.zip: 49%
2024-07-27T06:56:25.283Z [Modules] Streaming discord_spellcheck@1 to /home/apu/.config/discord/0.0.61/modules/pending/discord_spellcheck-1.zip: 50%
2024-07-27T06:56:25.289Z [Modules] Streaming discord_spellcheck@1 to /home/apu/.config/discord/0.0.61/modules/pending/discord_spellcheck-1.zip: 51%
2024-07-27T06:56:25.294Z [Modules] Streaming discord_spellcheck@1 to /home/apu/.config/discord/0.0.61/modules/pending/discord_spellcheck-1.zip: 52%
2024-07-27T06:56:25.301Z [Modules] Streaming discord_spellcheck@1 to /home/apu/.config/discord/0.0.61/modules/pending/discord_spellcheck-1.zip: 53%
2024-07-27T06:56:25.303Z [Modules] Streaming discord_spellcheck@1 to /home/apu/.config/discord/0.0.61/modules/pending/discord_spellcheck-1.zip: 54%
2024-07-27T06:56:25.306Z [Modules] Streaming discord_spellcheck@1 to /home/apu/.config/discord/0.0.61/modules/pending/discord_spellcheck-1.zip: 55%
2024-07-27T06:56:25.313Z [Modules] Streaming discord_spellcheck@1 to /home/apu/.config/discord/0.0.61/modules/pending/discord_spellcheck-1.zip: 56%
2024-07-27T06:56:25.317Z [Modules] Streaming discord_spellcheck@1 to /home/apu/.config/discord/0.0.61/modules/pending/discord_spellcheck-1.zip: 57%
2024-07-27T06:56:25.319Z [Modules] Streaming discord_spellcheck@1 to /home/apu/.config/discord/0.0.61/modules/pending/discord_spellcheck-1.zip: 58%
2024-07-27T06:56:25.325Z [Modules] Streaming discord_spellcheck@1 to /home/apu/.config/discord/0.0.61/modules/pending/discord_spellcheck-1.zip: 59%
2024-07-27T06:56:25.327Z [Modules] Streaming discord_spellcheck@1 to /home/apu/.config/discord/0.0.61/modules/pending/discord_spellcheck-1.zip: 60%
2024-07-27T06:56:25.332Z [Modules] Streaming discord_spellcheck@1 to /home/apu/.config/discord/0.0.61/modules/pending/discord_spellcheck-1.zip: 61%
2024-07-27T06:56:25.334Z [Modules] Streaming discord_spellcheck@1 to /home/apu/.config/discord/0.0.61/modules/pending/discord_spellcheck-1.zip: 62%
2024-07-27T06:56:25.345Z [Modules] Streaming discord_spellcheck@1 to /home/apu/.config/discord/0.0.61/modules/pending/discord_spellcheck-1.zip: 63%
2024-07-27T06:56:25.347Z [Modules] Streaming discord_spellcheck@1 to /home/apu/.config/discord/0.0.61/modules/pending/discord_spellcheck-1.zip: 64%
2024-07-27T06:56:25.349Z [Modules] Streaming discord_spellcheck@1 to /home/apu/.config/discord/0.0.61/modules/pending/discord_spellcheck-1.zip: 65%
2024-07-27T06:56:25.351Z [Modules] Streaming discord_spellcheck@1 to /home/apu/.config/discord/0.0.61/modules/pending/discord_spellcheck-1.zip: 66%
2024-07-27T06:56:25.355Z [Modules] Streaming discord_spellcheck@1 to /home/apu/.config/discord/0.0.61/modules/pending/discord_spellcheck-1.zip: 67%
2024-07-27T06:56:25.358Z [Modules] Streaming discord_spellcheck@1 to /home/apu/.config/discord/0.0.61/modules/pending/discord_spellcheck-1.zip: 68%
2024-07-27T06:56:25.360Z [Modules] Streaming discord_spellcheck@1 to /home/apu/.config/discord/0.0.61/modules/pending/discord_spellcheck-1.zip: 69%
2024-07-27T06:56:25.365Z [Modules] Streaming discord_spellcheck@1 to /home/apu/.config/discord/0.0.61/modules/pending/discord_spellcheck-1.zip: 70%
2024-07-27T06:56:25.368Z [Modules] Streaming discord_spellcheck@1 to /home/apu/.config/discord/0.0.61/modules/pending/discord_spellcheck-1.zip: 71%
2024-07-27T06:56:25.372Z [Modules] Streaming discord_spellcheck@1 to /home/apu/.config/discord/0.0.61/modules/pending/discord_spellcheck-1.zip: 72%
2024-07-27T06:56:25.379Z [Modules] Streaming discord_spellcheck@1 to /home/apu/.config/discord/0.0.61/modules/pending/discord_spellcheck-1.zip: 73%
2024-07-27T06:56:25.382Z [Modules] Streaming discord_spellcheck@1 to /home/apu/.config/discord/0.0.61/modules/pending/discord_spellcheck-1.zip: 74%
2024-07-27T06:56:25.388Z [Modules] Streaming discord_spellcheck@1 to /home/apu/.config/discord/0.0.61/modules/pending/discord_spellcheck-1.zip: 75%
2024-07-27T06:56:25.388Z [Modules] Streaming discord_spellcheck@1 to /home/apu/.config/discord/0.0.61/modules/pending/discord_spellcheck-1.zip: 76%
2024-07-27T06:56:25.393Z [Modules] Streaming discord_spellcheck@1 to /home/apu/.config/discord/0.0.61/modules/pending/discord_spellcheck-1.zip: 77%
2024-07-27T06:56:25.396Z [Modules] Streaming discord_spellcheck@1 to /home/apu/.config/discord/0.0.61/modules/pending/discord_spellcheck-1.zip: 78%
2024-07-27T06:56:25.400Z [Modules] Streaming discord_spellcheck@1 to /home/apu/.config/discord/0.0.61/modules/pending/discord_spellcheck-1.zip: 79%
2024-07-27T06:56:25.402Z [Modules] Streaming discord_spellcheck@1 to /home/apu/.config/discord/0.0.61/modules/pending/discord_spellcheck-1.zip: 80%
2024-07-27T06:56:25.407Z [Modules] Streaming discord_spellcheck@1 to /home/apu/.config/discord/0.0.61/modules/pending/discord_spellcheck-1.zip: 81%
2024-07-27T06:56:25.418Z [Modules] Streaming discord_spellcheck@1 to /home/apu/.config/discord/0.0.61/modules/pending/discord_spellcheck-1.zip: 82%
2024-07-27T06:56:25.423Z [Modules] Streaming discord_spellcheck@1 to /home/apu/.config/discord/0.0.61/modules/pending/discord_spellcheck-1.zip: 83%
2024-07-27T06:56:25.425Z [Modules] Streaming discord_spellcheck@1 to /home/apu/.config/discord/0.0.61/modules/pending/discord_spellcheck-1.zip: 84%
2024-07-27T06:56:25.429Z [Modules] Streaming discord_spellcheck@1 to /home/apu/.config/discord/0.0.61/modules/pending/discord_spellcheck-1.zip: 85%
2024-07-27T06:56:25.431Z [Modules] Streaming discord_spellcheck@1 to /home/apu/.config/discord/0.0.61/modules/pending/discord_spellcheck-1.zip: 86%
2024-07-27T06:56:25.435Z [Modules] Streaming discord_spellcheck@1 to /home/apu/.config/discord/0.0.61/modules/pending/discord_spellcheck-1.zip: 87%
2024-07-27T06:56:25.439Z [Modules] Streaming discord_spellcheck@1 to /home/apu/.config/discord/0.0.61/modules/pending/discord_spellcheck-1.zip: 88%
2024-07-27T06:56:25.445Z [Modules] Streaming discord_spellcheck@1 to /home/apu/.config/discord/0.0.61/modules/pending/discord_spellcheck-1.zip: 89%
2024-07-27T06:56:25.450Z [Modules] Streaming discord_spellcheck@1 to /home/apu/.config/discord/0.0.61/modules/pending/discord_spellcheck-1.zip: 90%
2024-07-27T06:56:25.461Z [Modules] Streaming discord_spellcheck@1 to /home/apu/.config/discord/0.0.61/modules/pending/discord_spellcheck-1.zip: 91%
2024-07-27T06:56:25.464Z [Modules] Streaming discord_spellcheck@1 to /home/apu/.config/discord/0.0.61/modules/pending/discord_spellcheck-1.zip: 92%
2024-07-27T06:56:25.472Z [Modules] Streaming discord_spellcheck@1 to /home/apu/.config/discord/0.0.61/modules/pending/discord_spellcheck-1.zip: 93%
2024-07-27T06:56:25.474Z [Modules] Streaming discord_spellcheck@1 to /home/apu/.config/discord/0.0.61/modules/pending/discord_spellcheck-1.zip: 94%
2024-07-27T06:56:25.479Z [Modules] Streaming discord_spellcheck@1 to /home/apu/.config/discord/0.0.61/modules/pending/discord_spellcheck-1.zip: 95%
2024-07-27T06:56:25.483Z [Modules] Streaming discord_spellcheck@1 to /home/apu/.config/discord/0.0.61/modules/pending/discord_spellcheck-1.zip: 96%
2024-07-27T06:56:25.485Z [Modules] Streaming discord_spellcheck@1 to /home/apu/.config/discord/0.0.61/modules/pending/discord_spellcheck-1.zip: 97%
2024-07-27T06:56:25.493Z [Modules] Streaming discord_spellcheck@1 to /home/apu/.config/discord/0.0.61/modules/pending/discord_spellcheck-1.zip: 98%
2024-07-27T06:56:25.495Z [Modules] Streaming discord_spellcheck@1 to /home/apu/.config/discord/0.0.61/modules/pending/discord_spellcheck-1.zip: 99%
2024-07-27T06:56:25.498Z [Modules] Streaming discord_spellcheck@1 to /home/apu/.config/discord/0.0.61/modules/pending/discord_spellcheck-1.zip: 100%
2024-07-27T06:56:25.499Z [Modules] Fetching discord_utils@1 from https://discord.com/api/modules/stable/discord_utils/1
2024-07-27T06:56:25.499Z [Modules] Streaming discord_utils@1 to /home/apu/.config/discord/0.0.61/modules/pending/discord_utils-1.zip
2024-07-27T06:56:25.633Z [Modules] Streaming discord_utils@1 to /home/apu/.config/discord/0.0.61/modules/pending/discord_utils-1.zip: 1%
2024-07-27T06:56:25.634Z [Modules] Streaming discord_utils@1 to /home/apu/.config/discord/0.0.61/modules/pending/discord_utils-1.zip: 2%
2024-07-27T06:56:25.637Z [Modules] Streaming discord_utils@1 to /home/apu/.config/discord/0.0.61/modules/pending/discord_utils-1.zip: 4%
2024-07-27T06:56:25.639Z [Modules] Streaming discord_utils@1 to /home/apu/.config/discord/0.0.61/modules/pending/discord_utils-1.zip: 6%
2024-07-27T06:56:25.641Z [Modules] Streaming discord_utils@1 to /home/apu/.config/discord/0.0.61/modules/pending/discord_utils-1.zip: 8%
2024-07-27T06:56:25.643Z [Modules] Streaming discord_utils@1 to /home/apu/.config/discord/0.0.61/modules/pending/discord_utils-1.zip: 10%
2024-07-27T06:56:25.646Z [Modules] Streaming discord_utils@1 to /home/apu/.config/discord/0.0.61/modules/pending/discord_utils-1.zip: 12%
2024-07-27T06:56:25.648Z [Modules] Streaming discord_utils@1 to /home/apu/.config/discord/0.0.61/modules/pending/discord_utils-1.zip: 14%
2024-07-27T06:56:25.650Z [Modules] Streaming discord_utils@1 to /home/apu/.config/discord/0.0.61/modules/pending/discord_utils-1.zip: 15%
2024-07-27T06:56:25.652Z [Modules] Streaming discord_utils@1 to /home/apu/.config/discord/0.0.61/modules/pending/discord_utils-1.zip: 17%
2024-07-27T06:56:25.654Z [Modules] Streaming discord_utils@1 to /home/apu/.config/discord/0.0.61/modules/pending/discord_utils-1.zip: 18%
2024-07-27T06:56:25.656Z [Modules] Streaming discord_utils@1 to /home/apu/.config/discord/0.0.61/modules/pending/discord_utils-1.zip: 20%
2024-07-27T06:56:25.658Z [Modules] Streaming discord_utils@1 to /home/apu/.config/discord/0.0.61/modules/pending/discord_utils-1.zip: 22%
2024-07-27T06:56:25.660Z [Modules] Streaming discord_utils@1 to /home/apu/.config/discord/0.0.61/modules/pending/discord_utils-1.zip: 23%
2024-07-27T06:56:25.662Z [Modules] Streaming discord_utils@1 to /home/apu/.config/discord/0.0.61/modules/pending/discord_utils-1.zip: 25%
2024-07-27T06:56:25.664Z [Modules] Streaming discord_utils@1 to /home/apu/.config/discord/0.0.61/modules/pending/discord_utils-1.zip: 27%
2024-07-27T06:56:25.666Z [Modules] Streaming discord_utils@1 to /home/apu/.config/discord/0.0.61/modules/pending/discord_utils-1.zip: 29%
2024-07-27T06:56:25.668Z [Modules] Streaming discord_utils@1 to /home/apu/.config/discord/0.0.61/modules/pending/discord_utils-1.zip: 31%
2024-07-27T06:56:25.669Z [Modules] Streaming discord_utils@1 to /home/apu/.config/discord/0.0.61/modules/pending/discord_utils-1.zip: 32%
2024-07-27T06:56:25.672Z [Modules] Streaming discord_utils@1 to /home/apu/.config/discord/0.0.61/modules/pending/discord_utils-1.zip: 33%
2024-07-27T06:56:25.673Z [Modules] Streaming discord_utils@1 to /home/apu/.config/discord/0.0.61/modules/pending/discord_utils-1.zip: 34%
2024-07-27T06:56:25.675Z [Modules] Streaming discord_utils@1 to /home/apu/.config/discord/0.0.61/modules/pending/discord_utils-1.zip: 36%
2024-07-27T06:56:25.681Z [Modules] Streaming discord_utils@1 to /home/apu/.config/discord/0.0.61/modules/pending/discord_utils-1.zip: 38%
2024-07-27T06:56:25.684Z [Modules] Streaming discord_utils@1 to /home/apu/.config/discord/0.0.61/modules/pending/discord_utils-1.zip: 40%
2024-07-27T06:56:25.686Z [Modules] Streaming discord_utils@1 to /home/apu/.config/discord/0.0.61/modules/pending/discord_utils-1.zip: 41%
2024-07-27T06:56:25.689Z [Modules] Streaming discord_utils@1 to /home/apu/.config/discord/0.0.61/modules/pending/discord_utils-1.zip: 43%
2024-07-27T06:56:25.690Z [Modules] Streaming discord_utils@1 to /home/apu/.config/discord/0.0.61/modules/pending/discord_utils-1.zip: 45%
2024-07-27T06:56:25.691Z [Modules] Streaming discord_utils@1 to /home/apu/.config/discord/0.0.61/modules/pending/discord_utils-1.zip: 47%
2024-07-27T06:56:25.694Z [Modules] Streaming discord_utils@1 to /home/apu/.config/discord/0.0.61/modules/pending/discord_utils-1.zip: 49%
2024-07-27T06:56:25.696Z [Modules] Streaming discord_utils@1 to /home/apu/.config/discord/0.0.61/modules/pending/discord_utils-1.zip: 51%
2024-07-27T06:56:25.698Z [Modules] Streaming discord_utils@1 to /home/apu/.config/discord/0.0.61/modules/pending/discord_utils-1.zip: 53%
2024-07-27T06:56:25.700Z [Modules] Streaming discord_utils@1 to /home/apu/.config/discord/0.0.61/modules/pending/discord_utils-1.zip: 55%
2024-07-27T06:56:25.703Z [Modules] Streaming discord_utils@1 to /home/apu/.config/discord/0.0.61/modules/pending/discord_utils-1.zip: 57%
2024-07-27T06:56:25.705Z [Modules] Streaming discord_utils@1 to /home/apu/.config/discord/0.0.61/modules/pending/discord_utils-1.zip: 59%
2024-07-27T06:56:25.708Z [Modules] Streaming discord_utils@1 to /home/apu/.config/discord/0.0.61/modules/pending/discord_utils-1.zip: 60%
2024-07-27T06:56:25.709Z [Modules] Streaming discord_utils@1 to /home/apu/.config/discord/0.0.61/modules/pending/discord_utils-1.zip: 62%
2024-07-27T06:56:25.711Z [Modules] Streaming discord_utils@1 to /home/apu/.config/discord/0.0.61/modules/pending/discord_utils-1.zip: 64%
2024-07-27T06:56:25.714Z [Modules] Streaming discord_utils@1 to /home/apu/.config/discord/0.0.61/modules/pending/discord_utils-1.zip: 65%
2024-07-27T06:56:25.716Z [Modules] Streaming discord_utils@1 to /home/apu/.config/discord/0.0.61/modules/pending/discord_utils-1.zip: 67%
2024-07-27T06:56:25.718Z [Modules] Streaming discord_utils@1 to /home/apu/.config/discord/0.0.61/modules/pending/discord_utils-1.zip: 69%
2024-07-27T06:56:25.736Z [Modules] Streaming discord_utils@1 to /home/apu/.config/discord/0.0.61/modules/pending/discord_utils-1.zip: 71%
2024-07-27T06:56:25.738Z [Modules] Streaming discord_utils@1 to /home/apu/.config/discord/0.0.61/modules/pending/discord_utils-1.zip: 73%
2024-07-27T06:56:25.740Z [Modules] Streaming discord_utils@1 to /home/apu/.config/discord/0.0.61/modules/pending/discord_utils-1.zip: 75%
2024-07-27T06:56:25.742Z [Modules] Streaming discord_utils@1 to /home/apu/.config/discord/0.0.61/modules/pending/discord_utils-1.zip: 77%
2024-07-27T06:56:25.746Z [Modules] Streaming discord_utils@1 to /home/apu/.config/discord/0.0.61/modules/pending/discord_utils-1.zip: 79%
2024-07-27T06:56:25.748Z [Modules] Streaming discord_utils@1 to /home/apu/.config/discord/0.0.61/modules/pending/discord_utils-1.zip: 81%
2024-07-27T06:56:25.750Z [Modules] Streaming discord_utils@1 to /home/apu/.config/discord/0.0.61/modules/pending/discord_utils-1.zip: 83%
2024-07-27T06:56:25.752Z [Modules] Streaming discord_utils@1 to /home/apu/.config/discord/0.0.61/modules/pending/discord_utils-1.zip: 85%
2024-07-27T06:56:25.754Z [Modules] Streaming discord_utils@1 to /home/apu/.config/discord/0.0.61/modules/pending/discord_utils-1.zip: 87%
2024-07-27T06:56:25.760Z [Modules] Streaming discord_utils@1 to /home/apu/.config/discord/0.0.61/modules/pending/discord_utils-1.zip: 88%
2024-07-27T06:56:25.765Z [Modules] Streaming discord_utils@1 to /home/apu/.config/discord/0.0.61/modules/pending/discord_utils-1.zip: 90%
2024-07-27T06:56:25.765Z [Modules] Streaming discord_utils@1 to /home/apu/.config/discord/0.0.61/modules/pending/discord_utils-1.zip: 93%
2024-07-27T06:56:25.768Z [Modules] Streaming discord_utils@1 to /home/apu/.config/discord/0.0.61/modules/pending/discord_utils-1.zip: 95%
2024-07-27T06:56:25.770Z [Modules] Streaming discord_utils@1 to /home/apu/.config/discord/0.0.61/modules/pending/discord_utils-1.zip: 97%
2024-07-27T06:56:25.772Z [Modules] Streaming discord_utils@1 to /home/apu/.config/discord/0.0.61/modules/pending/discord_utils-1.zip: 98%
2024-07-27T06:56:25.773Z [Modules] Streaming discord_utils@1 to /home/apu/.config/discord/0.0.61/modules/pending/discord_utils-1.zip: 100%
2024-07-27T06:56:25.775Z [Modules] Fetching discord_voice@1 from https://discord.com/api/modules/stable/discord_voice/1
2024-07-27T06:56:25.775Z [Modules] Streaming discord_voice@1 to /home/apu/.config/discord/0.0.61/modules/pending/discord_voice-1.zip
2024-07-27T06:56:25.889Z [Modules] Streaming discord_voice@1 to /home/apu/.config/discord/0.0.61/modules/pending/discord_voice-1.zip: 1%
2024-07-27T06:56:25.902Z [Modules] Streaming discord_voice@1 to /home/apu/.config/discord/0.0.61/modules/pending/discord_voice-1.zip: 2%
2024-07-27T06:56:25.908Z [Modules] Streaming discord_voice@1 to /home/apu/.config/discord/0.0.61/modules/pending/discord_voice-1.zip: 3%
2024-07-27T06:56:25.915Z [Modules] Streaming discord_voice@1 to /home/apu/.config/discord/0.0.61/modules/pending/discord_voice-1.zip: 4%
2024-07-27T06:56:25.928Z [Modules] Streaming discord_voice@1 to /home/apu/.config/discord/0.0.61/modules/pending/discord_voice-1.zip: 5%
2024-07-27T06:56:25.936Z [Modules] Streaming discord_voice@1 to /home/apu/.config/discord/0.0.61/modules/pending/discord_voice-1.zip: 6%
2024-07-27T06:56:25.947Z [Modules] Streaming discord_voice@1 to /home/apu/.config/discord/0.0.61/modules/pending/discord_voice-1.zip: 7%
2024-07-27T06:56:25.956Z [Modules] Streaming discord_voice@1 to /home/apu/.config/discord/0.0.61/modules/pending/discord_voice-1.zip: 8%
2024-07-27T06:56:25.965Z [Modules] Streaming discord_voice@1 to /home/apu/.config/discord/0.0.61/modules/pending/discord_voice-1.zip: 9%
2024-07-27T06:56:25.974Z [Modules] Streaming discord_voice@1 to /home/apu/.config/discord/0.0.61/modules/pending/discord_voice-1.zip: 10%
2024-07-27T06:56:25.983Z [Modules] Streaming discord_voice@1 to /home/apu/.config/discord/0.0.61/modules/pending/discord_voice-1.zip: 11%
2024-07-27T06:56:25.993Z [Modules] Streaming discord_voice@1 to /home/apu/.config/discord/0.0.61/modules/pending/discord_voice-1.zip: 12%
2024-07-27T06:56:26.001Z [Modules] Streaming discord_voice@1 to /home/apu/.config/discord/0.0.61/modules/pending/discord_voice-1.zip: 13%
2024-07-27T06:56:26.010Z [Modules] Streaming discord_voice@1 to /home/apu/.config/discord/0.0.61/modules/pending/discord_voice-1.zip: 14%
2024-07-27T06:56:26.024Z [Modules] Streaming discord_voice@1 to /home/apu/.config/discord/0.0.61/modules/pending/discord_voice-1.zip: 15%
2024-07-27T06:56:26.033Z [Modules] Streaming discord_voice@1 to /home/apu/.config/discord/0.0.61/modules/pending/discord_voice-1.zip: 16%
2024-07-27T06:56:26.047Z [Modules] Streaming discord_voice@1 to /home/apu/.config/discord/0.0.61/modules/pending/discord_voice-1.zip: 17%
2024-07-27T06:56:26.051Z [Modules] Streaming discord_voice@1 to /home/apu/.config/discord/0.0.61/modules/pending/discord_voice-1.zip: 18%
2024-07-27T06:56:26.063Z [Modules] Streaming discord_voice@1 to /home/apu/.config/discord/0.0.61/modules/pending/discord_voice-1.zip: 19%
2024-07-27T06:56:26.080Z [Modules] Streaming discord_voice@1 to /home/apu/.config/discord/0.0.61/modules/pending/discord_voice-1.zip: 20%
2024-07-27T06:56:26.086Z [Modules] Streaming discord_voice@1 to /home/apu/.config/discord/0.0.61/modules/pending/discord_voice-1.zip: 21%
2024-07-27T06:56:26.103Z [Modules] Streaming discord_voice@1 to /home/apu/.config/discord/0.0.61/modules/pending/discord_voice-1.zip: 22%
2024-07-27T06:56:26.110Z [Modules] Streaming discord_voice@1 to /home/apu/.config/discord/0.0.61/modules/pending/discord_voice-1.zip: 23%
2024-07-27T06:56:26.119Z [Modules] Streaming discord_voice@1 to /home/apu/.config/discord/0.0.61/modules/pending/discord_voice-1.zip: 24%
2024-07-27T06:56:26.126Z [Modules] Streaming discord_voice@1 to /home/apu/.config/discord/0.0.61/modules/pending/discord_voice-1.zip: 25%
2024-07-27T06:56:26.133Z [Modules] Streaming discord_voice@1 to /home/apu/.config/discord/0.0.61/modules/pending/discord_voice-1.zip: 26%
2024-07-27T06:56:26.141Z [Modules] Streaming discord_voice@1 to /home/apu/.config/discord/0.0.61/modules/pending/discord_voice-1.zip: 27%
2024-07-27T06:56:26.155Z [Modules] Streaming discord_voice@1 to /home/apu/.config/discord/0.0.61/modules/pending/discord_voice-1.zip: 28%
2024-07-27T06:56:26.165Z [Modules] Streaming discord_voice@1 to /home/apu/.config/discord/0.0.61/modules/pending/discord_voice-1.zip: 29%
2024-07-27T06:56:26.180Z [Modules] Streaming discord_voice@1 to /home/apu/.config/discord/0.0.61/modules/pending/discord_voice-1.zip: 30%
2024-07-27T06:56:26.186Z [Modules] Streaming discord_voice@1 to /home/apu/.config/discord/0.0.61/modules/pending/discord_voice-1.zip: 31%
2024-07-27T06:56:26.204Z [Modules] Streaming discord_voice@1 to /home/apu/.config/discord/0.0.61/modules/pending/discord_voice-1.zip: 32%
2024-07-27T06:56:26.214Z [Modules] Streaming discord_voice@1 to /home/apu/.config/discord/0.0.61/modules/pending/discord_voice-1.zip: 33%
2024-07-27T06:56:26.224Z [Modules] Streaming discord_voice@1 to /home/apu/.config/discord/0.0.61/modules/pending/discord_voice-1.zip: 34%
2024-07-27T06:56:26.234Z [Modules] Streaming discord_voice@1 to /home/apu/.config/discord/0.0.61/modules/pending/discord_voice-1.zip: 35%
2024-07-27T06:56:26.241Z [Modules] Streaming discord_voice@1 to /home/apu/.config/discord/0.0.61/modules/pending/discord_voice-1.zip: 36%
2024-07-27T06:56:26.249Z [Modules] Streaming discord_voice@1 to /home/apu/.config/discord/0.0.61/modules/pending/discord_voice-1.zip: 37%
2024-07-27T06:56:26.256Z [Modules] Streaming discord_voice@1 to /home/apu/.config/discord/0.0.61/modules/pending/discord_voice-1.zip: 38%
2024-07-27T06:56:26.277Z [Modules] Streaming discord_voice@1 to /home/apu/.config/discord/0.0.61/modules/pending/discord_voice-1.zip: 39%
2024-07-27T06:56:26.285Z [Modules] Streaming discord_voice@1 to /home/apu/.config/discord/0.0.61/modules/pending/discord_voice-1.zip: 40%
2024-07-27T06:56:26.293Z [Modules] Streaming discord_voice@1 to /home/apu/.config/discord/0.0.61/modules/pending/discord_voice-1.zip: 41%
2024-07-27T06:56:26.303Z [Modules] Streaming discord_voice@1 to /home/apu/.config/discord/0.0.61/modules/pending/discord_voice-1.zip: 42%
2024-07-27T06:56:26.309Z [Modules] Streaming discord_voice@1 to /home/apu/.config/discord/0.0.61/modules/pending/discord_voice-1.zip: 43%
2024-07-27T06:56:26.322Z [Modules] Streaming discord_voice@1 to /home/apu/.config/discord/0.0.61/modules/pending/discord_voice-1.zip: 44%
2024-07-27T06:56:26.330Z [Modules] Streaming discord_voice@1 to /home/apu/.config/discord/0.0.61/modules/pending/discord_voice-1.zip: 45%
2024-07-27T06:56:26.339Z [Modules] Streaming discord_voice@1 to /home/apu/.config/discord/0.0.61/modules/pending/discord_voice-1.zip: 46%
2024-07-27T06:56:26.355Z [Modules] Streaming discord_voice@1 to /home/apu/.config/discord/0.0.61/modules/pending/discord_voice-1.zip: 47%
2024-07-27T06:56:26.362Z [Modules] Streaming discord_voice@1 to /home/apu/.config/discord/0.0.61/modules/pending/discord_voice-1.zip: 48%
2024-07-27T06:56:26.388Z [Modules] Streaming discord_voice@1 to /home/apu/.config/discord/0.0.61/modules/pending/discord_voice-1.zip: 49%
2024-07-27T06:56:26.397Z [Modules] Streaming discord_voice@1 to /home/apu/.config/discord/0.0.61/modules/pending/discord_voice-1.zip: 50%
2024-07-27T06:56:26.405Z [Modules] Streaming discord_voice@1 to /home/apu/.config/discord/0.0.61/modules/pending/discord_voice-1.zip: 51%
2024-07-27T06:56:26.414Z [Modules] Streaming discord_voice@1 to /home/apu/.config/discord/0.0.61/modules/pending/discord_voice-1.zip: 52%
2024-07-27T06:56:26.422Z [Modules] Streaming discord_voice@1 to /home/apu/.config/discord/0.0.61/modules/pending/discord_voice-1.zip: 53%
2024-07-27T06:56:26.430Z [Modules] Streaming discord_voice@1 to /home/apu/.config/discord/0.0.61/modules/pending/discord_voice-1.zip: 54%
2024-07-27T06:56:26.437Z [Modules] Streaming discord_voice@1 to /home/apu/.config/discord/0.0.61/modules/pending/discord_voice-1.zip: 55%
2024-07-27T06:56:26.445Z [Modules] Streaming discord_voice@1 to /home/apu/.config/discord/0.0.61/modules/pending/discord_voice-1.zip: 56%
2024-07-27T06:56:26.472Z [Modules] Streaming discord_voice@1 to /home/apu/.config/discord/0.0.61/modules/pending/discord_voice-1.zip: 57%
2024-07-27T06:56:26.481Z [Modules] Streaming discord_voice@1 to /home/apu/.config/discord/0.0.61/modules/pending/discord_voice-1.zip: 58%
2024-07-27T06:56:26.492Z [Modules] Streaming discord_voice@1 to /home/apu/.config/discord/0.0.61/modules/pending/discord_voice-1.zip: 59%
2024-07-27T06:56:26.498Z [Modules] Streaming discord_voice@1 to /home/apu/.config/discord/0.0.61/modules/pending/discord_voice-1.zip: 60%
2024-07-27T06:56:26.508Z [Modules] Streaming discord_voice@1 to /home/apu/.config/discord/0.0.61/modules/pending/discord_voice-1.zip: 61%
2024-07-27T06:56:26.515Z [Modules] Streaming discord_voice@1 to /home/apu/.config/discord/0.0.61/modules/pending/discord_voice-1.zip: 62%
2024-07-27T06:56:26.524Z [Modules] Streaming discord_voice@1 to /home/apu/.config/discord/0.0.61/modules/pending/discord_voice-1.zip: 63%
2024-07-27T06:56:26.534Z [Modules] Streaming discord_voice@1 to /home/apu/.config/discord/0.0.61/modules/pending/discord_voice-1.zip: 64%
2024-07-27T06:56:26.545Z [Modules] Streaming discord_voice@1 to /home/apu/.config/discord/0.0.61/modules/pending/discord_voice-1.zip: 65%
2024-07-27T06:56:26.551Z [Modules] Streaming discord_voice@1 to /home/apu/.config/discord/0.0.61/modules/pending/discord_voice-1.zip: 66%
2024-07-27T06:56:26.559Z [Modules] Streaming discord_voice@1 to /home/apu/.config/discord/0.0.61/modules/pending/discord_voice-1.zip: 67%
2024-07-27T06:56:26.568Z [Modules] Streaming discord_voice@1 to /home/apu/.config/discord/0.0.61/modules/pending/discord_voice-1.zip: 68%
2024-07-27T06:56:26.583Z [Modules] Streaming discord_voice@1 to /home/apu/.config/discord/0.0.61/modules/pending/discord_voice-1.zip: 69%
2024-07-27T06:56:26.589Z [Modules] Streaming discord_voice@1 to /home/apu/.config/discord/0.0.61/modules/pending/discord_voice-1.zip: 70%
2024-07-27T06:56:26.597Z [Modules] Streaming discord_voice@1 to /home/apu/.config/discord/0.0.61/modules/pending/discord_voice-1.zip: 71%
2024-07-27T06:56:26.606Z [Modules] Streaming discord_voice@1 to /home/apu/.config/discord/0.0.61/modules/pending/discord_voice-1.zip: 72%
2024-07-27T06:56:26.619Z [Modules] Streaming discord_voice@1 to /home/apu/.config/discord/0.0.61/modules/pending/discord_voice-1.zip: 73%
2024-07-27T06:56:26.629Z [Modules] Streaming discord_voice@1 to /home/apu/.config/discord/0.0.61/modules/pending/discord_voice-1.zip: 74%
2024-07-27T06:56:26.641Z [Modules] Streaming discord_voice@1 to /home/apu/.config/discord/0.0.61/modules/pending/discord_voice-1.zip: 75%
2024-07-27T06:56:26.649Z [Modules] Streaming discord_voice@1 to /home/apu/.config/discord/0.0.61/modules/pending/discord_voice-1.zip: 76%
2024-07-27T06:56:26.656Z [Modules] Streaming discord_voice@1 to /home/apu/.config/discord/0.0.61/modules/pending/discord_voice-1.zip: 77%
2024-07-27T06:56:26.672Z [Modules] Streaming discord_voice@1 to /home/apu/.config/discord/0.0.61/modules/pending/discord_voice-1.zip: 78%
2024-07-27T06:56:26.677Z [Modules] Streaming discord_voice@1 to /home/apu/.config/discord/0.0.61/modules/pending/discord_voice-1.zip: 79%
2024-07-27T06:56:26.682Z [Modules] Streaming discord_voice@1 to /home/apu/.config/discord/0.0.61/modules/pending/discord_voice-1.zip: 80%
2024-07-27T06:56:26.691Z [Modules] Streaming discord_voice@1 to /home/apu/.config/discord/0.0.61/modules/pending/discord_voice-1.zip: 81%
2024-07-27T06:56:26.704Z [Modules] Streaming discord_voice@1 to /home/apu/.config/discord/0.0.61/modules/pending/discord_voice-1.zip: 82%
2024-07-27T06:56:26.714Z [Modules] Streaming discord_voice@1 to /home/apu/.config/discord/0.0.61/modules/pending/discord_voice-1.zip: 83%
2024-07-27T06:56:26.727Z [Modules] Streaming discord_voice@1 to /home/apu/.config/discord/0.0.61/modules/pending/discord_voice-1.zip: 84%
2024-07-27T06:56:26.735Z [Modules] Streaming discord_voice@1 to /home/apu/.config/discord/0.0.61/modules/pending/discord_voice-1.zip: 85%
2024-07-27T06:56:26.743Z [Modules] Streaming discord_voice@1 to /home/apu/.config/discord/0.0.61/modules/pending/discord_voice-1.zip: 86%
2024-07-27T06:56:26.751Z [Modules] Streaming discord_voice@1 to /home/apu/.config/discord/0.0.61/modules/pending/discord_voice-1.zip: 87%
2024-07-27T06:56:26.767Z [Modules] Streaming discord_voice@1 to /home/apu/.config/discord/0.0.61/modules/pending/discord_voice-1.zip: 88%
2024-07-27T06:56:26.776Z [Modules] Streaming discord_voice@1 to /home/apu/.config/discord/0.0.61/modules/pending/discord_voice-1.zip: 89%
2024-07-27T06:56:26.789Z [Modules] Streaming discord_voice@1 to /home/apu/.config/discord/0.0.61/modules/pending/discord_voice-1.zip: 90%
2024-07-27T06:56:26.797Z [Modules] Streaming discord_voice@1 to /home/apu/.config/discord/0.0.61/modules/pending/discord_voice-1.zip: 91%
2024-07-27T06:56:26.809Z [Modules] Streaming discord_voice@1 to /home/apu/.config/discord/0.0.61/modules/pending/discord_voice-1.zip: 92%
2024-07-27T06:56:26.860Z [Modules] Streaming discord_voice@1 to /home/apu/.config/discord/0.0.61/modules/pending/discord_voice-1.zip: 93%
2024-07-27T06:56:26.869Z [Modules] Streaming discord_voice@1 to /home/apu/.config/discord/0.0.61/modules/pending/discord_voice-1.zip: 94%
2024-07-27T06:56:26.886Z [Modules] Streaming discord_voice@1 to /home/apu/.config/discord/0.0.61/modules/pending/discord_voice-1.zip: 95%
2024-07-27T06:56:26.895Z [Modules] Streaming discord_voice@1 to /home/apu/.config/discord/0.0.61/modules/pending/discord_voice-1.zip: 96%
2024-07-27T06:56:26.901Z [Modules] Streaming discord_voice@1 to /home/apu/.config/discord/0.0.61/modules/pending/discord_voice-1.zip: 97%
2024-07-27T06:56:26.912Z [Modules] Streaming discord_voice@1 to /home/apu/.config/discord/0.0.61/modules/pending/discord_voice-1.zip: 98%
2024-07-27T06:56:26.916Z [Modules] Streaming discord_voice@1 to /home/apu/.config/discord/0.0.61/modules/pending/discord_voice-1.zip: 99%
2024-07-27T06:56:26.924Z [Modules] Streaming discord_voice@1 to /home/apu/.config/discord/0.0.61/modules/pending/discord_voice-1.zip: 100%
2024-07-27T06:56:26.926Z [Modules] Fetching discord_zstd@1 from https://discord.com/api/modules/stable/discord_zstd/1
2024-07-27T06:56:26.926Z [Modules] Streaming discord_zstd@1 to /home/apu/.config/discord/0.0.61/modules/pending/discord_zstd-1.zip
2024-07-27T06:56:27.044Z [Modules] Streaming discord_zstd@1 to /home/apu/.config/discord/0.0.61/modules/pending/discord_zstd-1.zip: 15%
2024-07-27T06:56:27.045Z [Modules] Streaming discord_zstd@1 to /home/apu/.config/discord/0.0.61/modules/pending/discord_zstd-1.zip: 31%
2024-07-27T06:56:27.048Z [Modules] Streaming discord_zstd@1 to /home/apu/.config/discord/0.0.61/modules/pending/discord_zstd-1.zip: 39%
2024-07-27T06:56:27.049Z [Modules] Streaming discord_zstd@1 to /home/apu/.config/discord/0.0.61/modules/pending/discord_zstd-1.zip: 55%
2024-07-27T06:56:27.052Z [Modules] Streaming discord_zstd@1 to /home/apu/.config/discord/0.0.61/modules/pending/discord_zstd-1.zip: 71%
2024-07-27T06:56:27.053Z [Modules] Streaming discord_zstd@1 to /home/apu/.config/discord/0.0.61/modules/pending/discord_zstd-1.zip: 87%
2024-07-27T06:56:27.055Z [Modules] Streaming discord_zstd@1 to /home/apu/.config/discord/0.0.61/modules/pending/discord_zstd-1.zip: 95%
2024-07-27T06:56:27.056Z [Modules] Streaming discord_zstd@1 to /home/apu/.config/discord/0.0.61/modules/pending/discord_zstd-1.zip: 100%
2024-07-27T06:56:27.058Z [Modules] Finished module downloads. [success: 6] [failure: 0]
2024-07-27T06:56:27.059Z [Modules] Installing updates...
2024-07-27T06:56:27.059Z [Modules] Installing discord_desktop_core@1 from /home/apu/.config/discord/0.0.61/modules/pending/discord_desktop_core-1.zip
2024-07-27T06:56:27.152Z [Modules] Installing discord_erlpack@1 from /home/apu/.config/discord/0.0.61/modules/pending/discord_erlpack-1.zip
2024-07-27T06:56:27.212Z [Modules] Installing discord_spellcheck@1 from /home/apu/.config/discord/0.0.61/modules/pending/discord_spellcheck-1.zip
2024-07-27T06:56:27.799Z [Modules] Installing discord_utils@1 from /home/apu/.config/discord/0.0.61/modules/pending/discord_utils-1.zip
2024-07-27T06:56:27.924Z [Modules] Installing discord_voice@1 from /home/apu/.config/discord/0.0.61/modules/pending/discord_voice-1.zip
2024-07-27T06:56:28.399Z [Modules] Installing discord_zstd@1 from /home/apu/.config/discord/0.0.61/modules/pending/discord_zstd-1.zip
2024-07-27T06:56:28.412Z [Modules] Finished module installations. [success: 6] [failure: 0]
2024-07-27T06:56:28.412Z [Modules] Checking for host updates.
2024-07-27T06:56:28.492Z [Modules] Host is up to date.
2024-07-27T06:56:28.492Z [Modules] Checking for module updates at https://discord.com/api/modules/stable/versions.json
2024-07-27T06:56:28.498Z [Modules] No module updates available.
2024-07-27T06:56:30.618Z [Modules] Starting to install discord_krisp...
2024-07-27T06:56:30.618Z [Modules] Fetching discord_krisp@1 from https://discord.com/api/modules/stable/discord_krisp/1
2024-07-27T06:56:30.618Z [Modules] Streaming discord_krisp@1 to /home/apu/.config/discord/0.0.61/modules/pending/discord_krisp-1.zip
2024-07-27T06:56:30.626Z [Modules] Starting to install discord_game_utils...
2024-07-27T06:56:30.755Z [Modules] Streaming discord_krisp@1 to /home/apu/.config/discord/0.0.61/modules/pending/discord_krisp-1.zip: 1%
2024-07-27T06:56:30.772Z [Modules] Streaming discord_krisp@1 to /home/apu/.config/discord/0.0.61/modules/pending/discord_krisp-1.zip: 2%
2024-07-27T06:56:30.789Z [Modules] Streaming discord_krisp@1 to /home/apu/.config/discord/0.0.61/modules/pending/discord_krisp-1.zip: 3%
2024-07-27T06:56:30.800Z [Modules] Streaming discord_krisp@1 to /home/apu/.config/discord/0.0.61/modules/pending/discord_krisp-1.zip: 4%
2024-07-27T06:56:30.810Z [Modules] Streaming discord_krisp@1 to /home/apu/.config/discord/0.0.61/modules/pending/discord_krisp-1.zip: 5%
2024-07-27T06:56:30.856Z [Modules] Streaming discord_krisp@1 to /home/apu/.config/discord/0.0.61/modules/pending/discord_krisp-1.zip: 6%
2024-07-27T06:56:30.887Z [Modules] Streaming discord_krisp@1 to /home/apu/.config/discord/0.0.61/modules/pending/discord_krisp-1.zip: 7%
2024-07-27T06:56:30.891Z [Modules] Streaming discord_krisp@1 to /home/apu/.config/discord/0.0.61/modules/pending/discord_krisp-1.zip: 8%
2024-07-27T06:56:30.892Z [Modules] Streaming discord_krisp@1 to /home/apu/.config/discord/0.0.61/modules/pending/discord_krisp-1.zip: 9%
2024-07-27T06:56:30.909Z [Modules] Streaming discord_krisp@1 to /home/apu/.config/discord/0.0.61/modules/pending/discord_krisp-1.zip: 10%
2024-07-27T06:56:30.961Z [Modules] Streaming discord_krisp@1 to /home/apu/.config/discord/0.0.61/modules/pending/discord_krisp-1.zip: 11%
2024-07-27T06:56:30.976Z [Modules] Streaming discord_krisp@1 to /home/apu/.config/discord/0.0.61/modules/pending/discord_krisp-1.zip: 12%
2024-07-27T06:56:31.163Z [Modules] Streaming discord_krisp@1 to /home/apu/.config/discord/0.0.61/modules/pending/discord_krisp-1.zip: 13%
2024-07-27T06:56:31.196Z [Modules] Streaming discord_krisp@1 to /home/apu/.config/discord/0.0.61/modules/pending/discord_krisp-1.zip: 14%
2024-07-27T06:56:31.214Z [Modules] Streaming discord_krisp@1 to /home/apu/.config/discord/0.0.61/modules/pending/discord_krisp-1.zip: 15%
2024-07-27T06:56:31.233Z [Modules] Streaming discord_krisp@1 to /home/apu/.config/discord/0.0.61/modules/pending/discord_krisp-1.zip: 16%
2024-07-27T06:56:31.255Z [Modules] Streaming discord_krisp@1 to /home/apu/.config/discord/0.0.61/modules/pending/discord_krisp-1.zip: 17%
2024-07-27T06:56:31.332Z [Modules] Streaming discord_krisp@1 to /home/apu/.config/discord/0.0.61/modules/pending/discord_krisp-1.zip: 18%
2024-07-27T06:56:31.352Z [Modules] Streaming discord_krisp@1 to /home/apu/.config/discord/0.0.61/modules/pending/discord_krisp-1.zip: 19%
2024-07-27T06:56:31.376Z [Modules] Streaming discord_krisp@1 to /home/apu/.config/discord/0.0.61/modules/pending/discord_krisp-1.zip: 20%
2024-07-27T06:56:31.388Z [Modules] Streaming discord_krisp@1 to /home/apu/.config/discord/0.0.61/modules/pending/discord_krisp-1.zip: 21%
2024-07-27T06:56:31.414Z [Modules] Streaming discord_krisp@1 to /home/apu/.config/discord/0.0.61/modules/pending/discord_krisp-1.zip: 22%
2024-07-27T06:56:31.446Z [Modules] Streaming discord_krisp@1 to /home/apu/.config/discord/0.0.61/modules/pending/discord_krisp-1.zip: 23%
2024-07-27T06:56:31.456Z [Modules] Streaming discord_krisp@1 to /home/apu/.config/discord/0.0.61/modules/pending/discord_krisp-1.zip: 24%
2024-07-27T06:56:31.465Z [Modules] Streaming discord_krisp@1 to /home/apu/.config/discord/0.0.61/modules/pending/discord_krisp-1.zip: 25%
2024-07-27T06:56:31.475Z [Modules] Streaming discord_krisp@1 to /home/apu/.config/discord/0.0.61/modules/pending/discord_krisp-1.zip: 26%
2024-07-27T06:56:31.516Z [Modules] Streaming discord_krisp@1 to /home/apu/.config/discord/0.0.61/modules/pending/discord_krisp-1.zip: 27%
2024-07-27T06:56:31.533Z [Modules] Streaming discord_krisp@1 to /home/apu/.config/discord/0.0.61/modules/pending/discord_krisp-1.zip: 28%
2024-07-27T06:56:31.577Z [Modules] Streaming discord_krisp@1 to /home/apu/.config/discord/0.0.61/modules/pending/discord_krisp-1.zip: 29%
2024-07-27T06:56:31.612Z [Modules] Streaming discord_krisp@1 to /home/apu/.config/discord/0.0.61/modules/pending/discord_krisp-1.zip: 30%
2024-07-27T06:56:31.619Z [Modules] Streaming discord_krisp@1 to /home/apu/.config/discord/0.0.61/modules/pending/discord_krisp-1.zip: 31%
2024-07-27T06:56:31.632Z [Modules] Streaming discord_krisp@1 to /home/apu/.config/discord/0.0.61/modules/pending/discord_krisp-1.zip: 32%
2024-07-27T06:56:31.641Z [Modules] Streaming discord_krisp@1 to /home/apu/.config/discord/0.0.61/modules/pending/discord_krisp-1.zip: 33%
2024-07-27T06:56:31.660Z [Modules] Streaming discord_krisp@1 to /home/apu/.config/discord/0.0.61/modules/pending/discord_krisp-1.zip: 34%
2024-07-27T06:56:31.673Z [Modules] Streaming discord_krisp@1 to /home/apu/.config/discord/0.0.61/modules/pending/discord_krisp-1.zip: 35%
2024-07-27T06:56:31.724Z [Modules] Streaming discord_krisp@1 to /home/apu/.config/discord/0.0.61/modules/pending/discord_krisp-1.zip: 36%
2024-07-27T06:56:31.744Z [Modules] Streaming discord_krisp@1 to /home/apu/.config/discord/0.0.61/modules/pending/discord_krisp-1.zip: 37%
2024-07-27T06:56:31.760Z [Modules] Streaming discord_krisp@1 to /home/apu/.config/discord/0.0.61/modules/pending/discord_krisp-1.zip: 38%
2024-07-27T06:56:31.773Z [Modules] Streaming discord_krisp@1 to /home/apu/.config/discord/0.0.61/modules/pending/discord_krisp-1.zip: 39%
2024-07-27T06:56:31.787Z [Modules] Streaming discord_krisp@1 to /home/apu/.config/discord/0.0.61/modules/pending/discord_krisp-1.zip: 40%
2024-07-27T06:56:31.841Z [Modules] Streaming discord_krisp@1 to /home/apu/.config/discord/0.0.61/modules/pending/discord_krisp-1.zip: 41%
2024-07-27T06:56:31.858Z [Modules] Streaming discord_krisp@1 to /home/apu/.config/discord/0.0.61/modules/pending/discord_krisp-1.zip: 42%
2024-07-27T06:56:31.890Z [Modules] Streaming discord_krisp@1 to /home/apu/.config/discord/0.0.61/modules/pending/discord_krisp-1.zip: 43%
2024-07-27T06:56:31.903Z [Modules] Streaming discord_krisp@1 to /home/apu/.config/discord/0.0.61/modules/pending/discord_krisp-1.zip: 44%
2024-07-27T06:56:31.913Z [Modules] Streaming discord_krisp@1 to /home/apu/.config/discord/0.0.61/modules/pending/discord_krisp-1.zip: 45%
2024-07-27T06:56:31.934Z [Modules] Streaming discord_krisp@1 to /home/apu/.config/discord/0.0.61/modules/pending/discord_krisp-1.zip: 46%
2024-07-27T06:56:31.951Z [Modules] Streaming discord_krisp@1 to /home/apu/.config/discord/0.0.61/modules/pending/discord_krisp-1.zip: 47%
2024-07-27T06:56:31.960Z [Modules] Streaming discord_krisp@1 to /home/apu/.config/discord/0.0.61/modules/pending/discord_krisp-1.zip: 48%
2024-07-27T06:56:31.983Z [Modules] Streaming discord_krisp@1 to /home/apu/.config/discord/0.0.61/modules/pending/discord_krisp-1.zip: 49%
2024-07-27T06:56:31.984Z [Modules] Streaming discord_krisp@1 to /home/apu/.config/discord/0.0.61/modules/pending/discord_krisp-1.zip: 50%
2024-07-27T06:56:31.995Z [Modules] Streaming discord_krisp@1 to /home/apu/.config/discord/0.0.61/modules/pending/discord_krisp-1.zip: 51%
2024-07-27T06:56:32.013Z [Modules] Streaming discord_krisp@1 to /home/apu/.config/discord/0.0.61/modules/pending/discord_krisp-1.zip: 52%
2024-07-27T06:56:32.019Z [Modules] Streaming discord_krisp@1 to /home/apu/.config/discord/0.0.61/modules/pending/discord_krisp-1.zip: 53%
2024-07-27T06:56:32.040Z [Modules] Streaming discord_krisp@1 to /home/apu/.config/discord/0.0.61/modules/pending/discord_krisp-1.zip: 54%
2024-07-27T06:56:32.061Z [Modules] Streaming discord_krisp@1 to /home/apu/.config/discord/0.0.61/modules/pending/discord_krisp-1.zip: 55%
2024-07-27T06:56:32.080Z [Modules] Streaming discord_krisp@1 to /home/apu/.config/discord/0.0.61/modules/pending/discord_krisp-1.zip: 56%
2024-07-27T06:56:32.094Z [Modules] Checking for host updates.
2024-07-27T06:56:32.099Z [Modules] Streaming discord_krisp@1 to /home/apu/.config/discord/0.0.61/modules/pending/discord_krisp-1.zip: 57%
2024-07-27T06:56:32.155Z [Modules] Streaming discord_krisp@1 to /home/apu/.config/discord/0.0.61/modules/pending/discord_krisp-1.zip: 58%
2024-07-27T06:56:32.168Z [Modules] Starting to install discord_rpc...
2024-07-27T06:56:32.185Z [Modules] Streaming discord_krisp@1 to /home/apu/.config/discord/0.0.61/modules/pending/discord_krisp-1.zip: 59%
2024-07-27T06:56:32.186Z [Modules] Streaming discord_krisp@1 to /home/apu/.config/discord/0.0.61/modules/pending/discord_krisp-1.zip: 60%
2024-07-27T06:56:32.196Z [Modules] Streaming discord_krisp@1 to /home/apu/.config/discord/0.0.61/modules/pending/discord_krisp-1.zip: 61%
2024-07-27T06:56:32.211Z [Modules] Streaming discord_krisp@1 to /home/apu/.config/discord/0.0.61/modules/pending/discord_krisp-1.zip: 62%
2024-07-27T06:56:32.219Z [Modules] Host is up to date.
2024-07-27T06:56:32.219Z [Modules] Checking for module updates at https://discord.com/api/modules/stable/versions.json
2024-07-27T06:56:32.222Z [Modules] No module updates available.
2024-07-27T06:56:32.222Z [Modules] Streaming discord_krisp@1 to /home/apu/.config/discord/0.0.61/modules/pending/discord_krisp-1.zip: 63%
2024-07-27T06:56:32.246Z [Modules] Streaming discord_krisp@1 to /home/apu/.config/discord/0.0.61/modules/pending/discord_krisp-1.zip: 64%
2024-07-27T06:56:32.254Z [Modules] Streaming discord_krisp@1 to /home/apu/.config/discord/0.0.61/modules/pending/discord_krisp-1.zip: 65%
2024-07-27T06:56:32.271Z [Modules] Streaming discord_krisp@1 to /home/apu/.config/discord/0.0.61/modules/pending/discord_krisp-1.zip: 66%
2024-07-27T06:56:32.278Z [Modules] Streaming discord_krisp@1 to /home/apu/.config/discord/0.0.61/modules/pending/discord_krisp-1.zip: 67%
2024-07-27T06:56:32.288Z [Modules] Streaming discord_krisp@1 to /home/apu/.config/discord/0.0.61/modules/pending/discord_krisp-1.zip: 68%
2024-07-27T06:56:32.299Z [Modules] Streaming discord_krisp@1 to /home/apu/.config/discord/0.0.61/modules/pending/discord_krisp-1.zip: 69%
2024-07-27T06:56:32.308Z [Modules] Streaming discord_krisp@1 to /home/apu/.config/discord/0.0.61/modules/pending/discord_krisp-1.zip: 70%
2024-07-27T06:56:32.317Z [Modules] Streaming discord_krisp@1 to /home/apu/.config/discord/0.0.61/modules/pending/discord_krisp-1.zip: 71%
2024-07-27T06:56:32.325Z [Modules] Streaming discord_krisp@1 to /home/apu/.config/discord/0.0.61/modules/pending/discord_krisp-1.zip: 72%
2024-07-27T06:56:32.347Z [Modules] Streaming discord_krisp@1 to /home/apu/.config/discord/0.0.61/modules/pending/discord_krisp-1.zip: 73%
2024-07-27T06:56:32.419Z [Modules] Streaming discord_krisp@1 to /home/apu/.config/discord/0.0.61/modules/pending/discord_krisp-1.zip: 74%
2024-07-27T06:56:32.455Z [Modules] Streaming discord_krisp@1 to /home/apu/.config/discord/0.0.61/modules/pending/discord_krisp-1.zip: 75%
2024-07-27T06:56:32.493Z [Modules] Streaming discord_krisp@1 to /home/apu/.config/discord/0.0.61/modules/pending/discord_krisp-1.zip: 76%
2024-07-27T06:56:32.504Z [Modules] Streaming discord_krisp@1 to /home/apu/.config/discord/0.0.61/modules/pending/discord_krisp-1.zip: 77%
2024-07-27T06:56:32.512Z [Modules] Streaming discord_krisp@1 to /home/apu/.config/discord/0.0.61/modules/pending/discord_krisp-1.zip: 78%
2024-07-27T06:56:32.555Z [Modules] Streaming discord_krisp@1 to /home/apu/.config/discord/0.0.61/modules/pending/discord_krisp-1.zip: 79%
2024-07-27T06:56:32.571Z [Modules] Streaming discord_krisp@1 to /home/apu/.config/discord/0.0.61/modules/pending/discord_krisp-1.zip: 80%
2024-07-27T06:56:32.584Z [Modules] Streaming discord_krisp@1 to /home/apu/.config/discord/0.0.61/modules/pending/discord_krisp-1.zip: 81%
2024-07-27T06:56:32.594Z [Modules] Streaming discord_krisp@1 to /home/apu/.config/discord/0.0.61/modules/pending/discord_krisp-1.zip: 82%
2024-07-27T06:56:32.605Z [Modules] Streaming discord_krisp@1 to /home/apu/.config/discord/0.0.61/modules/pending/discord_krisp-1.zip: 83%
2024-07-27T06:56:32.667Z [Modules] Streaming discord_krisp@1 to /home/apu/.config/discord/0.0.61/modules/pending/discord_krisp-1.zip: 84%
2024-07-27T06:56:32.684Z [Modules] Streaming discord_krisp@1 to /home/apu/.config/discord/0.0.61/modules/pending/discord_krisp-1.zip: 85%
2024-07-27T06:56:32.701Z [Modules] Streaming discord_krisp@1 to /home/apu/.config/discord/0.0.61/modules/pending/discord_krisp-1.zip: 86%
2024-07-27T06:56:32.713Z [Modules] Streaming discord_krisp@1 to /home/apu/.config/discord/0.0.61/modules/pending/discord_krisp-1.zip: 87%
2024-07-27T06:56:32.722Z [Modules] Streaming discord_krisp@1 to /home/apu/.config/discord/0.0.61/modules/pending/discord_krisp-1.zip: 88%
2024-07-27T06:56:32.749Z [Modules] Streaming discord_krisp@1 to /home/apu/.config/discord/0.0.61/modules/pending/discord_krisp-1.zip: 89%
2024-07-27T06:56:32.757Z [Modules] Streaming discord_krisp@1 to /home/apu/.config/discord/0.0.61/modules/pending/discord_krisp-1.zip: 90%
2024-07-27T06:56:32.767Z [Modules] Streaming discord_krisp@1 to /home/apu/.config/discord/0.0.61/modules/pending/discord_krisp-1.zip: 91%
2024-07-27T06:56:32.776Z [Modules] Streaming discord_krisp@1 to /home/apu/.config/discord/0.0.61/modules/pending/discord_krisp-1.zip: 92%
2024-07-27T06:56:32.788Z [Modules] Streaming discord_krisp@1 to /home/apu/.config/discord/0.0.61/modules/pending/discord_krisp-1.zip: 93%
2024-07-27T06:56:32.806Z [Modules] Streaming discord_krisp@1 to /home/apu/.config/discord/0.0.61/modules/pending/discord_krisp-1.zip: 94%
2024-07-27T06:56:32.811Z [Modules] Streaming discord_krisp@1 to /home/apu/.config/discord/0.0.61/modules/pending/discord_krisp-1.zip: 95%
2024-07-27T06:56:32.843Z [Modules] Streaming discord_krisp@1 to /home/apu/.config/discord/0.0.61/modules/pending/discord_krisp-1.zip: 96%
2024-07-27T06:56:32.854Z [Modules] Streaming discord_krisp@1 to /home/apu/.config/discord/0.0.61/modules/pending/discord_krisp-1.zip: 97%
2024-07-27T06:56:32.868Z [Modules] Streaming discord_krisp@1 to /home/apu/.config/discord/0.0.61/modules/pending/discord_krisp-1.zip: 98%
2024-07-27T06:56:32.884Z [Modules] Streaming discord_krisp@1 to /home/apu/.config/discord/0.0.61/modules/pending/discord_krisp-1.zip: 99%
2024-07-27T06:56:32.903Z [Modules] Streaming discord_krisp@1 to /home/apu/.config/discord/0.0.61/modules/pending/discord_krisp-1.zip: 100%
2024-07-27T06:56:32.904Z [Modules] Fetching discord_game_utils@1 from https://discord.com/api/modules/stable/discord_game_utils/1
2024-07-27T06:56:32.904Z [Modules] Streaming discord_game_utils@1 to /home/apu/.config/discord/0.0.61/modules/pending/discord_game_utils-1.zip
2024-07-27T06:56:32.904Z [Modules] Installing discord_krisp@1 from /home/apu/.config/discord/0.0.61/modules/pending/discord_krisp-1.zip
2024-07-27T06:56:33.019Z [Modules] Streaming discord_game_utils@1 to /home/apu/.config/discord/0.0.61/modules/pending/discord_game_utils-1.zip: 1%
2024-07-27T06:56:33.020Z [Modules] Streaming discord_game_utils@1 to /home/apu/.config/discord/0.0.61/modules/pending/discord_game_utils-1.zip: 2%
2024-07-27T06:56:33.023Z [Modules] Streaming discord_game_utils@1 to /home/apu/.config/discord/0.0.61/modules/pending/discord_game_utils-1.zip: 3%
2024-07-27T06:56:33.027Z [Modules] Streaming discord_game_utils@1 to /home/apu/.config/discord/0.0.61/modules/pending/discord_game_utils-1.zip: 5%
2024-07-27T06:56:33.028Z [Modules] Streaming discord_game_utils@1 to /home/apu/.config/discord/0.0.61/modules/pending/discord_game_utils-1.zip: 8%
2024-07-27T06:56:33.031Z [Modules] Streaming discord_game_utils@1 to /home/apu/.config/discord/0.0.61/modules/pending/discord_game_utils-1.zip: 10%
2024-07-27T06:56:33.035Z [Modules] Streaming discord_game_utils@1 to /home/apu/.config/discord/0.0.61/modules/pending/discord_game_utils-1.zip: 12%
2024-07-27T06:56:33.036Z [Modules] Streaming discord_game_utils@1 to /home/apu/.config/discord/0.0.61/modules/pending/discord_game_utils-1.zip: 15%
2024-07-27T06:56:33.044Z [Modules] Streaming discord_game_utils@1 to /home/apu/.config/discord/0.0.61/modules/pending/discord_game_utils-1.zip: 17%
2024-07-27T06:56:33.045Z [Modules] Streaming discord_game_utils@1 to /home/apu/.config/discord/0.0.61/modules/pending/discord_game_utils-1.zip: 21%
2024-07-27T06:56:33.052Z [Modules] Streaming discord_game_utils@1 to /home/apu/.config/discord/0.0.61/modules/pending/discord_game_utils-1.zip: 24%
2024-07-27T06:56:33.054Z [Modules] Streaming discord_game_utils@1 to /home/apu/.config/discord/0.0.61/modules/pending/discord_game_utils-1.zip: 27%
2024-07-27T06:56:33.062Z [Modules] Streaming discord_game_utils@1 to /home/apu/.config/discord/0.0.61/modules/pending/discord_game_utils-1.zip: 28%
2024-07-27T06:56:33.073Z [Modules] Streaming discord_game_utils@1 to /home/apu/.config/discord/0.0.61/modules/pending/discord_game_utils-1.zip: 30%
2024-07-27T06:56:33.074Z [Modules] Streaming discord_game_utils@1 to /home/apu/.config/discord/0.0.61/modules/pending/discord_game_utils-1.zip: 36%
2024-07-27T06:56:33.084Z [Modules] Streaming discord_game_utils@1 to /home/apu/.config/discord/0.0.61/modules/pending/discord_game_utils-1.zip: 38%
2024-07-27T06:56:33.085Z [Modules] Streaming discord_game_utils@1 to /home/apu/.config/discord/0.0.61/modules/pending/discord_game_utils-1.zip: 40%
2024-07-27T06:56:33.099Z [Modules] Streaming discord_game_utils@1 to /home/apu/.config/discord/0.0.61/modules/pending/discord_game_utils-1.zip: 42%
2024-07-27T06:56:33.102Z [Modules] Streaming discord_game_utils@1 to /home/apu/.config/discord/0.0.61/modules/pending/discord_game_utils-1.zip: 44%
2024-07-27T06:56:33.115Z [Modules] Streaming discord_game_utils@1 to /home/apu/.config/discord/0.0.61/modules/pending/discord_game_utils-1.zip: 46%
2024-07-27T06:56:33.117Z [Modules] Streaming discord_game_utils@1 to /home/apu/.config/discord/0.0.61/modules/pending/discord_game_utils-1.zip: 49%
2024-07-27T06:56:33.122Z [Modules] Streaming discord_game_utils@1 to /home/apu/.config/discord/0.0.61/modules/pending/discord_game_utils-1.zip: 50%
2024-07-27T06:56:33.131Z [Modules] Streaming discord_game_utils@1 to /home/apu/.config/discord/0.0.61/modules/pending/discord_game_utils-1.zip: 51%
2024-07-27T06:56:33.148Z [Modules] Streaming discord_game_utils@1 to /home/apu/.config/discord/0.0.61/modules/pending/discord_game_utils-1.zip: 53%
2024-07-27T06:56:33.149Z [Modules] Streaming discord_game_utils@1 to /home/apu/.config/discord/0.0.61/modules/pending/discord_game_utils-1.zip: 58%
2024-07-27T06:56:33.149Z [Modules] Streaming discord_game_utils@1 to /home/apu/.config/discord/0.0.61/modules/pending/discord_game_utils-1.zip: 59%
2024-07-27T06:56:33.151Z [Modules] Streaming discord_game_utils@1 to /home/apu/.config/discord/0.0.61/modules/pending/discord_game_utils-1.zip: 62%
2024-07-27T06:56:33.162Z [Modules] Streaming discord_game_utils@1 to /home/apu/.config/discord/0.0.61/modules/pending/discord_game_utils-1.zip: 64%
2024-07-27T06:56:33.163Z [Modules] Streaming discord_game_utils@1 to /home/apu/.config/discord/0.0.61/modules/pending/discord_game_utils-1.zip: 67%
2024-07-27T06:56:33.165Z [Modules] Streaming discord_game_utils@1 to /home/apu/.config/discord/0.0.61/modules/pending/discord_game_utils-1.zip: 69%
2024-07-27T06:56:33.167Z [Modules] Streaming discord_game_utils@1 to /home/apu/.config/discord/0.0.61/modules/pending/discord_game_utils-1.zip: 71%
2024-07-27T06:56:33.169Z [Modules] Streaming discord_game_utils@1 to /home/apu/.config/discord/0.0.61/modules/pending/discord_game_utils-1.zip: 72%
2024-07-27T06:56:33.173Z [Modules] Streaming discord_game_utils@1 to /home/apu/.config/discord/0.0.61/modules/pending/discord_game_utils-1.zip: 74%
2024-07-27T06:56:33.174Z [Modules] Streaming discord_game_utils@1 to /home/apu/.config/discord/0.0.61/modules/pending/discord_game_utils-1.zip: 75%
2024-07-27T06:56:33.174Z [Modules] Streaming discord_game_utils@1 to /home/apu/.config/discord/0.0.61/modules/pending/discord_game_utils-1.zip: 77%
2024-07-27T06:56:33.181Z [Modules] Streaming discord_game_utils@1 to /home/apu/.config/discord/0.0.61/modules/pending/discord_game_utils-1.zip: 82%
2024-07-27T06:56:33.182Z [Modules] Streaming discord_game_utils@1 to /home/apu/.config/discord/0.0.61/modules/pending/discord_game_utils-1.zip: 83%
2024-07-27T06:56:33.193Z [Modules] Streaming discord_game_utils@1 to /home/apu/.config/discord/0.0.61/modules/pending/discord_game_utils-1.zip: 86%
2024-07-27T06:56:33.193Z [Modules] Streaming discord_game_utils@1 to /home/apu/.config/discord/0.0.61/modules/pending/discord_game_utils-1.zip: 88%
2024-07-27T06:56:33.196Z [Modules] Streaming discord_game_utils@1 to /home/apu/.config/discord/0.0.61/modules/pending/discord_game_utils-1.zip: 89%
2024-07-27T06:56:33.201Z [Modules] Streaming discord_game_utils@1 to /home/apu/.config/discord/0.0.61/modules/pending/discord_game_utils-1.zip: 92%
2024-07-27T06:56:33.201Z [Modules] Streaming discord_game_utils@1 to /home/apu/.config/discord/0.0.61/modules/pending/discord_game_utils-1.zip: 94%
2024-07-27T06:56:33.203Z [Modules] Streaming discord_game_utils@1 to /home/apu/.config/discord/0.0.61/modules/pending/discord_game_utils-1.zip: 96%
2024-07-27T06:56:33.206Z [Modules] Streaming discord_game_utils@1 to /home/apu/.config/discord/0.0.61/modules/pending/discord_game_utils-1.zip: 98%
2024-07-27T06:56:33.207Z [Modules] Streaming discord_game_utils@1 to /home/apu/.config/discord/0.0.61/modules/pending/discord_game_utils-1.zip: 100%
2024-07-27T06:56:33.208Z [Modules] Fetching discord_rpc@1 from https://discord.com/api/modules/stable/discord_rpc/1
2024-07-27T06:56:33.208Z [Modules] Streaming discord_rpc@1 to /home/apu/.config/discord/0.0.61/modules/pending/discord_rpc-1.zip
2024-07-27T06:56:33.265Z [Modules] Installing discord_game_utils@1 from /home/apu/.config/discord/0.0.61/modules/pending/discord_game_utils-1.zip
2024-07-27T06:56:33.323Z [Modules] Streaming discord_rpc@1 to /home/apu/.config/discord/0.0.61/modules/pending/discord_rpc-1.zip: 100%
2024-07-27T06:56:33.324Z [Modules] Finished module installations. [success: 2] [failure: 0]
2024-07-27T06:56:33.325Z [Modules] Finished module downloads. [success: 3] [failure: 0]
2024-07-27T06:56:33.325Z [Modules] Installing discord_rpc@1 from /home/apu/.config/discord/0.0.61/modules/pending/discord_rpc-1.zip
2024-07-27T06:56:33.342Z [Modules] Finished module installations. [success: 1] [failure: 0]
2024-08-07T17:37:19.180Z [Modules] Modules initializing
2024-08-07T17:37:19.180Z [Modules] Distribution: remote
2024-08-07T17:37:19.180Z [Modules] Host updates: enabled
2024-08-07T17:37:19.181Z [Modules] Module updates: enabled
2024-08-07T17:37:19.181Z [Modules] Module install path: /home/apu/.config/discord/0.0.62/modules
2024-08-07T17:37:19.181Z [Modules] Module installed file path: /home/apu/.config/discord/0.0.62/modules/installed.json
2024-08-07T17:37:19.181Z [Modules] Module download path: /home/apu/.config/discord/0.0.62/modules/pending
2024-08-07T17:37:19.447Z [Modules] Bootstrapping...
2024-08-07T17:37:19.450Z [Modules] Installing discord_desktop_core@0 from /opt/discord/resources/bootstrap/discord_desktop_core.zip
2024-08-07T17:37:19.455Z [Modules] Failed installing discord_desktop_core@0: Error: ENOENT: no such file or directory, open '/opt/discord/resources/bootstrap/discord_desktop_core.zip'
2024-08-07T17:37:19.457Z [Modules] Installing discord_erlpack@0 from /opt/discord/resources/bootstrap/discord_erlpack.zip
2024-08-07T17:37:19.460Z [Modules] Failed installing discord_erlpack@0: Error: ENOENT: no such file or directory, open '/opt/discord/resources/bootstrap/discord_erlpack.zip'
2024-08-07T17:37:19.460Z [Modules] Installing discord_spellcheck@0 from /opt/discord/resources/bootstrap/discord_spellcheck.zip
2024-08-07T17:37:19.462Z [Modules] Failed installing discord_spellcheck@0: Error: ENOENT: no such file or directory, open '/opt/discord/resources/bootstrap/discord_spellcheck.zip'
2024-08-07T17:37:19.462Z [Modules] Installing discord_utils@0 from /opt/discord/resources/bootstrap/discord_utils.zip
2024-08-07T17:37:19.464Z [Modules] Failed installing discord_utils@0: Error: ENOENT: no such file or directory, open '/opt/discord/resources/bootstrap/discord_utils.zip'
2024-08-07T17:37:19.465Z [Modules] Installing discord_voice@0 from /opt/discord/resources/bootstrap/discord_voice.zip
2024-08-07T17:37:19.466Z [Modules] Failed installing discord_voice@0: Error: ENOENT: no such file or directory, open '/opt/discord/resources/bootstrap/discord_voice.zip'
2024-08-07T17:37:19.467Z [Modules] Installing discord_zstd@0 from /opt/discord/resources/bootstrap/discord_zstd.zip
2024-08-07T17:37:19.469Z [Modules] Failed installing discord_zstd@0: Error: ENOENT: no such file or directory, open '/opt/discord/resources/bootstrap/discord_zstd.zip'
2024-08-07T17:37:19.469Z [Modules] Finished module installations. [success: 0] [failure: 6]
2024-08-07T17:37:19.470Z [Modules] Checking for host updates.
2024-08-07T17:37:19.711Z [Modules] Host update is available. Manual update required!
2024-08-17T07:32:33.835Z [Modules] Modules initializing
2024-08-17T07:32:33.836Z [Modules] Distribution: remote
2024-08-17T07:32:33.836Z [Modules] Host updates: enabled
2024-08-17T07:32:33.836Z [Modules] Module updates: enabled
2024-08-17T07:32:33.836Z [Modules] Module install path: /home/apu/.config/discord/0.0.64/modules
2024-08-17T07:32:33.836Z [Modules] Module installed file path: /home/apu/.config/discord/0.0.64/modules/installed.json
2024-08-17T07:32:33.836Z [Modules] Module download path: /home/apu/.config/discord/0.0.64/modules/pending
2024-08-17T07:32:34.116Z [Modules] Bootstrapping...
2024-08-17T07:32:34.117Z [Modules] Installing discord_desktop_core@0 from /opt/discord/resources/bootstrap/discord_desktop_core.zip
2024-08-17T07:32:34.119Z [Modules] Failed installing discord_desktop_core@0: Error: ENOENT: no such file or directory, open '/opt/discord/resources/bootstrap/discord_desktop_core.zip'
2024-08-17T07:32:34.119Z [Modules] Installing discord_erlpack@0 from /opt/discord/resources/bootstrap/discord_erlpack.zip
2024-08-17T07:32:34.121Z [Modules] Failed installing discord_erlpack@0: Error: ENOENT: no such file or directory, open '/opt/discord/resources/bootstrap/discord_erlpack.zip'
2024-08-17T07:32:34.121Z [Modules] Installing discord_spellcheck@0 from /opt/discord/resources/bootstrap/discord_spellcheck.zip
2024-08-17T07:32:34.122Z [Modules] Failed installing discord_spellcheck@0: Error: ENOENT: no such file or directory, open '/opt/discord/resources/bootstrap/discord_spellcheck.zip'
2024-08-17T07:32:34.122Z [Modules] Installing discord_utils@0 from /opt/discord/resources/bootstrap/discord_utils.zip
2024-08-17T07:32:34.123Z [Modules] Failed installing discord_utils@0: Error: ENOENT: no such file or directory, open '/opt/discord/resources/bootstrap/discord_utils.zip'
2024-08-17T07:32:34.124Z [Modules] Installing discord_voice@0 from /opt/discord/resources/bootstrap/discord_voice.zip
2024-08-17T07:32:34.125Z [Modules] Failed installing discord_voice@0: Error: ENOENT: no such file or directory, open '/opt/discord/resources/bootstrap/discord_voice.zip'
2024-08-17T07:32:34.125Z [Modules] Installing discord_zstd@0 from /opt/discord/resources/bootstrap/discord_zstd.zip
2024-08-17T07:32:34.126Z [Modules] Failed installing discord_zstd@0: Error: ENOENT: no such file or directory, open '/opt/discord/resources/bootstrap/discord_zstd.zip'
2024-08-17T07:32:34.126Z [Modules] Finished module installations. [success: 0] [failure: 6]
2024-08-17T07:32:34.126Z [Modules] Checking for host updates.
2024-08-17T07:32:34.268Z [Modules] Host update failed: AggregateError
2024-08-17T07:32:44.269Z [Modules] Checking for host updates.
2024-08-17T07:32:44.300Z [Modules] Host update failed: AggregateError
2024-08-17T07:33:04.303Z [Modules] Checking for host updates.
2024-08-17T07:33:04.348Z [Modules] Host update failed: AggregateError
2024-08-17T07:33:34.373Z [Modules] Checking for host updates.
2024-08-17T07:33:34.406Z [Modules] Host update failed: AggregateError
2024-08-17T07:34:14.442Z [Modules] Checking for host updates.
2024-08-17T07:34:14.478Z [Modules] Host update failed: AggregateError
2024-08-17T07:35:04.523Z [Modules] Checking for host updates.
2024-08-17T07:35:04.555Z [Modules] Host update failed: AggregateError
2024-08-17T07:36:04.576Z [Modules] Checking for host updates.
2024-08-17T07:36:04.607Z [Modules] Host update failed: AggregateError
2024-08-17T07:37:04.657Z [Modules] Checking for host updates.
2024-08-17T07:37:04.687Z [Modules] Host update failed: AggregateError
2024-08-17T07:38:04.743Z [Modules] Checking for host updates.
2024-08-17T07:38:04.781Z [Modules] Host update failed: AggregateError
2024-08-17T07:39:04.836Z [Modules] Checking for host updates.
2024-08-17T07:39:04.876Z [Modules] Host update failed: AggregateError
2024-08-17T07:40:04.931Z [Modules] Checking for host updates.
2024-08-17T07:40:04.960Z [Modules] Host update failed: AggregateError
