2024-07-27 04:49:58.767 [info] Log level: Info
2024-07-27 04:49:58.767 [info] Validating found git in: "git"
2024-07-27 04:49:58.767 [info] Using git "2.45.2" from "git"
2024-07-27 04:49:58.767 [info] > git rev-parse --show-toplevel [10ms]
2024-07-27 04:49:58.767 [info] > git rev-parse --git-dir --git-common-dir [2ms]
2024-07-27 04:49:58.767 [info] Open repository: /home/apu/Programming/Variable
2024-07-27 04:49:58.767 [info] > git rev-parse --show-toplevel [1ms]
2024-07-27 04:49:58.767 [info] > git config --get commit.template [8ms]
2024-07-27 04:49:58.801 [info] > git rev-parse --show-toplevel [18ms]
2024-07-27 04:49:58.803 [info] > git for-each-ref --format=%(refname)%00%(upstream:short)%00%(objectname)%00%(upstream:track)%00%(upstream:remotename)%00%(upstream:remoteref) refs/heads/ali refs/remotes/ali [3ms]
2024-07-27 04:49:58.821 [info] > git status -z -uall [11ms]
2024-07-27 04:49:58.872 [info] > git for-each-ref --format=%(refname)%00%(upstream:short)%00%(objectname)%00%(upstream:track)%00%(upstream:remotename)%00%(upstream:remoteref) refs/heads/ali refs/remotes/ali [42ms]
2024-07-27 04:49:58.907 [info] > git config --local branch.ali.vscode-merge-base [26ms]
2024-07-27 04:49:58.918 [info] > git config --get commit.template [47ms]
2024-07-27 04:49:58.935 [info] > git for-each-ref --format=%(refname)%00%(upstream:short)%00%(objectname)%00%(upstream:track)%00%(upstream:remotename)%00%(upstream:remoteref) refs/heads/origin/main refs/remotes/origin/main [17ms]
2024-07-27 04:49:58.937 [info] > git for-each-ref --format=%(refname)%00%(upstream:short)%00%(objectname)%00%(upstream:track)%00%(upstream:remotename)%00%(upstream:remoteref) refs/heads/ali refs/remotes/ali [5ms]
2024-07-27 04:49:58.974 [info] > git status -z -uall [29ms]
2024-07-27 04:49:58.996 [info] > git for-each-ref --format=%(refname)%00%(upstream:short)%00%(objectname)%00%(upstream:track)%00%(upstream:remotename)%00%(upstream:remoteref) refs/heads/ali refs/remotes/ali [9ms]
2024-07-27 04:49:59.012 [info] > git config --local branch.ali.vscode-merge-base [2ms]
2024-07-27 04:49:59.024 [info] > git for-each-ref --format=%(refname)%00%(upstream:short)%00%(objectname)%00%(upstream:track)%00%(upstream:remotename)%00%(upstream:remoteref) refs/heads/origin/main refs/remotes/origin/main [1ms]
2024-07-27 04:49:59.313 [info] > git show --textconv :LoanPayments/src/components/Table.jsx [8ms]
2024-07-27 04:49:59.315 [info] > git ls-files --stage -- /home/apu/Programming/Variable/LoanPayments/src/components/Table.jsx [3ms]
2024-07-27 04:49:59.414 [info] > git check-ignore -v -z --stdin [2ms]
2024-07-27 04:50:32.352 [info] > git show --textconv :LoanPayments/src/components/Example.jsx [13ms]
2024-07-27 04:50:32.356 [info] > git ls-files --stage -- /home/apu/Programming/Variable/LoanPayments/src/components/Example.jsx [7ms]
2024-07-27 04:50:33.866 [info] > git show --textconv :LoanPayments/src/components/Table.jsx [12ms]
2024-07-27 04:50:33.868 [info] > git ls-files --stage -- /home/apu/Programming/Variable/LoanPayments/src/components/Table.jsx [4ms]
2024-07-27 05:02:53.684 [info] > git config --get commit.template [9ms]
2024-07-27 05:02:53.688 [info] > git for-each-ref --format=%(refname)%00%(upstream:short)%00%(objectname)%00%(upstream:track)%00%(upstream:remotename)%00%(upstream:remoteref) refs/heads/ali refs/remotes/ali [6ms]
2024-07-27 05:02:53.702 [info] > git status -z -uall [6ms]
2024-07-27 05:02:53.715 [info] > git for-each-ref --format=%(refname)%00%(upstream:short)%00%(objectname)%00%(upstream:track)%00%(upstream:remotename)%00%(upstream:remoteref) refs/heads/ali refs/remotes/ali [4ms]
2024-07-27 05:02:53.724 [info] > git config --local branch.ali.vscode-merge-base [2ms]
2024-07-27 05:02:53.733 [info] > git for-each-ref --format=%(refname)%00%(upstream:short)%00%(objectname)%00%(upstream:track)%00%(upstream:remotename)%00%(upstream:remoteref) refs/heads/origin/main refs/remotes/origin/main [2ms]
