2024-07-27 04:48:07.494 [info] Log level: Info
2024-07-27 04:48:07.494 [info] Validating found git in: "git"
2024-07-27 04:48:07.494 [info] Using git "2.45.2" from "git"
2024-07-27 04:48:07.494 [info] > git rev-parse --show-toplevel [3ms]
2024-07-27 04:48:07.495 [info] > git rev-parse --git-dir --git-common-dir [6ms]
2024-07-27 04:48:07.506 [info] Open repository: /home/apu/Programming/Variable
2024-07-27 04:48:07.531 [info] > git rev-parse --show-toplevel [6ms]
2024-07-27 04:48:07.532 [info] > git config --get commit.template [9ms]
2024-07-27 04:48:07.556 [info] > git rev-parse --show-toplevel [9ms]
2024-07-27 04:48:07.558 [info] > git for-each-ref --format=%(refname)%00%(upstream:short)%00%(objectname)%00%(upstream:track)%00%(upstream:remotename)%00%(upstream:remoteref) refs/heads/ali refs/remotes/ali [3ms]
2024-07-27 04:48:07.570 [info] > git status -z -uall [7ms]
2024-07-27 04:48:07.593 [info] > git for-each-ref --format=%(refname)%00%(upstream:short)%00%(objectname)%00%(upstream:track)%00%(upstream:remotename)%00%(upstream:remoteref) refs/heads/ali refs/remotes/ali [17ms]
2024-07-27 04:48:07.632 [info] > git config --local branch.ali.vscode-merge-base [32ms]
2024-07-27 04:48:07.638 [info] > git config --get commit.template [50ms]
2024-07-27 04:48:07.644 [info] > git for-each-ref --format=%(refname)%00%(upstream:short)%00%(objectname)%00%(upstream:track)%00%(upstream:remotename)%00%(upstream:remoteref) refs/heads/origin/main refs/remotes/origin/main [6ms]
2024-07-27 04:48:07.648 [info] > git for-each-ref --format=%(refname)%00%(upstream:short)%00%(objectname)%00%(upstream:track)%00%(upstream:remotename)%00%(upstream:remoteref) refs/heads/ali refs/remotes/ali [5ms]
2024-07-27 04:48:07.656 [info] > git status -z -uall [2ms]
2024-07-27 04:48:07.670 [info] > git for-each-ref --format=%(refname)%00%(upstream:short)%00%(objectname)%00%(upstream:track)%00%(upstream:remotename)%00%(upstream:remoteref) refs/heads/ali refs/remotes/ali [8ms]
2024-07-27 04:48:07.678 [info] > git config --local branch.ali.vscode-merge-base [1ms]
2024-07-27 04:48:07.699 [info] > git for-each-ref --format=%(refname)%00%(upstream:short)%00%(objectname)%00%(upstream:track)%00%(upstream:remotename)%00%(upstream:remoteref) refs/heads/origin/main refs/remotes/origin/main [14ms]
2024-07-27 04:48:08.037 [info] > git check-ignore -v -z --stdin [2ms]
2024-07-27 04:48:08.223 [info] > git show --textconv :LoanPayments/src/components/Example.jsx [15ms]
2024-07-27 04:48:08.224 [info] > git ls-files --stage -- /home/apu/Programming/Variable/LoanPayments/src/components/Example.jsx [1ms]
2024-07-27 04:48:10.391 [info] > git show --textconv :LoanPayments/src/components/Table.jsx [7ms]
2024-07-27 04:48:10.393 [info] > git ls-files --stage -- /home/apu/Programming/Variable/LoanPayments/src/components/Table.jsx [2ms]
2024-07-27 04:48:27.697 [info] > git config --get commit.template [11ms]
2024-07-27 04:48:27.701 [info] > git for-each-ref --format=%(refname)%00%(upstream:short)%00%(objectname)%00%(upstream:track)%00%(upstream:remotename)%00%(upstream:remoteref) refs/heads/ali refs/remotes/ali [5ms]
2024-07-27 04:48:27.714 [info] > git status -z -uall [6ms]
2024-07-27 04:48:27.728 [info] > git for-each-ref --format=%(refname)%00%(upstream:short)%00%(objectname)%00%(upstream:track)%00%(upstream:remotename)%00%(upstream:remoteref) refs/heads/ali refs/remotes/ali [4ms]
2024-07-27 04:48:27.740 [info] > git config --local branch.ali.vscode-merge-base [3ms]
2024-07-27 04:48:27.753 [info] > git for-each-ref --format=%(refname)%00%(upstream:short)%00%(objectname)%00%(upstream:track)%00%(upstream:remotename)%00%(upstream:remoteref) refs/heads/origin/main refs/remotes/origin/main [5ms]
2024-07-27 04:48:54.754 [info] > git show --textconv :LoanPayments/src/components/Example.jsx [9ms]
2024-07-27 04:48:54.756 [info] > git ls-files --stage -- /home/apu/Programming/Variable/LoanPayments/src/components/Example.jsx [4ms]
2024-07-27 04:48:55.638 [info] > git show --textconv :LoanPayments/src/components/Table.jsx [9ms]
2024-07-27 04:48:55.640 [info] > git ls-files --stage -- /home/apu/Programming/Variable/LoanPayments/src/components/Table.jsx [3ms]
