2024-08-13 19:31:21.469 [info] [main] Log level: Info
2024-08-13 19:31:21.469 [info] [main] Validating found git in: "git"
2024-08-13 19:31:21.469 [info] [main] Using git "2.46.0" from "git"
2024-08-13 19:31:21.469 [info] [Model][doInitialScan] Initial repository scan started
2024-08-13 19:31:21.469 [info] > git rev-parse --show-toplevel [21ms]
2024-08-13 19:31:21.469 [info] > git rev-parse --git-dir --git-common-dir [15ms]
2024-08-13 19:31:21.469 [info] [Model][openRepository] Opened repository: /home/apu/Programming/Variable
2024-08-13 19:31:21.469 [info] > git config --get commit.template [7ms]
2024-08-13 19:31:21.470 [info] > git rev-parse --show-toplevel [5ms]
2024-08-13 19:31:21.491 [info] > git rev-parse --show-toplevel [2ms]
2024-08-13 19:31:21.491 [info] [Model][doInitialScan] Initial repository scan completed - repositories (1), closed repositories (0), parent repositories (0), unsafe repositories (0)
2024-08-13 19:31:21.492 [info] > git for-each-ref --format=%(refname)%00%(upstream:short)%00%(objectname)%00%(upstream:track)%00%(upstream:remotename)%00%(upstream:remoteref) refs/heads/alitquan3 refs/remotes/alitquan3 [12ms]
2024-08-13 19:31:21.503 [info] > git status -z -uall [5ms]
2024-08-13 19:31:21.526 [info] > git for-each-ref --format=%(refname)%00%(upstream:short)%00%(objectname)%00%(upstream:track)%00%(upstream:remotename)%00%(upstream:remoteref) refs/heads/alitquan3 refs/remotes/alitquan3 [12ms]
2024-08-13 19:31:21.535 [info] > git config --get commit.template [9ms]
2024-08-13 19:31:21.536 [info] > git config --local branch.alitquan3.vscode-merge-base [3ms]
2024-08-13 19:31:21.536 [warning] [Git][config] git config failed: Failed to execute git
2024-08-13 19:31:21.602 [info] > git for-each-ref --format=%(refname)%00%(upstream:short)%00%(objectname)%00%(upstream:track)%00%(upstream:remotename)%00%(upstream:remoteref) refs/heads/alitquan3 refs/remotes/alitquan3 [51ms]
2024-08-13 19:31:21.609 [info] > git reflog alitquan3 --grep-reflog=branch: Created from *. [67ms]
2024-08-13 19:31:21.618 [info] > git status -z -uall [9ms]
2024-08-13 19:31:21.629 [info] > git for-each-ref --format=%(refname)%00%(upstream:short)%00%(objectname)%00%(upstream:track)%00%(upstream:remotename)%00%(upstream:remoteref) refs/heads/alitquan3 refs/remotes/alitquan3 [4ms]
2024-08-13 19:31:21.637 [info] > git config --local branch.alitquan3.vscode-merge-base [2ms]
2024-08-13 19:31:21.637 [warning] [Git][config] git config failed: Failed to execute git
2024-08-13 19:31:21.646 [info] > git reflog HEAD --grep-reflog=checkout: moving from .* to alitquan3 [32ms]
2024-08-13 19:31:21.654 [info] > git reflog alitquan3 --grep-reflog=branch: Created from *. [9ms]
2024-08-13 19:31:21.662 [info] > git for-each-ref --format=%(refname)%00%(upstream:short)%00%(objectname)%00%(upstream:track)%00%(upstream:remotename)%00%(upstream:remoteref) refs/heads/development refs/remotes/development [11ms]
2024-08-13 19:31:21.668 [info] > git reflog HEAD --grep-reflog=checkout: moving from .* to alitquan3 [9ms]
2024-08-13 19:31:21.677 [info] > git for-each-ref --format=%(refname)%00%(upstream:short)%00%(objectname)%00%(upstream:track)%00%(upstream:remotename)%00%(upstream:remoteref) refs/remotes/origin/development [10ms]
2024-08-13 19:31:21.684 [info] > git for-each-ref --format=%(refname)%00%(upstream:short)%00%(objectname)%00%(upstream:track)%00%(upstream:remotename)%00%(upstream:remoteref) refs/heads/development refs/remotes/development [8ms]
2024-08-13 19:31:21.691 [info] > git config --local branch.alitquan3.vscode-merge-base origin/development [9ms]
2024-08-13 19:31:21.697 [info] > git for-each-ref --format=%(refname)%00%(upstream:short)%00%(objectname)%00%(upstream:track)%00%(upstream:remotename)%00%(upstream:remoteref) refs/remotes/origin/development [7ms]
2024-08-13 19:31:21.702 [info] > git config --get commit.template [6ms]
2024-08-13 19:31:21.703 [info] > git config --local branch.alitquan3.vscode-merge-base origin/development [2ms]
2024-08-13 19:31:21.714 [info] > git for-each-ref --format=%(refname)%00%(upstream:short)%00%(objectname)%00%(upstream:track)%00%(upstream:remotename)%00%(upstream:remoteref) refs/heads/alitquan3 refs/remotes/alitquan3 [5ms]
2024-08-13 19:31:21.715 [info] > git config --get commit.template [2ms]
2024-08-13 19:31:21.719 [info] > git for-each-ref --format=%(refname)%00%(upstream:short)%00%(objectname)%00%(upstream:track)%00%(upstream:remotename)%00%(upstream:remoteref) refs/heads/alitquan3 refs/remotes/alitquan3 [1ms]
2024-08-13 19:31:21.725 [info] > git status -z -uall [2ms]
2024-08-13 19:31:21.731 [info] > git for-each-ref --format=%(refname)%00%(upstream:short)%00%(objectname)%00%(upstream:track)%00%(upstream:remotename)%00%(upstream:remoteref) refs/heads/alitquan3 refs/remotes/alitquan3 [2ms]
2024-08-13 19:31:21.740 [info] > git config --local branch.alitquan3.vscode-merge-base [2ms]
2024-08-13 19:31:21.745 [info] > git for-each-ref --format=%(refname)%00%(upstream:short)%00%(objectname)%00%(upstream:track)%00%(upstream:remotename)%00%(upstream:remoteref) refs/heads/origin/development refs/remotes/origin/development [1ms]
2024-08-13 19:31:21.781 [info] > git show --textconv :LoanPayments/src/components/Table.jsx [5ms]
2024-08-13 19:31:21.782 [info] > git ls-files --stage -- /home/apu/Programming/Variable/LoanPayments/src/components/Table.jsx [2ms]
2024-08-13 19:31:21.789 [info] > git cat-file -s 78d0680f44f63f5574c3eaf369a050011efdf192 [2ms]
2024-08-13 19:31:22.014 [info] > git check-ignore -v -z --stdin [3ms]
2024-08-13 19:31:49.975 [info] > git rev-parse --show-toplevel [8ms]
2024-08-13 19:32:21.706 [info] [main] Log level: Info
2024-08-13 19:32:21.706 [info] [main] Validating found git in: "git"
2024-08-13 19:32:21.706 [info] [main] Using git "2.46.0" from "git"
2024-08-13 19:32:21.706 [info] [Model][doInitialScan] Initial repository scan started
2024-08-13 19:32:21.706 [info] > git rev-parse --show-toplevel [3ms]
2024-08-13 19:32:21.714 [info] > git rev-parse --git-dir --git-common-dir [2ms]
2024-08-13 19:32:21.722 [info] [Model][openRepository] Opened repository: /home/apu/Programming/Flashcards
2024-08-13 19:32:21.739 [info] > git rev-parse --show-toplevel [3ms]
2024-08-13 19:32:21.739 [info] [Model][doInitialScan] Initial repository scan completed - repositories (1), closed repositories (0), parent repositories (0), unsafe repositories (0)
2024-08-13 19:32:21.740 [info] > git config --get commit.template [10ms]
2024-08-13 19:32:21.752 [info] > git for-each-ref --format=%(refname)%00%(upstream:short)%00%(objectname)%00%(upstream:track)%00%(upstream:remotename)%00%(upstream:remoteref) refs/heads/main refs/remotes/main [3ms]
2024-08-13 19:32:21.771 [info] > git status -z -uall [11ms]
2024-08-13 19:32:21.797 [info] > git for-each-ref --format=%(refname)%00%(upstream:short)%00%(objectname)%00%(upstream:track)%00%(upstream:remotename)%00%(upstream:remoteref) refs/heads/main refs/remotes/main [19ms]
2024-08-13 19:32:21.807 [info] > git config --local branch.main.vscode-merge-base [4ms]
2024-08-13 19:32:21.807 [warning] [Git][config] git config failed: Failed to execute git
2024-08-13 19:32:21.812 [info] > git config --get commit.template [15ms]
2024-08-13 19:32:21.816 [info] > git reflog main --grep-reflog=branch: Created from *. [5ms]
2024-08-13 19:32:21.870 [info] > git symbolic-ref --short refs/remotes/origin/HEAD [48ms]
2024-08-13 19:32:21.870 [info] fatal: ref refs/remotes/origin/HEAD is not a symbolic ref
2024-08-13 19:32:21.880 [info] > git merge-base refs/heads/main refs/remotes/origin/main [3ms]
2024-08-13 19:32:21.887 [info] > git for-each-ref --format=%(refname)%00%(upstream:short)%00%(objectname)%00%(upstream:track)%00%(upstream:remotename)%00%(upstream:remoteref) refs/heads/main refs/remotes/main [19ms]
2024-08-13 19:32:21.891 [info] > git rev-list --count --left-right refs/heads/main...refs/remotes/origin/main [5ms]
2024-08-13 19:32:21.906 [info] > git diff --name-status -z --diff-filter=ADMR 63fb6626a76544c891682cb11b1b3390c893de4d...refs/remotes/origin/main [9ms]
2024-08-13 19:32:21.907 [info] > git status -z -uall [2ms]
2024-08-13 19:32:21.920 [info] > git for-each-ref --format=%(refname)%00%(upstream:short)%00%(objectname)%00%(upstream:track)%00%(upstream:remotename)%00%(upstream:remoteref) refs/heads/main refs/remotes/main [6ms]
2024-08-13 19:32:21.930 [info] > git config --local branch.main.vscode-merge-base [3ms]
2024-08-13 19:32:21.930 [warning] [Git][config] git config failed: Failed to execute git
2024-08-13 19:32:21.939 [info] > git reflog main --grep-reflog=branch: Created from *. [3ms]
2024-08-13 19:32:21.946 [info] > git symbolic-ref --short refs/remotes/origin/HEAD [2ms]
2024-08-13 19:32:21.946 [info] fatal: ref refs/remotes/origin/HEAD is not a symbolic ref
2024-08-13 19:32:22.271 [info] > git check-ignore -v -z --stdin [2ms]
2024-08-13 19:32:23.609 [info] > git check-ignore -v -z --stdin [2ms]
2024-08-13 19:32:25.621 [info] > git check-ignore -v -z --stdin [2ms]
2024-08-13 19:32:26.736 [info] > git check-ignore -v -z --stdin [2ms]
2024-08-13 19:32:30.513 [info] > git check-ignore -v -z --stdin [2ms]
2024-08-13 19:32:31.367 [info] > git show --textconv :flash-smart/src/app/page.js [5ms]
2024-08-13 19:32:31.369 [info] > git ls-files --stage -- /home/apu/Programming/Flashcards/flash-smart/src/app/page.js [3ms]
2024-08-13 19:32:31.375 [info] > git cat-file -s 1cb19f39490c5f144d3ab0fc9ecd63a1121ef0de [2ms]
2024-08-13 19:33:13.453 [info] > git config --get commit.template [5ms]
2024-08-13 19:33:13.453 [info] > git for-each-ref --format=%(refname)%00%(upstream:short)%00%(objectname)%00%(upstream:track)%00%(upstream:remotename)%00%(upstream:remoteref) refs/heads/main refs/remotes/main [1ms]
2024-08-13 19:33:13.463 [info] > git status -z -uall [3ms]
2024-08-13 19:33:13.472 [info] > git for-each-ref --format=%(refname)%00%(upstream:short)%00%(objectname)%00%(upstream:track)%00%(upstream:remotename)%00%(upstream:remoteref) refs/heads/main refs/remotes/main [3ms]
2024-08-13 19:33:13.479 [info] > git config --local branch.main.vscode-merge-base [1ms]
2024-08-13 19:33:13.479 [warning] [Git][config] git config failed: Failed to execute git
2024-08-13 19:33:13.487 [info] > git reflog main --grep-reflog=branch: Created from *. [3ms]
2024-08-13 19:33:13.494 [info] > git symbolic-ref --short refs/remotes/origin/HEAD [2ms]
2024-08-13 19:33:13.494 [info] fatal: ref refs/remotes/origin/HEAD is not a symbolic ref
2024-08-13 19:33:16.500 [info] > git show --textconv :flash-smart/src/app/layout.js [11ms]
2024-08-13 19:33:16.502 [info] > git ls-files --stage -- /home/apu/Programming/Flashcards/flash-smart/src/app/layout.js [4ms]
2024-08-13 19:33:16.513 [info] > git cat-file -s 9aef1df7d6c3d50515ab62f578c5cc963a1243a7 [3ms]
2024-08-13 19:33:18.816 [info] > git show --textconv :flash-smart/src/app/globals.css [6ms]
2024-08-13 19:33:18.818 [info] > git ls-files --stage -- /home/apu/Programming/Flashcards/flash-smart/src/app/globals.css [3ms]
2024-08-13 19:33:18.822 [info] > git cat-file -s f4bd77c0ccacd185f097e1fe5a2975992fb989a1 [1ms]
2024-08-13 19:33:21.967 [info] > git show --textconv :flash-smart/src/app/layout.js [12ms]
2024-08-13 19:33:21.969 [info] > git ls-files --stage -- /home/apu/Programming/Flashcards/flash-smart/src/app/layout.js [4ms]
2024-08-13 19:33:21.981 [info] > git cat-file -s 9aef1df7d6c3d50515ab62f578c5cc963a1243a7 [4ms]
2024-08-13 19:34:00.177 [info] > git check-ignore -v -z --stdin [1ms]
2024-08-13 19:35:27.428 [info] > git config --get commit.template [14ms]
2024-08-13 19:35:27.430 [info] > git for-each-ref --format=%(refname)%00%(upstream:short)%00%(objectname)%00%(upstream:track)%00%(upstream:remotename)%00%(upstream:remoteref) refs/heads/ali refs/remotes/ali [3ms]
2024-08-13 19:35:27.443 [info] > git status -z -uall [5ms]
2024-08-13 19:35:27.455 [info] > git for-each-ref --format=%(refname)%00%(upstream:short)%00%(objectname)%00%(upstream:track)%00%(upstream:remotename)%00%(upstream:remoteref) refs/heads/ali refs/remotes/ali [4ms]
2024-08-13 19:35:27.464 [info] > git config --local branch.ali.vscode-merge-base [2ms]
2024-08-13 19:35:27.464 [warning] [Git][config] git config failed: Failed to execute git
2024-08-13 19:35:27.473 [info] > git reflog ali --grep-reflog=branch: Created from *. [3ms]
2024-08-13 19:35:27.484 [info] > git reflog HEAD --grep-reflog=checkout: moving from .* to ali [3ms]
2024-08-13 19:35:27.494 [info] > git for-each-ref --format=%(refname)%00%(upstream:short)%00%(objectname)%00%(upstream:track)%00%(upstream:remotename)%00%(upstream:remoteref) refs/heads/development refs/remotes/development [2ms]
2024-08-13 19:35:27.502 [info] > git symbolic-ref --short refs/remotes/origin/HEAD [2ms]
2024-08-13 19:35:27.502 [info] fatal: ref refs/remotes/origin/HEAD is not a symbolic ref
2024-08-13 19:35:27.512 [info] > git ls-files --stage -- /home/apu/Programming/Flashcards/flash-smart/src/app/layout.js [1ms]
2024-08-13 19:35:27.517 [info] > git cat-file -s 9aef1df7d6c3d50515ab62f578c5cc963a1243a7 [1ms]
2024-08-13 19:35:27.531 [info] > git show --textconv :flash-smart/src/app/layout.js [2ms]
2024-08-13 19:36:01.256 [info] > git config --get commit.template [14ms]
2024-08-13 19:36:01.258 [info] > git for-each-ref --format=%(refname)%00%(upstream:short)%00%(objectname)%00%(upstream:track)%00%(upstream:remotename)%00%(upstream:remoteref) refs/heads/ali refs/remotes/ali [3ms]
2024-08-13 19:36:01.275 [info] > git status -z -uall [5ms]
2024-08-13 19:36:01.290 [info] > git for-each-ref --format=%(refname)%00%(upstream:short)%00%(objectname)%00%(upstream:track)%00%(upstream:remotename)%00%(upstream:remoteref) refs/heads/ali refs/remotes/ali [3ms]
2024-08-13 19:36:01.304 [info] > git config --local branch.ali.vscode-merge-base [3ms]
2024-08-13 19:36:01.304 [warning] [Git][config] git config failed: Failed to execute git
2024-08-13 19:36:01.316 [info] > git reflog ali --grep-reflog=branch: Created from *. [3ms]
2024-08-13 19:36:01.325 [info] > git reflog HEAD --grep-reflog=checkout: moving from .* to ali [2ms]
2024-08-13 19:36:01.334 [info] > git for-each-ref --format=%(refname)%00%(upstream:short)%00%(objectname)%00%(upstream:track)%00%(upstream:remotename)%00%(upstream:remoteref) refs/heads/development refs/remotes/development [2ms]
2024-08-13 19:36:01.342 [info] > git symbolic-ref --short refs/remotes/origin/HEAD [2ms]
2024-08-13 19:36:01.342 [info] fatal: ref refs/remotes/origin/HEAD is not a symbolic ref
2024-08-13 19:36:06.306 [info] > git config --get commit.template [2ms]
2024-08-13 19:36:06.318 [info] > git for-each-ref --format=%(refname)%00%(upstream:short)%00%(objectname)%00%(upstream:track)%00%(upstream:remotename)%00%(upstream:remoteref) refs/heads/ali refs/remotes/ali [2ms]
2024-08-13 19:36:06.335 [info] > git status -z -uall [5ms]
2024-08-13 19:36:06.348 [info] > git for-each-ref --format=%(refname)%00%(upstream:short)%00%(objectname)%00%(upstream:track)%00%(upstream:remotename)%00%(upstream:remoteref) refs/heads/ali refs/remotes/ali [3ms]
2024-08-13 19:36:06.364 [info] > git config --local branch.ali.vscode-merge-base [4ms]
2024-08-13 19:36:06.364 [warning] [Git][config] git config failed: Failed to execute git
2024-08-13 19:36:06.379 [info] > git reflog ali --grep-reflog=branch: Created from *. [4ms]
2024-08-13 19:36:06.391 [info] > git reflog HEAD --grep-reflog=checkout: moving from .* to ali [4ms]
2024-08-13 19:36:06.404 [info] > git for-each-ref --format=%(refname)%00%(upstream:short)%00%(objectname)%00%(upstream:track)%00%(upstream:remotename)%00%(upstream:remoteref) refs/heads/development refs/remotes/development [2ms]
2024-08-13 19:36:06.418 [info] > git symbolic-ref --short refs/remotes/origin/HEAD [2ms]
2024-08-13 19:36:06.418 [info] fatal: ref refs/remotes/origin/HEAD is not a symbolic ref
2024-08-13 19:36:07.341 [info] > git show --textconv :flash-smart/middleware.js [13ms]
2024-08-13 19:36:07.343 [info] > git ls-files --stage -- /home/apu/Programming/Flashcards/flash-smart/middleware.js [4ms]
2024-08-13 19:36:07.354 [info] > git cat-file -s 813dd08f480b54dfd2af5813e52d701d083dd10b [3ms]
2024-08-13 19:36:10.102 [info] > git show --textconv :flash-smart/jsconfig.json [6ms]
2024-08-13 19:36:10.102 [info] > git ls-files --stage -- /home/apu/Programming/Flashcards/flash-smart/jsconfig.json [1ms]
2024-08-13 19:36:10.108 [info] > git cat-file -s b8d6842d7fad0a64e5ffa846e104342233782852 [2ms]
2024-08-13 19:36:11.802 [info] > git show --textconv :flash-smart/firebase.js [9ms]
2024-08-13 19:36:11.805 [info] > git ls-files --stage -- /home/apu/Programming/Flashcards/flash-smart/firebase.js [5ms]
2024-08-13 19:36:11.818 [info] > git cat-file -s 1fae02f5fa16ba96793b7a754cc07d331cad5ed9 [3ms]
2024-08-13 19:36:14.398 [info] > git show --textconv :flash-smart/package-lock.json [1ms]
2024-08-13 19:36:14.417 [info] > git ls-files --stage -- /home/apu/Programming/Flashcards/flash-smart/package-lock.json [4ms]
2024-08-13 19:36:14.425 [info] > git cat-file -s 85f7dd43f22862d0c7853141ad9363b874a4b980 [2ms]
2024-08-13 19:36:19.901 [info] > git check-ignore -v -z --stdin [1ms]
2024-08-13 19:36:22.510 [info] > git show --textconv :flash-smart/src/app/page.js [12ms]
2024-08-13 19:36:22.512 [info] > git ls-files --stage -- /home/apu/Programming/Flashcards/flash-smart/src/app/page.js [4ms]
2024-08-13 19:36:22.528 [info] > git cat-file -s 1cb19f39490c5f144d3ab0fc9ecd63a1121ef0de [6ms]
2024-08-13 19:36:26.506 [info] > git show --textconv :flash-smart/src/app/layout.js [11ms]
2024-08-13 19:36:26.511 [info] > git ls-files --stage -- /home/apu/Programming/Flashcards/flash-smart/src/app/layout.js [6ms]
2024-08-13 19:36:26.524 [info] > git cat-file -s 9aef1df7d6c3d50515ab62f578c5cc963a1243a7 [4ms]
2024-08-13 19:37:04.228 [info] > git show --textconv :flash-smart/src/app/page.js [14ms]
2024-08-13 19:37:04.230 [info] > git ls-files --stage -- /home/apu/Programming/Flashcards/flash-smart/src/app/page.js [3ms]
2024-08-13 19:37:04.248 [info] > git cat-file -s 1cb19f39490c5f144d3ab0fc9ecd63a1121ef0de [5ms]
2024-08-13 19:37:28.261 [info] > git config --get commit.template [3ms]
2024-08-13 19:37:28.274 [info] > git for-each-ref --format=%(refname)%00%(upstream:short)%00%(objectname)%00%(upstream:track)%00%(upstream:remotename)%00%(upstream:remoteref) refs/heads/ali refs/remotes/ali [3ms]
2024-08-13 19:37:28.290 [info] > git status -z -uall [4ms]
2024-08-13 19:37:28.301 [info] > git for-each-ref --format=%(refname)%00%(upstream:short)%00%(objectname)%00%(upstream:track)%00%(upstream:remotename)%00%(upstream:remoteref) refs/heads/ali refs/remotes/ali [2ms]
2024-08-13 19:37:28.309 [info] > git config --local branch.ali.vscode-merge-base [2ms]
2024-08-13 19:37:28.309 [warning] [Git][config] git config failed: Failed to execute git
2024-08-13 19:37:28.316 [info] > git reflog ali --grep-reflog=branch: Created from *. [1ms]
2024-08-13 19:37:28.320 [info] > git reflog HEAD --grep-reflog=checkout: moving from .* to ali [1ms]
2024-08-13 19:37:28.325 [info] > git for-each-ref --format=%(refname)%00%(upstream:short)%00%(objectname)%00%(upstream:track)%00%(upstream:remotename)%00%(upstream:remoteref) refs/heads/development refs/remotes/development [1ms]
2024-08-13 19:37:28.331 [info] > git symbolic-ref --short refs/remotes/origin/HEAD [2ms]
2024-08-13 19:37:28.331 [info] fatal: ref refs/remotes/origin/HEAD is not a symbolic ref
2024-08-13 19:37:39.701 [info] > git show --textconv :flash-smart/src/app/layout.js [13ms]
2024-08-13 19:37:39.704 [info] > git ls-files --stage -- /home/apu/Programming/Flashcards/flash-smart/src/app/layout.js [7ms]
2024-08-13 19:37:39.716 [info] > git cat-file -s 9aef1df7d6c3d50515ab62f578c5cc963a1243a7 [2ms]
2024-08-13 19:40:19.588 [info] > git config --get commit.template [15ms]
2024-08-13 19:40:19.591 [info] > git for-each-ref --format=%(refname)%00%(upstream:short)%00%(objectname)%00%(upstream:track)%00%(upstream:remotename)%00%(upstream:remoteref) refs/heads/ali refs/remotes/ali [4ms]
2024-08-13 19:40:19.611 [info] > git status -z -uall [8ms]
2024-08-13 19:40:19.627 [info] > git for-each-ref --format=%(refname)%00%(upstream:short)%00%(objectname)%00%(upstream:track)%00%(upstream:remotename)%00%(upstream:remoteref) refs/heads/ali refs/remotes/ali [5ms]
2024-08-13 19:40:19.647 [info] > git config --local branch.ali.vscode-merge-base [5ms]
2024-08-13 19:40:19.647 [warning] [Git][config] git config failed: Failed to execute git
2024-08-13 19:40:19.661 [info] > git reflog ali --grep-reflog=branch: Created from *. [2ms]
2024-08-13 19:40:19.676 [info] > git reflog HEAD --grep-reflog=checkout: moving from .* to ali [4ms]
2024-08-13 19:40:19.690 [info] > git for-each-ref --format=%(refname)%00%(upstream:short)%00%(objectname)%00%(upstream:track)%00%(upstream:remotename)%00%(upstream:remoteref) refs/heads/development refs/remotes/development [4ms]
2024-08-13 19:40:19.705 [info] > git symbolic-ref --short refs/remotes/origin/HEAD [3ms]
2024-08-13 19:40:19.705 [info] fatal: ref refs/remotes/origin/HEAD is not a symbolic ref
2024-08-13 19:40:23.897 [info] > git show --textconv :flash-smart/jsconfig.json [10ms]
2024-08-13 19:40:23.898 [info] > git ls-files --stage -- /home/apu/Programming/Flashcards/flash-smart/jsconfig.json [2ms]
2024-08-13 19:40:23.909 [info] > git cat-file -s b8d6842d7fad0a64e5ffa846e104342233782852 [3ms]
