2024-07-27 04:22:03.045 [info] Log level: Info
2024-07-27 04:22:03.045 [info] Validating found git in: "git"
2024-07-27 04:22:03.045 [info] Using git "2.45.2" from "git"
2024-07-27 04:22:03.045 [info] > git rev-parse --show-toplevel [9ms]
2024-07-27 04:22:03.045 [info] > git rev-parse --git-dir --git-common-dir [6ms]
2024-07-27 04:22:03.045 [info] Open repository: /home/apu/Programming/Portfolio
2024-07-27 04:22:03.092 [info] > git config --get commit.template [26ms]
2024-07-27 04:22:03.093 [info] > git rev-parse --show-toplevel [38ms]
2024-07-27 04:22:03.115 [info] > git rev-parse --show-toplevel [12ms]
2024-07-27 04:22:03.122 [info] > git for-each-ref --format=%(refname)%00%(upstream:short)%00%(objectname)%00%(upstream:track)%00%(upstream:remotename)%00%(upstream:remoteref) refs/heads/main refs/remotes/main [12ms]
2024-07-27 04:22:03.138 [info] > git status -z -uall [5ms]
2024-07-27 04:22:03.176 [info] > git for-each-ref --format=%(refname)%00%(upstream:short)%00%(objectname)%00%(upstream:track)%00%(upstream:remotename)%00%(upstream:remoteref) refs/heads/main refs/remotes/main [21ms]
2024-07-27 04:22:03.182 [info] > git config --local branch.main.vscode-merge-base [1ms]
2024-07-27 04:22:03.190 [info] > git config --get commit.template [20ms]
2024-07-27 04:22:03.194 [info] > git for-each-ref --format=%(refname)%00%(upstream:short)%00%(objectname)%00%(upstream:track)%00%(upstream:remotename)%00%(upstream:remoteref) refs/heads/origin/main refs/remotes/origin/main [5ms]
2024-07-27 04:22:03.208 [info] > git merge-base refs/heads/main refs/remotes/origin/main [9ms]
2024-07-27 04:22:03.219 [info] > git for-each-ref --format=%(refname)%00%(upstream:short)%00%(objectname)%00%(upstream:track)%00%(upstream:remotename)%00%(upstream:remoteref) refs/heads/main refs/remotes/main [12ms]
2024-07-27 04:22:03.243 [info] > git rev-list --count --left-right refs/heads/main...refs/remotes/origin/main [26ms]
2024-07-27 04:22:03.274 [info] > git diff --name-status -z --diff-filter=ADMR 1c265ca8a3cf37a6b1ccd5999f3d78f6e20022da...refs/remotes/origin/main [22ms]
2024-07-27 04:22:03.293 [info] > git status -z -uall [10ms]
2024-07-27 04:22:03.310 [info] > git for-each-ref --format=%(refname)%00%(upstream:short)%00%(objectname)%00%(upstream:track)%00%(upstream:remotename)%00%(upstream:remoteref) refs/heads/main refs/remotes/main [10ms]
2024-07-27 04:22:03.319 [info] > git config --local branch.main.vscode-merge-base [1ms]
2024-07-27 04:22:03.328 [info] > git for-each-ref --format=%(refname)%00%(upstream:short)%00%(objectname)%00%(upstream:track)%00%(upstream:remotename)%00%(upstream:remoteref) refs/heads/origin/main refs/remotes/origin/main [2ms]
2024-07-27 04:22:03.493 [info] > git show --textconv :vite-portfolio/src/sections/Home.jsx [6ms]
2024-07-27 04:22:03.494 [info] > git ls-files --stage -- /home/apu/Programming/Portfolio/vite-portfolio/src/sections/Home.jsx [1ms]
2024-07-27 04:22:03.500 [info] > git cat-file -s 5a7ee91be10ec9de415c05e36edb9d3285693207 [1ms]
2024-07-27 04:22:03.596 [info] > git check-ignore -v -z --stdin [2ms]
2024-07-27 04:22:34.771 [info] Log level: Info
2024-07-27 04:22:34.772 [info] Validating found git in: "git"
2024-07-27 04:22:34.772 [info] Using git "2.45.2" from "git"
2024-07-27 04:22:34.772 [info] > git rev-parse --show-toplevel [5ms]
2024-07-27 04:22:34.779 [info] > git rev-parse --git-dir --git-common-dir [2ms]
2024-07-27 04:22:34.795 [info] Open repository: /home/apu/Programming/Variable
2024-07-27 04:22:34.809 [info] > git rev-parse --show-toplevel [3ms]
2024-07-27 04:22:34.810 [info] > git config --get commit.template [7ms]
2024-07-27 04:22:34.826 [info] > git for-each-ref --format=%(refname)%00%(upstream:short)%00%(objectname)%00%(upstream:track)%00%(upstream:remotename)%00%(upstream:remoteref) refs/heads/ali refs/remotes/ali [2ms]
2024-07-27 04:22:34.833 [info] > git status -z -uall [3ms]
2024-07-27 04:22:34.850 [info] > git for-each-ref --format=%(refname)%00%(upstream:short)%00%(objectname)%00%(upstream:track)%00%(upstream:remotename)%00%(upstream:remoteref) refs/heads/ali refs/remotes/ali [11ms]
2024-07-27 04:22:34.858 [info] > git config --local branch.ali.vscode-merge-base [3ms]
2024-07-27 04:22:34.859 [warning] git config failed: Failed to execute git
2024-07-27 04:22:34.865 [info] > git config --get commit.template [15ms]
2024-07-27 04:22:34.891 [info] > git reflog ali --grep-reflog=branch: Created from *. [27ms]
2024-07-27 04:22:34.923 [info] > git reflog HEAD --grep-reflog=checkout: moving from .* to ali [25ms]
2024-07-27 04:22:34.929 [info] > git for-each-ref --format=%(refname)%00%(upstream:short)%00%(objectname)%00%(upstream:track)%00%(upstream:remotename)%00%(upstream:remoteref) refs/heads/ali refs/remotes/ali [43ms]
2024-07-27 04:22:34.937 [info] > git for-each-ref --format=%(refname)%00%(upstream:short)%00%(objectname)%00%(upstream:track)%00%(upstream:remotename)%00%(upstream:remoteref) refs/heads/development refs/remotes/development [8ms]
2024-07-27 04:22:34.946 [info] > git status -z -uall [11ms]
2024-07-27 04:22:34.958 [info] > git for-each-ref --format=%(refname)%00%(upstream:short)%00%(objectname)%00%(upstream:track)%00%(upstream:remotename)%00%(upstream:remoteref) refs/heads/ali refs/remotes/ali [5ms]
2024-07-27 04:22:34.963 [info] > git symbolic-ref --short refs/remotes/origin/HEAD [20ms]
2024-07-27 04:22:34.972 [info] > git config --local branch.ali.vscode-merge-base [9ms]
2024-07-27 04:22:34.972 [warning] git config failed: Failed to execute git
2024-07-27 04:22:34.980 [info] > git for-each-ref --format=%(refname)%00%(upstream:short)%00%(objectname)%00%(upstream:track)%00%(upstream:remotename)%00%(upstream:remoteref) refs/heads/origin/main refs/remotes/origin/main [11ms]
2024-07-27 04:22:34.990 [info] > git reflog ali --grep-reflog=branch: Created from *. [11ms]
2024-07-27 04:22:34.999 [info] > git config --local branch.ali.vscode-merge-base origin/main [11ms]
2024-07-27 04:22:35.010 [info] > git reflog HEAD --grep-reflog=checkout: moving from .* to ali [13ms]
2024-07-27 04:22:35.021 [info] > git config --get commit.template [12ms]
2024-07-27 04:22:35.029 [info] > git for-each-ref --format=%(refname)%00%(upstream:short)%00%(objectname)%00%(upstream:track)%00%(upstream:remotename)%00%(upstream:remoteref) refs/heads/development refs/remotes/development [10ms]
2024-07-27 04:22:35.039 [info] > git for-each-ref --format=%(refname)%00%(upstream:short)%00%(objectname)%00%(upstream:track)%00%(upstream:remotename)%00%(upstream:remoteref) refs/heads/ali refs/remotes/ali [11ms]
2024-07-27 04:22:35.054 [info] > git status -z -uall [7ms]
2024-07-27 04:22:35.070 [info] > git symbolic-ref --short refs/remotes/origin/HEAD [32ms]
2024-07-27 04:22:35.078 [info] > git for-each-ref --format=%(refname)%00%(upstream:short)%00%(objectname)%00%(upstream:track)%00%(upstream:remotename)%00%(upstream:remoteref) refs/heads/ali refs/remotes/ali [12ms]
2024-07-27 04:22:35.090 [info] > git config --local branch.ali.vscode-merge-base [4ms]
2024-07-27 04:22:35.097 [info] > git for-each-ref --format=%(refname)%00%(upstream:short)%00%(objectname)%00%(upstream:track)%00%(upstream:remotename)%00%(upstream:remoteref) refs/heads/origin/main refs/remotes/origin/main [19ms]
2024-07-27 04:22:35.105 [info] > git for-each-ref --format=%(refname)%00%(upstream:short)%00%(objectname)%00%(upstream:track)%00%(upstream:remotename)%00%(upstream:remoteref) refs/heads/origin/main refs/remotes/origin/main [9ms]
2024-07-27 04:22:35.107 [info] > git config --local branch.ali.vscode-merge-base origin/main [3ms]
2024-07-27 04:22:35.119 [info] > git config --get commit.template [7ms]
2024-07-27 04:22:35.120 [info] > git for-each-ref --format=%(refname)%00%(upstream:short)%00%(objectname)%00%(upstream:track)%00%(upstream:remotename)%00%(upstream:remoteref) refs/heads/ali refs/remotes/ali [2ms]
2024-07-27 04:22:35.129 [info] > git status -z -uall [3ms]
2024-07-27 04:22:35.139 [info] > git for-each-ref --format=%(refname)%00%(upstream:short)%00%(objectname)%00%(upstream:track)%00%(upstream:remotename)%00%(upstream:remoteref) refs/heads/ali refs/remotes/ali [2ms]
2024-07-27 04:22:35.147 [info] > git config --local branch.ali.vscode-merge-base [2ms]
2024-07-27 04:22:35.156 [info] > git for-each-ref --format=%(refname)%00%(upstream:short)%00%(objectname)%00%(upstream:track)%00%(upstream:remotename)%00%(upstream:remoteref) refs/heads/origin/main refs/remotes/origin/main [1ms]
2024-07-27 04:22:35.322 [info] > git check-ignore -v -z --stdin [2ms]
2024-07-27 04:22:36.251 [info] > git config --get commit.template [6ms]
2024-07-27 04:22:36.253 [info] > git for-each-ref --format=%(refname)%00%(upstream:short)%00%(objectname)%00%(upstream:track)%00%(upstream:remotename)%00%(upstream:remoteref) refs/heads/ali refs/remotes/ali [2ms]
2024-07-27 04:22:36.260 [info] > git status -z -uall [3ms]
2024-07-27 04:22:36.268 [info] > git for-each-ref --format=%(refname)%00%(upstream:short)%00%(objectname)%00%(upstream:track)%00%(upstream:remotename)%00%(upstream:remoteref) refs/heads/ali refs/remotes/ali [2ms]
2024-07-27 04:22:36.276 [info] > git config --local branch.ali.vscode-merge-base [2ms]
2024-07-27 04:22:36.285 [info] > git for-each-ref --format=%(refname)%00%(upstream:short)%00%(objectname)%00%(upstream:track)%00%(upstream:remotename)%00%(upstream:remoteref) refs/heads/origin/main refs/remotes/origin/main [2ms]
2024-07-27 04:22:38.360 [info] > git check-ignore -v -z --stdin [2ms]
2024-07-27 04:22:40.828 [info] > git check-ignore -v -z --stdin [2ms]
2024-07-27 04:22:44.045 [info] > git check-ignore -v -z --stdin [3ms]
2024-07-27 04:22:44.987 [info] > git show --textconv :LoanPayments/src/components/Table.jsx [9ms]
2024-07-27 04:22:44.990 [info] > git ls-files --stage -- /home/apu/Programming/Variable/LoanPayments/src/components/Table.jsx [4ms]
