2024-07-24 16:47:09.258 [info] Log level: Info
2024-07-24 16:47:09.258 [info] Validating found git in: "git"
2024-07-24 16:47:09.258 [info] Using git "2.45.2" from "git"
2024-07-24 16:47:31.511 [info] Log level: Info
2024-07-24 16:47:31.511 [info] Validating found git in: "git"
2024-07-24 16:47:31.511 [info] Using git "2.45.2" from "git"
2024-07-24 16:47:31.511 [info] > git rev-parse --show-toplevel [11ms]
2024-07-24 16:47:31.520 [info] > git rev-parse --git-dir --git-common-dir [2ms]
2024-07-24 16:47:31.537 [info] Open repository: /home/apu/Programming/Portfolio
2024-07-24 16:47:31.553 [info] > git rev-parse --show-toplevel [3ms]
2024-07-24 16:47:31.555 [info] > git config --get commit.template [9ms]
2024-07-24 16:47:31.584 [info] > git for-each-ref --format=%(refname)%00%(upstream:short)%00%(objectname)%00%(upstream:track)%00%(upstream:remotename)%00%(upstream:remoteref) refs/heads/main refs/remotes/main [15ms]
2024-07-24 16:47:31.598 [info] > git status -z -uall [3ms]
2024-07-24 16:47:31.624 [info] > git for-each-ref --format=%(refname)%00%(upstream:short)%00%(objectname)%00%(upstream:track)%00%(upstream:remotename)%00%(upstream:remoteref) refs/heads/main refs/remotes/main [19ms]
2024-07-24 16:47:31.674 [info] > git config --local branch.main.vscode-merge-base [42ms]
2024-07-24 16:47:31.674 [warning] git config failed: Failed to execute git
2024-07-24 16:47:31.688 [info] > git reflog main --grep-reflog=branch: Created from *. [6ms]
2024-07-24 16:47:31.696 [info] > git config --get commit.template [25ms]
2024-07-24 16:47:31.761 [info] > git symbolic-ref --short refs/remotes/origin/HEAD [65ms]
2024-07-24 16:47:31.769 [info] > git for-each-ref --format=%(refname)%00%(upstream:short)%00%(objectname)%00%(upstream:track)%00%(upstream:remotename)%00%(upstream:remoteref) refs/heads/origin/main refs/remotes/origin/main [3ms]
2024-07-24 16:47:31.776 [info] > git for-each-ref --format=%(refname)%00%(upstream:short)%00%(objectname)%00%(upstream:track)%00%(upstream:remotename)%00%(upstream:remoteref) refs/heads/main refs/remotes/main [15ms]
2024-07-24 16:47:31.778 [info] > git config --local branch.main.vscode-merge-base origin/main [3ms]
2024-07-24 16:47:31.787 [info] > git config --get commit.template [3ms]
2024-07-24 16:47:31.795 [info] > git for-each-ref --format=%(refname)%00%(upstream:short)%00%(objectname)%00%(upstream:track)%00%(upstream:remotename)%00%(upstream:remoteref) refs/heads/main refs/remotes/main [2ms]
2024-07-24 16:47:31.805 [info] > git status -z -uall [3ms]
2024-07-24 16:47:31.827 [info] > git for-each-ref --format=%(refname)%00%(upstream:short)%00%(objectname)%00%(upstream:track)%00%(upstream:remotename)%00%(upstream:remoteref) refs/heads/main refs/remotes/main [14ms]
2024-07-24 16:47:31.836 [info] > git config --local branch.main.vscode-merge-base [2ms]
2024-07-24 16:47:31.842 [info] > git merge-base refs/heads/main refs/remotes/origin/main [16ms]
2024-07-24 16:47:31.850 [info] > git for-each-ref --format=%(refname)%00%(upstream:short)%00%(objectname)%00%(upstream:track)%00%(upstream:remotename)%00%(upstream:remoteref) refs/heads/origin/main refs/remotes/origin/main [8ms]
2024-07-24 16:47:31.853 [info] > git rev-list --count --left-right refs/heads/main...refs/remotes/origin/main [3ms]
2024-07-24 16:47:31.867 [info] > git diff --name-status -z --diff-filter=ADMR fce020251ac539cf6061d54d789fa4f42a844b48...refs/remotes/origin/main [4ms]
2024-07-24 16:47:32.071 [info] > git check-ignore -v -z --stdin [2ms]
2024-07-24 16:47:32.882 [info] > git config --get commit.template [7ms]
2024-07-24 16:47:32.884 [info] > git for-each-ref --format=%(refname)%00%(upstream:short)%00%(objectname)%00%(upstream:track)%00%(upstream:remotename)%00%(upstream:remoteref) refs/heads/main refs/remotes/main [3ms]
2024-07-24 16:47:32.893 [info] > git status -z -uall [2ms]
2024-07-24 16:47:32.904 [info] > git for-each-ref --format=%(refname)%00%(upstream:short)%00%(objectname)%00%(upstream:track)%00%(upstream:remotename)%00%(upstream:remoteref) refs/heads/main refs/remotes/main [3ms]
2024-07-24 16:47:32.914 [info] > git config --local branch.main.vscode-merge-base [2ms]
2024-07-24 16:47:32.928 [info] > git for-each-ref --format=%(refname)%00%(upstream:short)%00%(objectname)%00%(upstream:track)%00%(upstream:remotename)%00%(upstream:remoteref) refs/heads/origin/main refs/remotes/origin/main [3ms]
2024-07-24 16:47:34.439 [info] > git check-ignore -v -z --stdin [3ms]
2024-07-24 16:51:49.702 [info] > git check-ignore -v -z --stdin [2ms]
2024-07-24 16:52:14.331 [info] > git check-ignore -v -z --stdin [2ms]
2024-07-24 16:52:18.063 [info] > git check-ignore -v -z --stdin [2ms]
2024-07-24 16:52:26.677 [info] > git show --textconv :vite-portfolio/src/sections/Home.jsx [6ms]
2024-07-24 16:52:26.680 [info] > git ls-files --stage -- /home/apu/Programming/Portfolio/vite-portfolio/src/sections/Home.jsx [3ms]
2024-07-24 16:52:26.687 [info] > git cat-file -s 3c71fcd157ed131f7e8e7e3e48ac8f04779a2148 [1ms]
2024-07-24 16:55:41.299 [info] > git config --get commit.template [8ms]
2024-07-24 16:55:41.300 [info] > git for-each-ref --format=%(refname)%00%(upstream:short)%00%(objectname)%00%(upstream:track)%00%(upstream:remotename)%00%(upstream:remoteref) refs/heads/main refs/remotes/main [3ms]
2024-07-24 16:55:41.307 [info] > git status -z -uall [3ms]
2024-07-24 16:55:41.317 [info] > git for-each-ref --format=%(refname)%00%(upstream:short)%00%(objectname)%00%(upstream:track)%00%(upstream:remotename)%00%(upstream:remoteref) refs/heads/main refs/remotes/main [3ms]
2024-07-24 16:55:41.323 [info] > git config --local branch.main.vscode-merge-base [1ms]
2024-07-24 16:55:41.330 [info] > git for-each-ref --format=%(refname)%00%(upstream:short)%00%(objectname)%00%(upstream:track)%00%(upstream:remotename)%00%(upstream:remoteref) refs/heads/origin/main refs/remotes/origin/main [2ms]
2024-07-24 16:56:45.286 [info] > git config --get commit.template [13ms]
2024-07-24 16:56:45.288 [info] > git for-each-ref --format=%(refname)%00%(upstream:short)%00%(objectname)%00%(upstream:track)%00%(upstream:remotename)%00%(upstream:remoteref) refs/heads/main refs/remotes/main [4ms]
2024-07-24 16:56:45.304 [info] > git status -z -uall [5ms]
2024-07-24 16:56:45.320 [info] > git for-each-ref --format=%(refname)%00%(upstream:short)%00%(objectname)%00%(upstream:track)%00%(upstream:remotename)%00%(upstream:remoteref) refs/heads/main refs/remotes/main [4ms]
2024-07-24 16:56:45.333 [info] > git config --local branch.main.vscode-merge-base [2ms]
2024-07-24 16:56:45.345 [info] > git for-each-ref --format=%(refname)%00%(upstream:short)%00%(objectname)%00%(upstream:track)%00%(upstream:remotename)%00%(upstream:remoteref) refs/heads/origin/main refs/remotes/origin/main [3ms]
