2024-07-27 16:21:16.370 [info] Log level: Info
2024-07-27 16:21:16.370 [info] Validating found git in: "git"
2024-07-27 16:21:16.370 [info] Using git "2.45.2" from "git"
2024-07-27 16:21:16.370 [info] > git rev-parse --show-toplevel [4ms]
2024-07-27 16:21:16.370 [info] > git rev-parse --git-dir --git-common-dir [18ms]
2024-07-27 16:21:16.370 [info] Open repository: /home/apu/Programming/Variable
2024-07-27 16:21:16.373 [info] > git config --get commit.template [6ms]
2024-07-27 16:21:16.373 [info] > git rev-parse --show-toplevel [3ms]
2024-07-27 16:21:16.390 [info] > git rev-parse --show-toplevel [8ms]
2024-07-27 16:21:16.391 [info] > git for-each-ref --format=%(refname)%00%(upstream:short)%00%(objectname)%00%(upstream:track)%00%(upstream:remotename)%00%(upstream:remoteref) refs/heads/development refs/remotes/development [14ms]
2024-07-27 16:21:16.408 [info] > git status -z -uall [3ms]
2024-07-27 16:21:16.462 [info] > git for-each-ref --format=%(refname)%00%(upstream:short)%00%(objectname)%00%(upstream:track)%00%(upstream:remotename)%00%(upstream:remoteref) refs/heads/development refs/remotes/development [47ms]
2024-07-27 16:21:16.488 [info] > git config --local branch.development.vscode-merge-base [16ms]
2024-07-27 16:21:16.488 [warning] git config failed: Failed to execute git
2024-07-27 16:21:16.495 [info] > git config --get commit.template [49ms]
2024-07-27 16:21:16.497 [info] > git reflog development --grep-reflog=branch: Created from *. [2ms]
2024-07-27 16:21:16.513 [info] > git for-each-ref --format=%(refname)%00%(upstream:short)%00%(objectname)%00%(upstream:track)%00%(upstream:remotename)%00%(upstream:remoteref) refs/remotes/origin/development [10ms]
2024-07-27 16:21:16.534 [info] > git symbolic-ref --short refs/remotes/origin/HEAD [17ms]
2024-07-27 16:21:16.542 [info] > git for-each-ref --format=%(refname)%00%(upstream:short)%00%(objectname)%00%(upstream:track)%00%(upstream:remotename)%00%(upstream:remoteref) refs/heads/development refs/remotes/development [30ms]
2024-07-27 16:21:16.553 [info] > git for-each-ref --format=%(refname)%00%(upstream:short)%00%(objectname)%00%(upstream:track)%00%(upstream:remotename)%00%(upstream:remoteref) refs/heads/origin/main refs/remotes/origin/main [11ms]
2024-07-27 16:21:16.565 [info] > git config --local branch.development.vscode-merge-base origin/main [2ms]
2024-07-27 16:21:16.578 [info] > git config --get commit.template [5ms]
2024-07-27 16:21:16.588 [info] > git for-each-ref --format=%(refname)%00%(upstream:short)%00%(objectname)%00%(upstream:track)%00%(upstream:remotename)%00%(upstream:remoteref) refs/heads/development refs/remotes/development [2ms]
2024-07-27 16:21:16.612 [info] > git status -z -uall [4ms]
2024-07-27 16:21:16.632 [info] > git for-each-ref --format=%(refname)%00%(upstream:short)%00%(objectname)%00%(upstream:track)%00%(upstream:remotename)%00%(upstream:remoteref) refs/heads/development refs/remotes/development [8ms]
2024-07-27 16:21:16.639 [info] > git config --local branch.development.vscode-merge-base [1ms]
2024-07-27 16:21:16.649 [info] > git merge-base refs/heads/development refs/remotes/origin/development [18ms]
2024-07-27 16:21:16.658 [info] > git for-each-ref --format=%(refname)%00%(upstream:short)%00%(objectname)%00%(upstream:track)%00%(upstream:remotename)%00%(upstream:remoteref) refs/heads/origin/main refs/remotes/origin/main [9ms]
2024-07-27 16:21:16.660 [info] > git rev-list --count --left-right refs/heads/development...refs/remotes/origin/development [3ms]
2024-07-27 16:21:16.666 [info] > git diff --name-status -z --diff-filter=ADMR 2231b1afd9427a64d1a1eab2c3f86a3aafaca9c6...refs/remotes/origin/development [0ms]
2024-07-27 16:21:16.873 [info] > git check-ignore -v -z --stdin [5ms]
2024-07-27 16:21:17.015 [info] > git show --textconv :LoanPayments/src/components/Table.jsx [5ms]
2024-07-27 16:21:17.017 [info] > git ls-files --stage -- /home/apu/Programming/Variable/LoanPayments/src/components/Table.jsx [3ms]
2024-07-27 16:21:17.024 [info] > git cat-file -s 78d0680f44f63f5574c3eaf369a050011efdf192 [2ms]
2024-07-27 16:21:17.764 [info] > git config --get commit.template [6ms]
2024-07-27 16:21:17.765 [info] > git for-each-ref --format=%(refname)%00%(upstream:short)%00%(objectname)%00%(upstream:track)%00%(upstream:remotename)%00%(upstream:remoteref) refs/heads/development refs/remotes/development [2ms]
2024-07-27 16:21:17.774 [info] > git status -z -uall [3ms]
2024-07-27 16:21:17.783 [info] > git for-each-ref --format=%(refname)%00%(upstream:short)%00%(objectname)%00%(upstream:track)%00%(upstream:remotename)%00%(upstream:remoteref) refs/heads/development refs/remotes/development [2ms]
2024-07-27 16:21:17.790 [info] > git config --local branch.development.vscode-merge-base [2ms]
2024-07-27 16:21:17.797 [info] > git for-each-ref --format=%(refname)%00%(upstream:short)%00%(objectname)%00%(upstream:track)%00%(upstream:remotename)%00%(upstream:remoteref) refs/heads/origin/main refs/remotes/origin/main [2ms]
2024-07-27 16:21:17.880 [info] > git ls-files --stage -- /home/apu/Programming/Variable/LoanPayments/src/components/Table.jsx [2ms]
2024-07-27 16:21:17.886 [info] > git cat-file -s 78d0680f44f63f5574c3eaf369a050011efdf192 [2ms]
2024-07-27 16:21:17.897 [info] > git show --textconv :LoanPayments/src/components/Table.jsx [2ms]
